
Showing logs for build [32msalaboy-environment-kubecon-pre-tbhhc-1[0m stage [32mfrom-build-pack[0m and container [32mstep-credential-initializer-q2xp8[0m
{"level":"warn","ts":1582907591.9117608,"logger":"fallback-logger","caller":"logging/config.go:69","msg":"Fetch GitHub commit ID from kodata failed: \"ref: refs/heads/0.8.0-**-support-backwards-incompats\" is not a valid GitHub commit ID"}
{"level":"info","ts":1582907591.9127266,"logger":"fallback-logger","caller":"creds-init/main.go:40","msg":"Credentials initialized."}

Showing logs for build [32msalaboy-environment-kubecon-pre-tbhhc-1[0m stage [32mfrom-build-pack[0m and container [32mstep-working-dir-initializer-99cgp[0m
{"level":"warn","ts":1582907593.063818,"logger":"fallback-logger","caller":"logging/config.go:69","msg":"Fetch GitHub commit ID from kodata failed: open /var/run/ko/HEAD: no such file or directory"}
{"level":"info","ts":1582907593.065717,"logger":"fallback-logger","caller":"bash/main.go:64","msg":"Successfully executed command \"sh -c mkdir -p /workspace/source\"; output "}

Showing logs for build [32msalaboy-environment-kubecon-pre-tbhhc-1[0m stage [32mfrom-build-pack[0m and container [32mstep-place-tools[0m

Showing logs for build [32msalaboy-environment-kubecon-pre-tbhhc-1[0m stage [32mfrom-build-pack[0m and container [32mstep-git-source-salaboy-environment-kubecon-pre-tbhhc-4xsq5[0m
{"level":"warn","ts":1582907598.2158492,"logger":"fallback-logger","caller":"logging/config.go:69","msg":"Fetch GitHub commit ID from kodata failed: \"ref: refs/heads/0.8.0-**-support-backwards-incompats\" is not a valid GitHub commit ID"}
{"level":"info","ts":1582907599.364407,"logger":"fallback-logger","caller":"git/git.go:103","msg":"Successfully cloned https://github.com/*******/environment-kubecon-prep-staging.git @ master in path /workspace/source"}

Showing logs for build [32msalaboy-environment-kubecon-pre-tbhhc-1[0m stage [32mfrom-build-pack[0m and container [32mstep-git-merge[0m
Using SHAs from PULL_REFS=master:e54553039df4e79222f2764e5462fdf1ddd05bc1,39:ad5a95267b803b15e8b7308ce5e78815e329289b
DEBUG: LC_ALL=C JX_LOG_LEVEL=error git fetch origin --unshallow ad5a95267b803b15e8b7308ce5e78815e329289b: e54553039df4e79222f2764e5462fdf1ddd05bc1:
DEBUG: ran git fetch --unshallow origin ad5a95267b803b15e8b7308ce5e78815e329289b: e54553039df4e79222f2764e5462fdf1ddd05bc1: in 
DEBUG: LC_ALL=C JX_LOG_LEVEL=error git branch
DEBUG: LC_ALL=C JX_LOG_LEVEL=error git checkout master
DEBUG: ran git checkout master in 
DEBUG: JX_LOG_LEVEL=error LC_ALL=C git reset --hard e54553039df4e79222f2764e5462fdf1ddd05bc1
DEBUG: ran git reset --hard e54553039df4e79222f2764e5462fdf1ddd05bc1 in 
DEBUG: LC_ALL=C JX_LOG_LEVEL=error git clean -fd .
DEBUG: ran clean --force -d . in 
DEBUG: LC_ALL=C JX_LOG_LEVEL=error git merge ad5a95267b803b15e8b7308ce5e78815e329289b
DEBUG: ran git merge ad5a95267b803b15e8b7308ce5e78815e329289b in 
DEBUG: LC_ALL=C JX_LOG_LEVEL=error git log --format=%H%x1f%an%x1f%ae%x1f%cn%x1f%ce%x1f%s%n%b%x1e e54553039df4e79222f2764e5462fdf1ddd05bc1..HEAD
Merged SHA ad5a95267b803b15e8b7308ce5e78815e329289b with commit message 'chore: Promote fmtok8s-api-gateway to version 0.0.21' into base branch master

Showing logs for build [32msalaboy-environment-kubecon-pre-tbhhc-1[0m stage [32mfrom-build-pack[0m and container [32mstep-build-helm-build[0m
WARNING: No $CHART_REPOSITORY defined so using the default value of: http://jenkins-x-chartmuseum:8080
Adding missing Helm repo: storage.googleapis.com https://storage.googleapis.com/chartmuseum.jenkins-x.io
Successfully added Helm repository storage.googleapis.com.
Adding missing Helm repo: jenkins-x-chartmuseum http://jenkins-x-chartmuseum:8080
Successfully added Helm repository jenkins-x-chartmuseum.
WARNING: No $CHART_REPOSITORY defined so using the default value of: http://jenkins-x-chartmuseum:8080
Adding missing Helm repo: chartmuseum.jenkins-x.io http://chartmuseum.jenkins-x.io
Successfully added Helm repository chartmuseum.jenkins-x.io.
