
Showing logs for build [32msalaboy-environment-kubecon-pre-vbwlv-1[0m stage [32mfrom-build-pack[0m and container [32mstep-credential-initializer-gppnf[0m
{"level":"warn","ts":1583179694.652977,"logger":"fallback-logger","caller":"logging/config.go:69","msg":"Fetch GitHub commit ID from kodata failed: \"ref: refs/heads/0.8.0-**-support-backwards-incompats\" is not a valid GitHub commit ID"}
{"level":"info","ts":1583179694.6535196,"logger":"fallback-logger","caller":"creds-init/main.go:40","msg":"Credentials initialized."}

Showing logs for build [32msalaboy-environment-kubecon-pre-vbwlv-1[0m stage [32mfrom-build-pack[0m and container [32mstep-working-dir-initializer-pl7cv[0m
{"level":"warn","ts":1583179695.9667184,"logger":"fallback-logger","caller":"logging/config.go:69","msg":"Fetch GitHub commit ID from kodata failed: open /var/run/ko/HEAD: no such file or directory"}
{"level":"info","ts":1583179695.968205,"logger":"fallback-logger","caller":"bash/main.go:64","msg":"Successfully executed command \"sh -c mkdir -p /workspace/source\"; output "}

Showing logs for build [32msalaboy-environment-kubecon-pre-vbwlv-1[0m stage [32mfrom-build-pack[0m and container [32mstep-place-tools[0m

Showing logs for build [32msalaboy-environment-kubecon-pre-vbwlv-1[0m stage [32mfrom-build-pack[0m and container [32mstep-git-source-salaboy-environment-kubecon-pre-vbwlv-lxbl6[0m
{"level":"warn","ts":1583179723.807419,"logger":"fallback-logger","caller":"logging/config.go:69","msg":"Fetch GitHub commit ID from kodata failed: \"ref: refs/heads/0.8.0-**-support-backwards-incompats\" is not a valid GitHub commit ID"}
{"level":"info","ts":1583179725.0320117,"logger":"fallback-logger","caller":"git/git.go:103","msg":"Successfully cloned https://github.com/*******/environment-kubecon-prep-staging.git @ master in path /workspace/source"}

Showing logs for build [32msalaboy-environment-kubecon-pre-vbwlv-1[0m stage [32mfrom-build-pack[0m and container [32mstep-git-merge[0m
Using SHAs from PULL_REFS=master:35046a8ffccb84d8e6144be669cb537cc82f641a,61:75ec634924d36ddb020b1d2dc91ce367c26ae572
DEBUG: LC_ALL=C JX_LOG_LEVEL=error git fetch origin --unshallow 75ec634924d36ddb020b1d2dc91ce367c26ae572: 35046a8ffccb84d8e6144be669cb537cc82f641a:
DEBUG: ran git fetch --unshallow origin 75ec634924d36ddb020b1d2dc91ce367c26ae572: 35046a8ffccb84d8e6144be669cb537cc82f641a: in 
DEBUG: LC_ALL=C JX_LOG_LEVEL=error git branch
DEBUG: LC_ALL=C JX_LOG_LEVEL=error git checkout master
DEBUG: ran git checkout master in 
DEBUG: LC_ALL=C JX_LOG_LEVEL=error git reset --hard 35046a8ffccb84d8e6144be669cb537cc82f641a
DEBUG: ran git reset --hard 35046a8ffccb84d8e6144be669cb537cc82f641a in 
DEBUG: LC_ALL=C JX_LOG_LEVEL=error git clean -fd .
DEBUG: ran clean --force -d . in 
DEBUG: LC_ALL=C JX_LOG_LEVEL=error git merge 75ec634924d36ddb020b1d2dc91ce367c26ae572
DEBUG: ran git merge 75ec634924d36ddb020b1d2dc91ce367c26ae572 in 
DEBUG: JX_LOG_LEVEL=error LC_ALL=C git log --format=%H%x1f%an%x1f%ae%x1f%cn%x1f%ce%x1f%s%n%b%x1e 35046a8ffccb84d8e6144be669cb537cc82f641a..HEAD
Merged SHA 75ec634924d36ddb020b1d2dc91ce367c26ae572 with commit message 'chore: Promote fmtok8s-c4p to version 0.0.18' into base branch master

Showing logs for build [32msalaboy-environment-kubecon-pre-vbwlv-1[0m stage [32mfrom-build-pack[0m and container [32mstep-build-helm-build[0m
WARNING: No $CHART_REPOSITORY defined so using the default value of: http://jenkins-x-chartmuseum:8080
Adding missing Helm repo: storage.googleapis.com https://storage.googleapis.com/chartmuseum.jenkins-x.io
Successfully added Helm repository storage.googleapis.com.
Adding missing Helm repo: jenkins-x-chartmuseum http://jenkins-x-chartmuseum:8080
Successfully added Helm repository jenkins-x-chartmuseum.
WARNING: No $CHART_REPOSITORY defined so using the default value of: http://jenkins-x-chartmuseum:8080
Adding missing Helm repo: chartmuseum.jenkins-x.io http://chartmuseum.jenkins-x.io
Successfully added Helm repository chartmuseum.jenkins-x.io.
