
Showing logs for build [32msalaboy-environment-kubecon-pre-jpt6n-1[0m stage [32mfrom-build-pack[0m and container [32mstep-credential-initializer-q74jj[0m
{"level":"warn","ts":1582620657.9742758,"logger":"fallback-logger","caller":"logging/config.go:69","msg":"Fetch GitHub commit ID from kodata failed: \"ref: refs/heads/0.8.0-**-support-backwards-incompats\" is not a valid GitHub commit ID"}
{"level":"info","ts":1582620657.9751122,"logger":"fallback-logger","caller":"creds-init/main.go:40","msg":"Credentials initialized."}

Showing logs for build [32msalaboy-environment-kubecon-pre-jpt6n-1[0m stage [32mfrom-build-pack[0m and container [32mstep-working-dir-initializer-62pv4[0m
{"level":"warn","ts":1582620658.8556738,"logger":"fallback-logger","caller":"logging/config.go:69","msg":"Fetch GitHub commit ID from kodata failed: open /var/run/ko/HEAD: no such file or directory"}
{"level":"info","ts":1582620658.8580475,"logger":"fallback-logger","caller":"bash/main.go:64","msg":"Successfully executed command \"sh -c mkdir -p /workspace/source\"; output "}

Showing logs for build [32msalaboy-environment-kubecon-pre-jpt6n-1[0m stage [32mfrom-build-pack[0m and container [32mstep-place-tools[0m

Showing logs for build [32msalaboy-environment-kubecon-pre-jpt6n-1[0m stage [32mfrom-build-pack[0m and container [32mstep-git-source-salaboy-environment-kubecon-pre-jpt6n-ffmrt[0m
{"level":"warn","ts":1582620663.0396407,"logger":"fallback-logger","caller":"logging/config.go:69","msg":"Fetch GitHub commit ID from kodata failed: \"ref: refs/heads/0.8.0-**-support-backwards-incompats\" is not a valid GitHub commit ID"}
{"level":"info","ts":1582620664.4232068,"logger":"fallback-logger","caller":"git/git.go:103","msg":"Successfully cloned https://github.com/*******/environment-kubecon-prep-staging.git @ master in path /workspace/source"}

Showing logs for build [32msalaboy-environment-kubecon-pre-jpt6n-1[0m stage [32mfrom-build-pack[0m and container [32mstep-git-merge[0m
Using SHAs from PULL_REFS=master:f243763bf573c7f2c0a8838a83b1ba9f10eeba20,3:8fe0b167d8fd34130e8efdba12a1167dc294fc00
DEBUG: LC_ALL=C JX_LOG_LEVEL=error git fetch origin --unshallow 8fe0b167d8fd34130e8efdba12a1167dc294fc00: f243763bf573c7f2c0a8838a83b1ba9f10eeba20:
DEBUG: ran git fetch --unshallow origin 8fe0b167d8fd34130e8efdba12a1167dc294fc00: f243763bf573c7f2c0a8838a83b1ba9f10eeba20: in 
DEBUG: LC_ALL=C JX_LOG_LEVEL=error git branch
DEBUG: LC_ALL=C JX_LOG_LEVEL=error git checkout master
DEBUG: ran git checkout master in 
DEBUG: JX_LOG_LEVEL=error LC_ALL=C git reset --hard f243763bf573c7f2c0a8838a83b1ba9f10eeba20
DEBUG: ran git reset --hard f243763bf573c7f2c0a8838a83b1ba9f10eeba20 in 
DEBUG: LC_ALL=C JX_LOG_LEVEL=error git clean -fd .
DEBUG: ran clean --force -d . in 
DEBUG: LC_ALL=C JX_LOG_LEVEL=error git merge 8fe0b167d8fd34130e8efdba12a1167dc294fc00
DEBUG: ran git merge 8fe0b167d8fd34130e8efdba12a1167dc294fc00 in 
DEBUG: JX_LOG_LEVEL=error LC_ALL=C git log --format=%H%x1f%an%x1f%ae%x1f%cn%x1f%ce%x1f%s%n%b%x1e f243763bf573c7f2c0a8838a83b1ba9f10eeba20..HEAD
Merged SHA 8fe0b167d8fd34130e8efdba12a1167dc294fc00 with commit message 'chore: Promote fmtok8s-monolith to version 0.0.1' into base branch master

Showing logs for build [32msalaboy-environment-kubecon-pre-jpt6n-1[0m stage [32mfrom-build-pack[0m and container [32mstep-build-helm-build[0m
WARNING: No $CHART_REPOSITORY defined so using the default value of: http://jenkins-x-chartmuseum:8080
Adding missing Helm repo: storage.googleapis.com https://storage.googleapis.com/chartmuseum.jenkins-x.io
Successfully added Helm repository storage.googleapis.com.
Adding missing Helm repo: jenkins-x-chartmuseum http://jenkins-x-chartmuseum:8080
Successfully added Helm repository jenkins-x-chartmuseum.
WARNING: No $CHART_REPOSITORY defined so using the default value of: http://jenkins-x-chartmuseum:8080
Adding missing Helm repo: chartmuseum.jenkins-x.io http://chartmuseum.jenkins-x.io
Successfully added Helm repository chartmuseum.jenkins-x.io.
