
Showing logs for build [32msalaboy-environment-kubecon-pre-sz8ts-1[0m stage [32mfrom-build-pack[0m and container [32mstep-credential-initializer-vk784[0m
{"level":"warn","ts":1583157540.8779416,"logger":"fallback-logger","caller":"logging/config.go:69","msg":"Fetch GitHub commit ID from kodata failed: \"ref: refs/heads/0.8.0-**-support-backwards-incompats\" is not a valid GitHub commit ID"}
{"level":"info","ts":1583157540.8785043,"logger":"fallback-logger","caller":"creds-init/main.go:40","msg":"Credentials initialized."}

Showing logs for build [32msalaboy-environment-kubecon-pre-sz8ts-1[0m stage [32mfrom-build-pack[0m and container [32mstep-working-dir-initializer-sj4rz[0m
{"level":"warn","ts":1583157542.1080441,"logger":"fallback-logger","caller":"logging/config.go:69","msg":"Fetch GitHub commit ID from kodata failed: open /var/run/ko/HEAD: no such file or directory"}
{"level":"info","ts":1583157542.1092007,"logger":"fallback-logger","caller":"bash/main.go:64","msg":"Successfully executed command \"sh -c mkdir -p /workspace/source\"; output "}

Showing logs for build [32msalaboy-environment-kubecon-pre-sz8ts-1[0m stage [32mfrom-build-pack[0m and container [32mstep-place-tools[0m

Showing logs for build [32msalaboy-environment-kubecon-pre-sz8ts-1[0m stage [32mfrom-build-pack[0m and container [32mstep-git-source-salaboy-environment-kubecon-pre-sz8ts-cl7bq[0m
{"level":"warn","ts":1583157546.2264216,"logger":"fallback-logger","caller":"logging/config.go:69","msg":"Fetch GitHub commit ID from kodata failed: \"ref: refs/heads/0.8.0-**-support-backwards-incompats\" is not a valid GitHub commit ID"}
{"level":"info","ts":1583157547.4858837,"logger":"fallback-logger","caller":"git/git.go:103","msg":"Successfully cloned https://github.com/*******/environment-kubecon-prep-staging.git @ master in path /workspace/source"}

Showing logs for build [32msalaboy-environment-kubecon-pre-sz8ts-1[0m stage [32mfrom-build-pack[0m and container [32mstep-git-merge[0m
Using SHAs from PULL_REFS=master:d3c381423e29e5ae8444e599106efb10ffb35d67,54:a44c3dd34bfd86fec04c02a2d6b4eb6112f70604
DEBUG: LC_ALL=C JX_LOG_LEVEL=error git fetch origin --unshallow a44c3dd34bfd86fec04c02a2d6b4eb6112f70604: d3c381423e29e5ae8444e599106efb10ffb35d67:
DEBUG: ran git fetch --unshallow origin a44c3dd34bfd86fec04c02a2d6b4eb6112f70604: d3c381423e29e5ae8444e599106efb10ffb35d67: in 
DEBUG: JX_LOG_LEVEL=error LC_ALL=C git branch
DEBUG: LC_ALL=C JX_LOG_LEVEL=error git checkout master
DEBUG: ran git checkout master in 
DEBUG: JX_LOG_LEVEL=error LC_ALL=C git reset --hard d3c381423e29e5ae8444e599106efb10ffb35d67
DEBUG: ran git reset --hard d3c381423e29e5ae8444e599106efb10ffb35d67 in 
DEBUG: LC_ALL=C JX_LOG_LEVEL=error git clean -fd .
DEBUG: ran clean --force -d . in 
DEBUG: LC_ALL=C JX_LOG_LEVEL=error git merge a44c3dd34bfd86fec04c02a2d6b4eb6112f70604
DEBUG: ran git merge a44c3dd34bfd86fec04c02a2d6b4eb6112f70604 in 
DEBUG: LC_ALL=C JX_LOG_LEVEL=error git log --format=%H%x1f%an%x1f%ae%x1f%cn%x1f%ce%x1f%s%n%b%x1e d3c381423e29e5ae8444e599106efb10ffb35d67..HEAD
Merged SHA a44c3dd34bfd86fec04c02a2d6b4eb6112f70604 with commit message 'chore: Promote fmtok8s-api-gateway to version 0.0.28' into base branch master

Showing logs for build [32msalaboy-environment-kubecon-pre-sz8ts-1[0m stage [32mfrom-build-pack[0m and container [32mstep-build-helm-build[0m
WARNING: No $CHART_REPOSITORY defined so using the default value of: http://jenkins-x-chartmuseum:8080
Adding missing Helm repo: storage.googleapis.com https://storage.googleapis.com/chartmuseum.jenkins-x.io
Successfully added Helm repository storage.googleapis.com.
Adding missing Helm repo: jenkins-x-chartmuseum http://jenkins-x-chartmuseum:8080
Successfully added Helm repository jenkins-x-chartmuseum.
WARNING: No $CHART_REPOSITORY defined so using the default value of: http://jenkins-x-chartmuseum:8080
Adding missing Helm repo: chartmuseum.jenkins-x.io http://chartmuseum.jenkins-x.io
Successfully added Helm repository chartmuseum.jenkins-x.io.
