
Showing logs for build [32msalaboy-environment-kubecon-pre-6mkfp-1[0m stage [32mfrom-build-pack[0m and container [32mstep-credential-initializer-s2t24[0m
{"level":"warn","ts":1582802745.4692318,"logger":"fallback-logger","caller":"logging/config.go:69","msg":"Fetch GitHub commit ID from kodata failed: \"ref: refs/heads/0.8.0-**-support-backwards-incompats\" is not a valid GitHub commit ID"}
{"level":"info","ts":1582802745.469789,"logger":"fallback-logger","caller":"creds-init/main.go:40","msg":"Credentials initialized."}

Showing logs for build [32msalaboy-environment-kubecon-pre-6mkfp-1[0m stage [32mfrom-build-pack[0m and container [32mstep-working-dir-initializer-4zg45[0m
{"level":"warn","ts":1582802746.3878913,"logger":"fallback-logger","caller":"logging/config.go:69","msg":"Fetch GitHub commit ID from kodata failed: open /var/run/ko/HEAD: no such file or directory"}
{"level":"info","ts":1582802746.389148,"logger":"fallback-logger","caller":"bash/main.go:64","msg":"Successfully executed command \"sh -c mkdir -p /workspace/source\"; output "}

Showing logs for build [32msalaboy-environment-kubecon-pre-6mkfp-1[0m stage [32mfrom-build-pack[0m and container [32mstep-place-tools[0m

Showing logs for build [32msalaboy-environment-kubecon-pre-6mkfp-1[0m stage [32mfrom-build-pack[0m and container [32mstep-git-source-salaboy-environment-kubecon-pre-6mkfp-pzq2z[0m
{"level":"warn","ts":1582802749.7767515,"logger":"fallback-logger","caller":"logging/config.go:69","msg":"Fetch GitHub commit ID from kodata failed: \"ref: refs/heads/0.8.0-**-support-backwards-incompats\" is not a valid GitHub commit ID"}
{"level":"info","ts":1582802750.893229,"logger":"fallback-logger","caller":"git/git.go:103","msg":"Successfully cloned https://github.com/*******/environment-kubecon-prep-staging.git @ master in path /workspace/source"}

Showing logs for build [32msalaboy-environment-kubecon-pre-6mkfp-1[0m stage [32mfrom-build-pack[0m and container [32mstep-git-merge[0m
Using SHAs from PULL_REFS=master:c6e87f02ade12a245e1b32b94bb14f950d2a7f68,23:55f87e19d4913ae5d3c31304dfa3bb28d475444f
DEBUG: LC_ALL=C JX_LOG_LEVEL=error git fetch origin --unshallow 55f87e19d4913ae5d3c31304dfa3bb28d475444f: c6e87f02ade12a245e1b32b94bb14f950d2a7f68:
DEBUG: ran git fetch --unshallow origin 55f87e19d4913ae5d3c31304dfa3bb28d475444f: c6e87f02ade12a245e1b32b94bb14f950d2a7f68: in 
DEBUG: LC_ALL=C JX_LOG_LEVEL=error git branch
DEBUG: LC_ALL=C JX_LOG_LEVEL=error git checkout master
DEBUG: ran git checkout master in 
DEBUG: LC_ALL=C JX_LOG_LEVEL=error git reset --hard c6e87f02ade12a245e1b32b94bb14f950d2a7f68
DEBUG: ran git reset --hard c6e87f02ade12a245e1b32b94bb14f950d2a7f68 in 
DEBUG: LC_ALL=C JX_LOG_LEVEL=error git clean -fd .
DEBUG: ran clean --force -d . in 
DEBUG: LC_ALL=C JX_LOG_LEVEL=error git merge 55f87e19d4913ae5d3c31304dfa3bb28d475444f
DEBUG: ran git merge 55f87e19d4913ae5d3c31304dfa3bb28d475444f in 
DEBUG: LC_ALL=C JX_LOG_LEVEL=error git log --format=%H%x1f%an%x1f%ae%x1f%cn%x1f%ce%x1f%s%n%b%x1e c6e87f02ade12a245e1b32b94bb14f950d2a7f68..HEAD
Merged SHA 55f87e19d4913ae5d3c31304dfa3bb28d475444f with commit message 'chore: Promote fmtok8s-api-gateway to version 0.0.10' into base branch master

Showing logs for build [32msalaboy-environment-kubecon-pre-6mkfp-1[0m stage [32mfrom-build-pack[0m and container [32mstep-build-helm-build[0m
WARNING: No $CHART_REPOSITORY defined so using the default value of: http://jenkins-x-chartmuseum:8080
Adding missing Helm repo: storage.googleapis.com https://storage.googleapis.com/chartmuseum.jenkins-x.io
Successfully added Helm repository storage.googleapis.com.
Adding missing Helm repo: jenkins-x-chartmuseum http://jenkins-x-chartmuseum:8080
Successfully added Helm repository jenkins-x-chartmuseum.
WARNING: No $CHART_REPOSITORY defined so using the default value of: http://jenkins-x-chartmuseum:8080
Adding missing Helm repo: chartmuseum.jenkins-x.io http://chartmuseum.jenkins-x.io
Successfully added Helm repository chartmuseum.jenkins-x.io.
