
Showing logs for build [32msalaboy-environment-kubecon-pre-gsdmq-72[0m stage [32mfrom-build-pack[0m and container [32mstep-credential-initializer-qtfd8[0m
{"level":"warn","ts":1583233294.9665182,"logger":"fallback-logger","caller":"logging/config.go:69","msg":"Fetch GitHub commit ID from kodata failed: \"ref: refs/heads/0.8.0-**-support-backwards-incompats\" is not a valid GitHub commit ID"}
{"level":"info","ts":1583233294.9669886,"logger":"fallback-logger","caller":"creds-init/main.go:40","msg":"Credentials initialized."}

Showing logs for build [32msalaboy-environment-kubecon-pre-gsdmq-72[0m stage [32mfrom-build-pack[0m and container [32mstep-working-dir-initializer-hqn92[0m
{"level":"warn","ts":1583233297.2147658,"logger":"fallback-logger","caller":"logging/config.go:69","msg":"Fetch GitHub commit ID from kodata failed: open /var/run/ko/HEAD: no such file or directory"}
{"level":"info","ts":1583233297.2162545,"logger":"fallback-logger","caller":"bash/main.go:64","msg":"Successfully executed command \"sh -c mkdir -p /workspace/source\"; output "}

Showing logs for build [32msalaboy-environment-kubecon-pre-gsdmq-72[0m stage [32mfrom-build-pack[0m and container [32mstep-place-tools[0m

Showing logs for build [32msalaboy-environment-kubecon-pre-gsdmq-72[0m stage [32mfrom-build-pack[0m and container [32mstep-git-source-salaboy-environment-kubecon-pre-gsdmq-hrkjc[0m
{"level":"warn","ts":1583233305.9681864,"logger":"fallback-logger","caller":"logging/config.go:69","msg":"Fetch GitHub commit ID from kodata failed: \"ref: refs/heads/0.8.0-**-support-backwards-incompats\" is not a valid GitHub commit ID"}
{"level":"info","ts":1583233307.3901615,"logger":"fallback-logger","caller":"git/git.go:103","msg":"Successfully cloned https://github.com/*******/environment-kubecon-prep-staging.git @ v0.0.70 in path /workspace/source"}

Showing logs for build [32msalaboy-environment-kubecon-pre-gsdmq-72[0m stage [32mfrom-build-pack[0m and container [32mstep-git-merge[0m
Using SHAs from PULL_REFS=master:31bcb0c6ff1b5a76073956922fd08013d50a5d3f
WARNING: no SHAs to merge, falling back to initial cloned commit

Showing logs for build [32msalaboy-environment-kubecon-pre-gsdmq-72[0m stage [32mfrom-build-pack[0m and container [32mstep-setup-jx-git-credentials[0m
Generated Git credentials file /builder/home/git/credentials

Showing logs for build [32msalaboy-environment-kubecon-pre-gsdmq-72[0m stage [32mfrom-build-pack[0m and container [32mstep-build-helm-apply[0m
Modified file /workspace/source/env/Chart.yaml to set the chart to version 72
Ignoring templates/.gitignore
Ignoring templates/wildcardcert-secret.yaml
WARNING: No $CHART_REPOSITORY defined so using the default value of: http://jenkins-x-chartmuseum:8080
Adding missing Helm repo: storage.googleapis.com https://storage.googleapis.com/chartmuseum.jenkins-x.io
Successfully added Helm repository storage.googleapis.com.
Adding missing Helm repo: jenkins-x-chartmuseum http://jenkins-x-chartmuseum:8080
Successfully added Helm repository jenkins-x-chartmuseum.
WARNING: No $CHART_REPOSITORY defined so using the default value of: http://jenkins-x-chartmuseum:8080
Adding missing Helm repo: chartmuseum.jenkins-x.io http://chartmuseum.jenkins-x.io
Successfully added Helm repository chartmuseum.jenkins-x.io.

service "fmtok8s-agenda" deleted
service "fmtok8s-api-gateway" deleted
service "fmtok8s-c4p" deleted
service "fmtok8s-email" deleted
deployment.apps "**-fmtok8s-agenda" deleted
deployment.apps "**-fmtok8s-api-gateway" deleted
deployment.apps "**-fmtok8s-c4p" deleted
deployment.apps "**-fmtok8s-email" deleted
deployment.apps "**-fmtok8s-monolith" deleted
cronjob.batch "**-integration-test" deleted
release.jenkins.io "fmtok8s-agenda-0.0.10" deleted
release.jenkins.io "fmtok8s-api-gateway-0.0.34" deleted
release.jenkins.io "fmtok8s-c4p-0.0.19" deleted
release.jenkins.io "fmtok8s-email-0.0.5" deleted
release.jenkins.io "fmtok8s-monolith-0.0.1" deleted
release.jenkins.io "fmtok8s-tests-0.0.7" deleted
configmap "exposecontroller" deleted
serviceaccount "cleanup" deleted
serviceaccount "expose" deleted
role.rbac.authorization.k8s.io "cleanup" deleted
role.rbac.authorization.k8s.io "expose" deleted
rolebinding.rbac.authorization.k8s.io "cleanup" deleted
rolebinding.rbac.authorization.k8s.io "expose" deleted
error: upgrading helm chart '.': failed to run 'kubectl delete -f /tmp/helm-template-workdir-843715130/**/helmHooks/env/charts/expose/templates/part0-job.yaml --namespace **-staging --wait' command in directory '/tmp/**-helm-apply-629913962/env', output: 'Error from server (NotFound): error when deleting "/tmp/helm-template-workdir-843715130/**/helmHooks/env/charts/expose/templates/part0-job.yaml": jobs.batch "expose" not found'
[31m
Pipeline failed on stage 'from-build-pack' : container 'step-build-helm-apply'. The execution of the pipeline has stopped.[0m
