
Showing logs for build [32mmeta-salaboy-environment-kubeco-9znv8-76[0m stage [32mmeta-pipeline[0m and container [32mstep-credential-initializer-vxdr7[0m
{"level":"warn","ts":1583253950.214154,"logger":"fallback-logger","caller":"logging/config.go:69","msg":"Fetch GitHub commit ID from kodata failed: \"ref: refs/heads/0.8.0-**-support-backwards-incompats\" is not a valid GitHub commit ID"}
{"level":"info","ts":1583253950.2153337,"logger":"fallback-logger","caller":"creds-init/main.go:40","msg":"Credentials initialized."}

Showing logs for build [32mmeta-salaboy-environment-kubeco-9znv8-76[0m stage [32mmeta-pipeline[0m and container [32mstep-working-dir-initializer-6czv2[0m
{"level":"warn","ts":1583253951.0794013,"logger":"fallback-logger","caller":"logging/config.go:69","msg":"Fetch GitHub commit ID from kodata failed: open /var/run/ko/HEAD: no such file or directory"}
{"level":"info","ts":1583253951.082755,"logger":"fallback-logger","caller":"bash/main.go:64","msg":"Successfully executed command \"sh -c mkdir -p /workspace/source\"; output "}

Showing logs for build [32mmeta-salaboy-environment-kubeco-9znv8-76[0m stage [32mmeta-pipeline[0m and container [32mstep-place-tools[0m

Showing logs for build [32mmeta-salaboy-environment-kubeco-9znv8-76[0m stage [32mmeta-pipeline[0m and container [32mstep-git-source-meta-salaboy-environment-kubeco-9znv8-hzfk4[0m
{"level":"warn","ts":1583253956.1959357,"logger":"fallback-logger","caller":"logging/config.go:69","msg":"Fetch GitHub commit ID from kodata failed: \"ref: refs/heads/0.8.0-**-support-backwards-incompats\" is not a valid GitHub commit ID"}
{"level":"info","ts":1583253957.3590376,"logger":"fallback-logger","caller":"git/git.go:103","msg":"Successfully cloned https://github.com/*******/environment-kubecon-prep-staging.git @ 6245c8fc69c434c22fa078b111ce2956bffa4e96 in path /workspace/source"}

Showing logs for build [32mmeta-salaboy-environment-kubeco-9znv8-76[0m stage [32mmeta-pipeline[0m and container [32mstep-git-merge[0m
Using SHAs from PULL_REFS=master:6245c8fc69c434c22fa078b111ce2956bffa4e96
WARNING: no SHAs to merge, falling back to initial cloned commit

Showing logs for build [32mmeta-salaboy-environment-kubeco-9znv8-76[0m stage [32mmeta-pipeline[0m and container [32mstep-merge-pull-refs[0m
SKIP merge-pull-refs: Nothing to merge

Showing logs for build [32mmeta-salaboy-environment-kubeco-9znv8-76[0m stage [32mmeta-pipeline[0m and container [32mstep-create-effective-pipeline[0m
error: failed to create the ** client: namespaces "**" is forbidden: User "system:serviceaccount:**:default" cannot get resource "namespaces" in API group "" in the namespace "**"
[31m
Pipeline failed on stage 'meta-pipeline' : container 'step-create-effective-pipeline'. The execution of the pipeline has stopped.[0m

Showing logs for build [32mmeta-salaboy-environment-kubeco-9znv8-76[0m stage [32mmeta-pipeline[0m and container [32mstep-credential-initializer-vxdr7[0m
{"level":"warn","ts":1583253950.214154,"logger":"fallback-logger","caller":"logging/config.go:69","msg":"Fetch GitHub commit ID from kodata failed: \"ref: refs/heads/0.8.0-**-support-backwards-incompats\" is not a valid GitHub commit ID"}
{"level":"info","ts":1583253950.2153337,"logger":"fallback-logger","caller":"creds-init/main.go:40","msg":"Credentials initialized."}

Showing logs for build [32mmeta-salaboy-environment-kubeco-9znv8-76[0m stage [32mmeta-pipeline[0m and container [32mstep-working-dir-initializer-6czv2[0m
{"level":"warn","ts":1583253951.0794013,"logger":"fallback-logger","caller":"logging/config.go:69","msg":"Fetch GitHub commit ID from kodata failed: open /var/run/ko/HEAD: no such file or directory"}
{"level":"info","ts":1583253951.082755,"logger":"fallback-logger","caller":"bash/main.go:64","msg":"Successfully executed command \"sh -c mkdir -p /workspace/source\"; output "}

Showing logs for build [32mmeta-salaboy-environment-kubeco-9znv8-76[0m stage [32mmeta-pipeline[0m and container [32mstep-place-tools[0m

Showing logs for build [32mmeta-salaboy-environment-kubeco-9znv8-76[0m stage [32mmeta-pipeline[0m and container [32mstep-git-source-meta-salaboy-environment-kubeco-9znv8-hzfk4[0m
{"level":"warn","ts":1583253956.1959357,"logger":"fallback-logger","caller":"logging/config.go:69","msg":"Fetch GitHub commit ID from kodata failed: \"ref: refs/heads/0.8.0-**-support-backwards-incompats\" is not a valid GitHub commit ID"}
{"level":"info","ts":1583253957.3590376,"logger":"fallback-logger","caller":"git/git.go:103","msg":"Successfully cloned https://github.com/*******/environment-kubecon-prep-staging.git @ 6245c8fc69c434c22fa078b111ce2956bffa4e96 in path /workspace/source"}

Showing logs for build [32mmeta-salaboy-environment-kubeco-9znv8-76[0m stage [32mmeta-pipeline[0m and container [32mstep-git-merge[0m
Using SHAs from PULL_REFS=master:6245c8fc69c434c22fa078b111ce2956bffa4e96
WARNING: no SHAs to merge, falling back to initial cloned commit

Showing logs for build [32mmeta-salaboy-environment-kubeco-9znv8-76[0m stage [32mmeta-pipeline[0m and container [32mstep-merge-pull-refs[0m
SKIP merge-pull-refs: Nothing to merge

Showing logs for build [32mmeta-salaboy-environment-kubeco-9znv8-76[0m stage [32mmeta-pipeline[0m and container [32mstep-create-effective-pipeline[0m
error: failed to create the ** client: namespaces "**" is forbidden: User "system:serviceaccount:**:default" cannot get resource "namespaces" in API group "" in the namespace "**"
[31m
Pipeline failed on stage 'meta-pipeline' : container 'step-create-effective-pipeline'. The execution of the pipeline has stopped.[0m
