
Showing logs for build [32mmeta-salaboy-environment-kubeco-9z46x-77[0m stage [32mmeta-pipeline[0m and container [32mstep-credential-initializer-bgpg4[0m
{"level":"warn","ts":1583254228.3567464,"logger":"fallback-logger","caller":"logging/config.go:69","msg":"Fetch GitHub commit ID from kodata failed: \"ref: refs/heads/0.8.0-**-support-backwards-incompats\" is not a valid GitHub commit ID"}
{"level":"info","ts":1583254228.3575602,"logger":"fallback-logger","caller":"creds-init/main.go:40","msg":"Credentials initialized."}

Showing logs for build [32mmeta-salaboy-environment-kubeco-9z46x-77[0m stage [32mmeta-pipeline[0m and container [32mstep-working-dir-initializer-6dfdd[0m
{"level":"warn","ts":1583254228.7958634,"logger":"fallback-logger","caller":"logging/config.go:69","msg":"Fetch GitHub commit ID from kodata failed: open /var/run/ko/HEAD: no such file or directory"}
{"level":"info","ts":1583254228.7982972,"logger":"fallback-logger","caller":"bash/main.go:64","msg":"Successfully executed command \"sh -c mkdir -p /workspace/source\"; output "}

Showing logs for build [32mmeta-salaboy-environment-kubeco-9z46x-77[0m stage [32mmeta-pipeline[0m and container [32mstep-place-tools[0m

Showing logs for build [32mmeta-salaboy-environment-kubeco-9z46x-77[0m stage [32mmeta-pipeline[0m and container [32mstep-git-source-meta-salaboy-environment-kubeco-9z46x-pclml[0m
{"level":"warn","ts":1583254232.8326488,"logger":"fallback-logger","caller":"logging/config.go:69","msg":"Fetch GitHub commit ID from kodata failed: \"ref: refs/heads/0.8.0-**-support-backwards-incompats\" is not a valid GitHub commit ID"}
{"level":"info","ts":1583254233.983145,"logger":"fallback-logger","caller":"git/git.go:103","msg":"Successfully cloned https://github.com/*******/environment-kubecon-prep-staging.git @ bb82beed8f2ea0fe0463ebe1937e1ec93725e17c in path /workspace/source"}

Showing logs for build [32mmeta-salaboy-environment-kubeco-9z46x-77[0m stage [32mmeta-pipeline[0m and container [32mstep-git-merge[0m
Using SHAs from PULL_REFS=master:bb82beed8f2ea0fe0463ebe1937e1ec93725e17c
WARNING: no SHAs to merge, falling back to initial cloned commit

Showing logs for build [32mmeta-salaboy-environment-kubeco-9z46x-77[0m stage [32mmeta-pipeline[0m and container [32mstep-merge-pull-refs[0m
SKIP merge-pull-refs: Nothing to merge

Showing logs for build [32mmeta-salaboy-environment-kubeco-9z46x-77[0m stage [32mmeta-pipeline[0m and container [32mstep-create-effective-pipeline[0m
error: failed to create the ** client: namespaces "**" is forbidden: User "system:serviceaccount:**:default" cannot get resource "namespaces" in API group "" in the namespace "**"
[31m
Pipeline failed on stage 'meta-pipeline' : container 'step-create-effective-pipeline'. The execution of the pipeline has stopped.[0m

Showing logs for build [32mmeta-salaboy-environment-kubeco-9z46x-77[0m stage [32mmeta-pipeline[0m and container [32mstep-credential-initializer-bgpg4[0m
{"level":"warn","ts":1583254228.3567464,"logger":"fallback-logger","caller":"logging/config.go:69","msg":"Fetch GitHub commit ID from kodata failed: \"ref: refs/heads/0.8.0-**-support-backwards-incompats\" is not a valid GitHub commit ID"}
{"level":"info","ts":1583254228.3575602,"logger":"fallback-logger","caller":"creds-init/main.go:40","msg":"Credentials initialized."}

Showing logs for build [32mmeta-salaboy-environment-kubeco-9z46x-77[0m stage [32mmeta-pipeline[0m and container [32mstep-working-dir-initializer-6dfdd[0m
{"level":"warn","ts":1583254228.7958634,"logger":"fallback-logger","caller":"logging/config.go:69","msg":"Fetch GitHub commit ID from kodata failed: open /var/run/ko/HEAD: no such file or directory"}
{"level":"info","ts":1583254228.7982972,"logger":"fallback-logger","caller":"bash/main.go:64","msg":"Successfully executed command \"sh -c mkdir -p /workspace/source\"; output "}

Showing logs for build [32mmeta-salaboy-environment-kubeco-9z46x-77[0m stage [32mmeta-pipeline[0m and container [32mstep-place-tools[0m

Showing logs for build [32mmeta-salaboy-environment-kubeco-9z46x-77[0m stage [32mmeta-pipeline[0m and container [32mstep-git-source-meta-salaboy-environment-kubeco-9z46x-pclml[0m
{"level":"warn","ts":1583254232.8326488,"logger":"fallback-logger","caller":"logging/config.go:69","msg":"Fetch GitHub commit ID from kodata failed: \"ref: refs/heads/0.8.0-**-support-backwards-incompats\" is not a valid GitHub commit ID"}
{"level":"info","ts":1583254233.983145,"logger":"fallback-logger","caller":"git/git.go:103","msg":"Successfully cloned https://github.com/*******/environment-kubecon-prep-staging.git @ bb82beed8f2ea0fe0463ebe1937e1ec93725e17c in path /workspace/source"}

Showing logs for build [32mmeta-salaboy-environment-kubeco-9z46x-77[0m stage [32mmeta-pipeline[0m and container [32mstep-git-merge[0m
Using SHAs from PULL_REFS=master:bb82beed8f2ea0fe0463ebe1937e1ec93725e17c
WARNING: no SHAs to merge, falling back to initial cloned commit

Showing logs for build [32mmeta-salaboy-environment-kubeco-9z46x-77[0m stage [32mmeta-pipeline[0m and container [32mstep-merge-pull-refs[0m
SKIP merge-pull-refs: Nothing to merge

Showing logs for build [32mmeta-salaboy-environment-kubeco-9z46x-77[0m stage [32mmeta-pipeline[0m and container [32mstep-create-effective-pipeline[0m
error: failed to create the ** client: namespaces "**" is forbidden: User "system:serviceaccount:**:default" cannot get resource "namespaces" in API group "" in the namespace "**"
[31m
Pipeline failed on stage 'meta-pipeline' : container 'step-create-effective-pipeline'. The execution of the pipeline has stopped.[0m
