
Showing logs for build [32msalaboy-environment-kubecon-pre-5xzvf-1[0m stage [32mfrom-build-pack[0m and container [32mstep-credential-initializer-mdhwg[0m
{"level":"warn","ts":1582814314.3174648,"logger":"fallback-logger","caller":"logging/config.go:69","msg":"Fetch GitHub commit ID from kodata failed: \"ref: refs/heads/0.8.0-**-support-backwards-incompats\" is not a valid GitHub commit ID"}
{"level":"info","ts":1582814314.3183417,"logger":"fallback-logger","caller":"creds-init/main.go:40","msg":"Credentials initialized."}

Showing logs for build [32msalaboy-environment-kubecon-pre-5xzvf-1[0m stage [32mfrom-build-pack[0m and container [32mstep-working-dir-initializer-qbckh[0m
{"level":"warn","ts":1582814315.6507146,"logger":"fallback-logger","caller":"logging/config.go:69","msg":"Fetch GitHub commit ID from kodata failed: open /var/run/ko/HEAD: no such file or directory"}
{"level":"info","ts":1582814315.6556108,"logger":"fallback-logger","caller":"bash/main.go:64","msg":"Successfully executed command \"sh -c mkdir -p /workspace/source\"; output "}

Showing logs for build [32msalaboy-environment-kubecon-pre-5xzvf-1[0m stage [32mfrom-build-pack[0m and container [32mstep-place-tools[0m

Showing logs for build [32msalaboy-environment-kubecon-pre-5xzvf-1[0m stage [32mfrom-build-pack[0m and container [32mstep-git-source-salaboy-environment-kubecon-pre-5xzvf-nsk75[0m
{"level":"warn","ts":1582814319.701317,"logger":"fallback-logger","caller":"logging/config.go:69","msg":"Fetch GitHub commit ID from kodata failed: \"ref: refs/heads/0.8.0-**-support-backwards-incompats\" is not a valid GitHub commit ID"}
{"level":"info","ts":1582814320.8394914,"logger":"fallback-logger","caller":"git/git.go:103","msg":"Successfully cloned https://github.com/*******/environment-kubecon-prep-staging.git @ master in path /workspace/source"}

Showing logs for build [32msalaboy-environment-kubecon-pre-5xzvf-1[0m stage [32mfrom-build-pack[0m and container [32mstep-git-merge[0m
Using SHAs from PULL_REFS=master:dde11f7c9e4f7a8baa2b892019d96059d971343f,29:7d2d962c19faff74be760ab70ed8af8eb8538a90
DEBUG: LC_ALL=C JX_LOG_LEVEL=error git fetch origin --unshallow 7d2d962c19faff74be760ab70ed8af8eb8538a90: dde11f7c9e4f7a8baa2b892019d96059d971343f:
DEBUG: ran git fetch --unshallow origin 7d2d962c19faff74be760ab70ed8af8eb8538a90: dde11f7c9e4f7a8baa2b892019d96059d971343f: in 
DEBUG: LC_ALL=C JX_LOG_LEVEL=error git branch
DEBUG: LC_ALL=C JX_LOG_LEVEL=error git checkout master
DEBUG: ran git checkout master in 
DEBUG: LC_ALL=C JX_LOG_LEVEL=error git reset --hard dde11f7c9e4f7a8baa2b892019d96059d971343f
DEBUG: ran git reset --hard dde11f7c9e4f7a8baa2b892019d96059d971343f in 
DEBUG: JX_LOG_LEVEL=error LC_ALL=C git clean -fd .
DEBUG: ran clean --force -d . in 
DEBUG: LC_ALL=C JX_LOG_LEVEL=error git merge 7d2d962c19faff74be760ab70ed8af8eb8538a90
DEBUG: ran git merge 7d2d962c19faff74be760ab70ed8af8eb8538a90 in 
DEBUG: LC_ALL=C JX_LOG_LEVEL=error git log --format=%H%x1f%an%x1f%ae%x1f%cn%x1f%ce%x1f%s%n%b%x1e dde11f7c9e4f7a8baa2b892019d96059d971343f..HEAD
Merged SHA 7d2d962c19faff74be760ab70ed8af8eb8538a90 with commit message 'chore: Promote fmtok8s-api-gateway to version 0.0.13' into base branch master

Showing logs for build [32msalaboy-environment-kubecon-pre-5xzvf-1[0m stage [32mfrom-build-pack[0m and container [32mstep-build-helm-build[0m
WARNING: No $CHART_REPOSITORY defined so using the default value of: http://jenkins-x-chartmuseum:8080
Adding missing Helm repo: storage.googleapis.com https://storage.googleapis.com/chartmuseum.jenkins-x.io
Successfully added Helm repository storage.googleapis.com.
Adding missing Helm repo: jenkins-x-chartmuseum http://jenkins-x-chartmuseum:8080
Successfully added Helm repository jenkins-x-chartmuseum.
WARNING: No $CHART_REPOSITORY defined so using the default value of: http://jenkins-x-chartmuseum:8080
Adding missing Helm repo: chartmuseum.jenkins-x.io http://chartmuseum.jenkins-x.io
Successfully added Helm repository chartmuseum.jenkins-x.io.
