
Showing logs for build [32msalaboy-environment-kubecon-pre-b9gdw-2[0m stage [32mfrom-build-pack[0m and container [32mstep-credential-initializer-bmjrr[0m
{"level":"warn","ts":1582815377.5178988,"logger":"fallback-logger","caller":"logging/config.go:69","msg":"Fetch GitHub commit ID from kodata failed: \"ref: refs/heads/0.8.0-**-support-backwards-incompats\" is not a valid GitHub commit ID"}
{"level":"info","ts":1582815377.5187862,"logger":"fallback-logger","caller":"creds-init/main.go:40","msg":"Credentials initialized."}

Showing logs for build [32msalaboy-environment-kubecon-pre-b9gdw-2[0m stage [32mfrom-build-pack[0m and container [32mstep-working-dir-initializer-6gtxc[0m
{"level":"warn","ts":1582815378.494486,"logger":"fallback-logger","caller":"logging/config.go:69","msg":"Fetch GitHub commit ID from kodata failed: open /var/run/ko/HEAD: no such file or directory"}
{"level":"info","ts":1582815378.4982333,"logger":"fallback-logger","caller":"bash/main.go:64","msg":"Successfully executed command \"sh -c mkdir -p /workspace/source\"; output "}

Showing logs for build [32msalaboy-environment-kubecon-pre-b9gdw-2[0m stage [32mfrom-build-pack[0m and container [32mstep-place-tools[0m

Showing logs for build [32msalaboy-environment-kubecon-pre-b9gdw-2[0m stage [32mfrom-build-pack[0m and container [32mstep-git-source-salaboy-environment-kubecon-pre-b9gdw-gwz7l[0m
{"level":"warn","ts":1582815382.5786872,"logger":"fallback-logger","caller":"logging/config.go:69","msg":"Fetch GitHub commit ID from kodata failed: \"ref: refs/heads/0.8.0-**-support-backwards-incompats\" is not a valid GitHub commit ID"}
{"level":"info","ts":1582815383.6798544,"logger":"fallback-logger","caller":"git/git.go:103","msg":"Successfully cloned https://github.com/*******/environment-kubecon-prep-staging.git @ master in path /workspace/source"}

Showing logs for build [32msalaboy-environment-kubecon-pre-b9gdw-2[0m stage [32mfrom-build-pack[0m and container [32mstep-git-merge[0m
Using SHAs from PULL_REFS=master:f8f66ebbf932004491214416d83590637f9fab64,29:7d2d962c19faff74be760ab70ed8af8eb8538a90
DEBUG: LC_ALL=C JX_LOG_LEVEL=error git fetch origin --unshallow 7d2d962c19faff74be760ab70ed8af8eb8538a90: f8f66ebbf932004491214416d83590637f9fab64:
DEBUG: ran git fetch --unshallow origin 7d2d962c19faff74be760ab70ed8af8eb8538a90: f8f66ebbf932004491214416d83590637f9fab64: in 
DEBUG: LC_ALL=C JX_LOG_LEVEL=error git branch
DEBUG: LC_ALL=C JX_LOG_LEVEL=error git checkout master
DEBUG: ran git checkout master in 
DEBUG: LC_ALL=C JX_LOG_LEVEL=error git reset --hard f8f66ebbf932004491214416d83590637f9fab64
DEBUG: ran git reset --hard f8f66ebbf932004491214416d83590637f9fab64 in 
DEBUG: LC_ALL=C JX_LOG_LEVEL=error git clean -fd .
DEBUG: ran clean --force -d . in 
DEBUG: LC_ALL=C JX_LOG_LEVEL=error git merge 7d2d962c19faff74be760ab70ed8af8eb8538a90
DEBUG: ran git merge 7d2d962c19faff74be760ab70ed8af8eb8538a90 in 
DEBUG: LC_ALL=C JX_LOG_LEVEL=error git log --format=%H%x1f%an%x1f%ae%x1f%cn%x1f%ce%x1f%s%n%b%x1e f8f66ebbf932004491214416d83590637f9fab64..HEAD

Showing logs for build [32msalaboy-environment-kubecon-pre-b9gdw-2[0m stage [32mfrom-build-pack[0m and container [32mstep-build-helm-build[0m
WARNING: No $CHART_REPOSITORY defined so using the default value of: http://jenkins-x-chartmuseum:8080
Adding missing Helm repo: storage.googleapis.com https://storage.googleapis.com/chartmuseum.jenkins-x.io
Successfully added Helm repository storage.googleapis.com.
Adding missing Helm repo: jenkins-x-chartmuseum http://jenkins-x-chartmuseum:8080
Successfully added Helm repository jenkins-x-chartmuseum.
WARNING: No $CHART_REPOSITORY defined so using the default value of: http://jenkins-x-chartmuseum:8080
Adding missing Helm repo: chartmuseum.jenkins-x.io http://chartmuseum.jenkins-x.io
Successfully added Helm repository chartmuseum.jenkins-x.io.
