
Showing logs for build [32msalaboy-environment-kubecon-pre-dhqhx-1[0m stage [32mfrom-build-pack[0m and container [32mstep-credential-initializer-rlkhb[0m
{"level":"warn","ts":1583021385.3867362,"logger":"fallback-logger","caller":"logging/config.go:69","msg":"Fetch GitHub commit ID from kodata failed: \"ref: refs/heads/0.8.0-**-support-backwards-incompats\" is not a valid GitHub commit ID"}
{"level":"info","ts":1583021385.387213,"logger":"fallback-logger","caller":"creds-init/main.go:40","msg":"Credentials initialized."}

Showing logs for build [32msalaboy-environment-kubecon-pre-dhqhx-1[0m stage [32mfrom-build-pack[0m and container [32mstep-working-dir-initializer-qn8t9[0m
{"level":"warn","ts":1583021386.7293742,"logger":"fallback-logger","caller":"logging/config.go:69","msg":"Fetch GitHub commit ID from kodata failed: open /var/run/ko/HEAD: no such file or directory"}
{"level":"info","ts":1583021386.7309346,"logger":"fallback-logger","caller":"bash/main.go:64","msg":"Successfully executed command \"sh -c mkdir -p /workspace/source\"; output "}

Showing logs for build [32msalaboy-environment-kubecon-pre-dhqhx-1[0m stage [32mfrom-build-pack[0m and container [32mstep-place-tools[0m

Showing logs for build [32msalaboy-environment-kubecon-pre-dhqhx-1[0m stage [32mfrom-build-pack[0m and container [32mstep-git-source-salaboy-environment-kubecon-pre-dhqhx-fhf2n[0m
{"level":"warn","ts":1583021390.9113896,"logger":"fallback-logger","caller":"logging/config.go:69","msg":"Fetch GitHub commit ID from kodata failed: \"ref: refs/heads/0.8.0-**-support-backwards-incompats\" is not a valid GitHub commit ID"}
{"level":"info","ts":1583021392.0644403,"logger":"fallback-logger","caller":"git/git.go:103","msg":"Successfully cloned https://github.com/*******/environment-kubecon-prep-staging.git @ master in path /workspace/source"}

Showing logs for build [32msalaboy-environment-kubecon-pre-dhqhx-1[0m stage [32mfrom-build-pack[0m and container [32mstep-git-merge[0m
Using SHAs from PULL_REFS=master:544a64a15670065b3ba211d3f23515d1f87a7bd8,46:9db45f3823b369e0da7558b3fc9d103368545ef3
DEBUG: LC_ALL=C JX_LOG_LEVEL=error git fetch origin --unshallow 9db45f3823b369e0da7558b3fc9d103368545ef3: 544a64a15670065b3ba211d3f23515d1f87a7bd8:
DEBUG: ran git fetch --unshallow origin 9db45f3823b369e0da7558b3fc9d103368545ef3: 544a64a15670065b3ba211d3f23515d1f87a7bd8: in 
DEBUG: JX_LOG_LEVEL=error LC_ALL=C git branch
DEBUG: LC_ALL=C JX_LOG_LEVEL=error git checkout master
DEBUG: ran git checkout master in 
DEBUG: LC_ALL=C JX_LOG_LEVEL=error git reset --hard 544a64a15670065b3ba211d3f23515d1f87a7bd8
DEBUG: ran git reset --hard 544a64a15670065b3ba211d3f23515d1f87a7bd8 in 
DEBUG: JX_LOG_LEVEL=error LC_ALL=C git clean -fd .
DEBUG: ran clean --force -d . in 
DEBUG: LC_ALL=C JX_LOG_LEVEL=error git merge 9db45f3823b369e0da7558b3fc9d103368545ef3
DEBUG: ran git merge 9db45f3823b369e0da7558b3fc9d103368545ef3 in 
DEBUG: JX_LOG_LEVEL=error LC_ALL=C git log --format=%H%x1f%an%x1f%ae%x1f%cn%x1f%ce%x1f%s%n%b%x1e 544a64a15670065b3ba211d3f23515d1f87a7bd8..HEAD
Merged SHA 9db45f3823b369e0da7558b3fc9d103368545ef3 with commit message 'chore: Promote fmtok8s-email to version 0.0.4' into base branch master

Showing logs for build [32msalaboy-environment-kubecon-pre-dhqhx-1[0m stage [32mfrom-build-pack[0m and container [32mstep-build-helm-build[0m
WARNING: No $CHART_REPOSITORY defined so using the default value of: http://jenkins-x-chartmuseum:8080
Adding missing Helm repo: storage.googleapis.com https://storage.googleapis.com/chartmuseum.jenkins-x.io
Successfully added Helm repository storage.googleapis.com.
Adding missing Helm repo: jenkins-x-chartmuseum http://jenkins-x-chartmuseum:8080
Successfully added Helm repository jenkins-x-chartmuseum.
WARNING: No $CHART_REPOSITORY defined so using the default value of: http://jenkins-x-chartmuseum:8080
Adding missing Helm repo: chartmuseum.jenkins-x.io http://chartmuseum.jenkins-x.io
Successfully added Helm repository chartmuseum.jenkins-x.io.
