
Showing logs for build [32msalaboy-environment-kubecon-pre-4g4nq-1[0m stage [32mfrom-build-pack[0m and container [32mstep-credential-initializer-456m8[0m
{"level":"warn","ts":1583150808.3927572,"logger":"fallback-logger","caller":"logging/config.go:69","msg":"Fetch GitHub commit ID from kodata failed: \"ref: refs/heads/0.8.0-**-support-backwards-incompats\" is not a valid GitHub commit ID"}
{"level":"info","ts":1583150808.3950973,"logger":"fallback-logger","caller":"creds-init/main.go:40","msg":"Credentials initialized."}

Showing logs for build [32msalaboy-environment-kubecon-pre-4g4nq-1[0m stage [32mfrom-build-pack[0m and container [32mstep-working-dir-initializer-hh9ss[0m
{"level":"warn","ts":1583150809.3958352,"logger":"fallback-logger","caller":"logging/config.go:69","msg":"Fetch GitHub commit ID from kodata failed: open /var/run/ko/HEAD: no such file or directory"}
{"level":"info","ts":1583150809.3972147,"logger":"fallback-logger","caller":"bash/main.go:64","msg":"Successfully executed command \"sh -c mkdir -p /workspace/source\"; output "}

Showing logs for build [32msalaboy-environment-kubecon-pre-4g4nq-1[0m stage [32mfrom-build-pack[0m and container [32mstep-place-tools[0m

Showing logs for build [32msalaboy-environment-kubecon-pre-4g4nq-1[0m stage [32mfrom-build-pack[0m and container [32mstep-git-source-salaboy-environment-kubecon-pre-4g4nq-h4cl4[0m
{"level":"warn","ts":1583150826.607796,"logger":"fallback-logger","caller":"logging/config.go:69","msg":"Fetch GitHub commit ID from kodata failed: \"ref: refs/heads/0.8.0-**-support-backwards-incompats\" is not a valid GitHub commit ID"}
{"level":"info","ts":1583150827.7588577,"logger":"fallback-logger","caller":"git/git.go:103","msg":"Successfully cloned https://github.com/*******/environment-kubecon-prep-staging.git @ master in path /workspace/source"}

Showing logs for build [32msalaboy-environment-kubecon-pre-4g4nq-1[0m stage [32mfrom-build-pack[0m and container [32mstep-git-merge[0m
Using SHAs from PULL_REFS=master:b19cb6260ee43cfd7608fc9ec716928ab785032f,51:4750f73716bf899073cbbe2508b97463a5b66823
DEBUG: LC_ALL=C JX_LOG_LEVEL=error git fetch origin --unshallow 4750f73716bf899073cbbe2508b97463a5b66823: b19cb6260ee43cfd7608fc9ec716928ab785032f:
DEBUG: ran git fetch --unshallow origin 4750f73716bf899073cbbe2508b97463a5b66823: b19cb6260ee43cfd7608fc9ec716928ab785032f: in 
DEBUG: LC_ALL=C JX_LOG_LEVEL=error git branch
DEBUG: LC_ALL=C JX_LOG_LEVEL=error git checkout master
DEBUG: ran git checkout master in 
DEBUG: LC_ALL=C JX_LOG_LEVEL=error git reset --hard b19cb6260ee43cfd7608fc9ec716928ab785032f
DEBUG: ran git reset --hard b19cb6260ee43cfd7608fc9ec716928ab785032f in 
DEBUG: LC_ALL=C JX_LOG_LEVEL=error git clean -fd .
DEBUG: ran clean --force -d . in 
DEBUG: LC_ALL=C JX_LOG_LEVEL=error git merge 4750f73716bf899073cbbe2508b97463a5b66823
DEBUG: ran git merge 4750f73716bf899073cbbe2508b97463a5b66823 in 
DEBUG: LC_ALL=C JX_LOG_LEVEL=error git log --format=%H%x1f%an%x1f%ae%x1f%cn%x1f%ce%x1f%s%n%b%x1e b19cb6260ee43cfd7608fc9ec716928ab785032f..HEAD
Merged SHA 4750f73716bf899073cbbe2508b97463a5b66823 with commit message 'chore: Promote fmtok8s-agenda to version 0.0.5' into base branch master

Showing logs for build [32msalaboy-environment-kubecon-pre-4g4nq-1[0m stage [32mfrom-build-pack[0m and container [32mstep-build-helm-build[0m
WARNING: No $CHART_REPOSITORY defined so using the default value of: http://jenkins-x-chartmuseum:8080
Adding missing Helm repo: storage.googleapis.com https://storage.googleapis.com/chartmuseum.jenkins-x.io
Successfully added Helm repository storage.googleapis.com.
Adding missing Helm repo: jenkins-x-chartmuseum http://jenkins-x-chartmuseum:8080
Successfully added Helm repository jenkins-x-chartmuseum.
WARNING: No $CHART_REPOSITORY defined so using the default value of: http://jenkins-x-chartmuseum:8080
Adding missing Helm repo: chartmuseum.jenkins-x.io http://chartmuseum.jenkins-x.io
Successfully added Helm repository chartmuseum.jenkins-x.io.
