
Showing logs for build [32msalaboy-environment-kubecon-pre-hkhsb-1[0m stage [32mfrom-build-pack[0m and container [32mstep-credential-initializer-f8hrq[0m
{"level":"warn","ts":1582998187.3169503,"logger":"fallback-logger","caller":"logging/config.go:69","msg":"Fetch GitHub commit ID from kodata failed: \"ref: refs/heads/0.8.0-**-support-backwards-incompats\" is not a valid GitHub commit ID"}
{"level":"info","ts":1582998187.319149,"logger":"fallback-logger","caller":"creds-init/main.go:40","msg":"Credentials initialized."}

Showing logs for build [32msalaboy-environment-kubecon-pre-hkhsb-1[0m stage [32mfrom-build-pack[0m and container [32mstep-working-dir-initializer-r6p2m[0m
{"level":"warn","ts":1582998188.1283243,"logger":"fallback-logger","caller":"logging/config.go:69","msg":"Fetch GitHub commit ID from kodata failed: open /var/run/ko/HEAD: no such file or directory"}
{"level":"info","ts":1582998188.1299632,"logger":"fallback-logger","caller":"bash/main.go:64","msg":"Successfully executed command \"sh -c mkdir -p /workspace/source\"; output "}

Showing logs for build [32msalaboy-environment-kubecon-pre-hkhsb-1[0m stage [32mfrom-build-pack[0m and container [32mstep-place-tools[0m

Showing logs for build [32msalaboy-environment-kubecon-pre-hkhsb-1[0m stage [32mfrom-build-pack[0m and container [32mstep-git-source-salaboy-environment-kubecon-pre-hkhsb-sg9ll[0m
{"level":"warn","ts":1582998191.3175986,"logger":"fallback-logger","caller":"logging/config.go:69","msg":"Fetch GitHub commit ID from kodata failed: \"ref: refs/heads/0.8.0-**-support-backwards-incompats\" is not a valid GitHub commit ID"}
{"level":"info","ts":1582998192.438178,"logger":"fallback-logger","caller":"git/git.go:103","msg":"Successfully cloned https://github.com/*******/environment-kubecon-prep-staging.git @ master in path /workspace/source"}

Showing logs for build [32msalaboy-environment-kubecon-pre-hkhsb-1[0m stage [32mfrom-build-pack[0m and container [32mstep-git-merge[0m
Using SHAs from PULL_REFS=master:079cf524c6fc6ce79cb850412021f426c972ecb5,45:1cba5c439bf856be4457d3d0eb73208952ea98b5
DEBUG: JX_LOG_LEVEL=error LC_ALL=C git fetch origin --unshallow 1cba5c439bf856be4457d3d0eb73208952ea98b5: 079cf524c6fc6ce79cb850412021f426c972ecb5:
DEBUG: ran git fetch --unshallow origin 1cba5c439bf856be4457d3d0eb73208952ea98b5: 079cf524c6fc6ce79cb850412021f426c972ecb5: in 
DEBUG: LC_ALL=C JX_LOG_LEVEL=error git branch
DEBUG: LC_ALL=C JX_LOG_LEVEL=error git checkout master
DEBUG: ran git checkout master in 
DEBUG: JX_LOG_LEVEL=error LC_ALL=C git reset --hard 079cf524c6fc6ce79cb850412021f426c972ecb5
DEBUG: ran git reset --hard 079cf524c6fc6ce79cb850412021f426c972ecb5 in 
DEBUG: LC_ALL=C JX_LOG_LEVEL=error git clean -fd .
DEBUG: ran clean --force -d . in 
DEBUG: JX_LOG_LEVEL=error LC_ALL=C git merge 1cba5c439bf856be4457d3d0eb73208952ea98b5
DEBUG: ran git merge 1cba5c439bf856be4457d3d0eb73208952ea98b5 in 
DEBUG: JX_LOG_LEVEL=error LC_ALL=C git log --format=%H%x1f%an%x1f%ae%x1f%cn%x1f%ce%x1f%s%n%b%x1e 079cf524c6fc6ce79cb850412021f426c972ecb5..HEAD
Merged SHA 1cba5c439bf856be4457d3d0eb73208952ea98b5 with commit message 'chore: Promote fmtok8s-c4p to version 0.0.15' into base branch master

Showing logs for build [32msalaboy-environment-kubecon-pre-hkhsb-1[0m stage [32mfrom-build-pack[0m and container [32mstep-build-helm-build[0m
WARNING: No $CHART_REPOSITORY defined so using the default value of: http://jenkins-x-chartmuseum:8080
Adding missing Helm repo: storage.googleapis.com https://storage.googleapis.com/chartmuseum.jenkins-x.io
Successfully added Helm repository storage.googleapis.com.
Adding missing Helm repo: jenkins-x-chartmuseum http://jenkins-x-chartmuseum:8080
Successfully added Helm repository jenkins-x-chartmuseum.
WARNING: No $CHART_REPOSITORY defined so using the default value of: http://jenkins-x-chartmuseum:8080
Adding missing Helm repo: chartmuseum.jenkins-x.io http://chartmuseum.jenkins-x.io
Successfully added Helm repository chartmuseum.jenkins-x.io.
