
Showing logs for build [32msalaboy-environment-kubecon-pre-4rqkn-1[0m stage [32mfrom-build-pack[0m and container [32mstep-credential-initializer-xc2dx[0m
{"level":"warn","ts":1583152239.4438374,"logger":"fallback-logger","caller":"logging/config.go:69","msg":"Fetch GitHub commit ID from kodata failed: \"ref: refs/heads/0.8.0-**-support-backwards-incompats\" is not a valid GitHub commit ID"}
{"level":"info","ts":1583152239.4443254,"logger":"fallback-logger","caller":"creds-init/main.go:40","msg":"Credentials initialized."}

Showing logs for build [32msalaboy-environment-kubecon-pre-4rqkn-1[0m stage [32mfrom-build-pack[0m and container [32mstep-working-dir-initializer-6lp9w[0m
{"level":"warn","ts":1583152240.3601706,"logger":"fallback-logger","caller":"logging/config.go:69","msg":"Fetch GitHub commit ID from kodata failed: open /var/run/ko/HEAD: no such file or directory"}
{"level":"info","ts":1583152240.3617315,"logger":"fallback-logger","caller":"bash/main.go:64","msg":"Successfully executed command \"sh -c mkdir -p /workspace/source\"; output "}

Showing logs for build [32msalaboy-environment-kubecon-pre-4rqkn-1[0m stage [32mfrom-build-pack[0m and container [32mstep-place-tools[0m

Showing logs for build [32msalaboy-environment-kubecon-pre-4rqkn-1[0m stage [32mfrom-build-pack[0m and container [32mstep-git-source-salaboy-environment-kubecon-pre-4rqkn-ctjgp[0m
{"level":"warn","ts":1583152243.454445,"logger":"fallback-logger","caller":"logging/config.go:69","msg":"Fetch GitHub commit ID from kodata failed: \"ref: refs/heads/0.8.0-**-support-backwards-incompats\" is not a valid GitHub commit ID"}
{"level":"info","ts":1583152244.5948787,"logger":"fallback-logger","caller":"git/git.go:103","msg":"Successfully cloned https://github.com/*******/environment-kubecon-prep-staging.git @ master in path /workspace/source"}

Showing logs for build [32msalaboy-environment-kubecon-pre-4rqkn-1[0m stage [32mfrom-build-pack[0m and container [32mstep-git-merge[0m
Using SHAs from PULL_REFS=master:d38a3f3ce672d968e452a0222a4db0e1844d5f77,52:6714eed5adb22e6f53cb6de2197a50fa119d8505
DEBUG: LC_ALL=C JX_LOG_LEVEL=error git fetch origin --unshallow 6714eed5adb22e6f53cb6de2197a50fa119d8505: d38a3f3ce672d968e452a0222a4db0e1844d5f77:
DEBUG: ran git fetch --unshallow origin 6714eed5adb22e6f53cb6de2197a50fa119d8505: d38a3f3ce672d968e452a0222a4db0e1844d5f77: in 
DEBUG: LC_ALL=C JX_LOG_LEVEL=error git branch
DEBUG: LC_ALL=C JX_LOG_LEVEL=error git checkout master
DEBUG: ran git checkout master in 
DEBUG: LC_ALL=C JX_LOG_LEVEL=error git reset --hard d38a3f3ce672d968e452a0222a4db0e1844d5f77
DEBUG: ran git reset --hard d38a3f3ce672d968e452a0222a4db0e1844d5f77 in 
DEBUG: LC_ALL=C JX_LOG_LEVEL=error git clean -fd .
DEBUG: ran clean --force -d . in 
DEBUG: LC_ALL=C JX_LOG_LEVEL=error git merge 6714eed5adb22e6f53cb6de2197a50fa119d8505
DEBUG: ran git merge 6714eed5adb22e6f53cb6de2197a50fa119d8505 in 
DEBUG: LC_ALL=C JX_LOG_LEVEL=error git log --format=%H%x1f%an%x1f%ae%x1f%cn%x1f%ce%x1f%s%n%b%x1e d38a3f3ce672d968e452a0222a4db0e1844d5f77..HEAD
Merged SHA 6714eed5adb22e6f53cb6de2197a50fa119d8505 with commit message 'chore: Promote fmtok8s-agenda to version 0.0.6' into base branch master

Showing logs for build [32msalaboy-environment-kubecon-pre-4rqkn-1[0m stage [32mfrom-build-pack[0m and container [32mstep-build-helm-build[0m
WARNING: No $CHART_REPOSITORY defined so using the default value of: http://jenkins-x-chartmuseum:8080
Adding missing Helm repo: storage.googleapis.com https://storage.googleapis.com/chartmuseum.jenkins-x.io
Successfully added Helm repository storage.googleapis.com.
Adding missing Helm repo: jenkins-x-chartmuseum http://jenkins-x-chartmuseum:8080
Successfully added Helm repository jenkins-x-chartmuseum.
WARNING: No $CHART_REPOSITORY defined so using the default value of: http://jenkins-x-chartmuseum:8080
Adding missing Helm repo: chartmuseum.jenkins-x.io http://chartmuseum.jenkins-x.io
Successfully added Helm repository chartmuseum.jenkins-x.io.
