
Showing logs for build [32msalaboy-environment-kubecon-pre-hdm8b-1[0m stage [32mfrom-build-pack[0m and container [32mstep-credential-initializer-fwgbg[0m
{"level":"warn","ts":1583147815.3055518,"logger":"fallback-logger","caller":"logging/config.go:69","msg":"Fetch GitHub commit ID from kodata failed: \"ref: refs/heads/0.8.0-**-support-backwards-incompats\" is not a valid GitHub commit ID"}
{"level":"info","ts":1583147815.306424,"logger":"fallback-logger","caller":"creds-init/main.go:40","msg":"Credentials initialized."}

Showing logs for build [32msalaboy-environment-kubecon-pre-hdm8b-1[0m stage [32mfrom-build-pack[0m and container [32mstep-working-dir-initializer-nxj8v[0m
{"level":"warn","ts":1583147816.4267972,"logger":"fallback-logger","caller":"logging/config.go:69","msg":"Fetch GitHub commit ID from kodata failed: open /var/run/ko/HEAD: no such file or directory"}
{"level":"info","ts":1583147816.4282284,"logger":"fallback-logger","caller":"bash/main.go:64","msg":"Successfully executed command \"sh -c mkdir -p /workspace/source\"; output "}

Showing logs for build [32msalaboy-environment-kubecon-pre-hdm8b-1[0m stage [32mfrom-build-pack[0m and container [32mstep-place-tools[0m

Showing logs for build [32msalaboy-environment-kubecon-pre-hdm8b-1[0m stage [32mfrom-build-pack[0m and container [32mstep-git-source-salaboy-environment-kubecon-pre-hdm8b-ph2zs[0m
{"level":"warn","ts":1583147819.3599834,"logger":"fallback-logger","caller":"logging/config.go:69","msg":"Fetch GitHub commit ID from kodata failed: \"ref: refs/heads/0.8.0-**-support-backwards-incompats\" is not a valid GitHub commit ID"}
{"level":"info","ts":1583147820.5292006,"logger":"fallback-logger","caller":"git/git.go:103","msg":"Successfully cloned https://github.com/*******/environment-kubecon-prep-staging.git @ master in path /workspace/source"}

Showing logs for build [32msalaboy-environment-kubecon-pre-hdm8b-1[0m stage [32mfrom-build-pack[0m and container [32mstep-git-merge[0m
Using SHAs from PULL_REFS=master:8befefc651bfd9bd92fe8bd44832132ae2b675c2,48:beacd3be93a79558eb196967861406f85da92c4b
DEBUG: LC_ALL=C JX_LOG_LEVEL=error git fetch origin --unshallow beacd3be93a79558eb196967861406f85da92c4b: 8befefc651bfd9bd92fe8bd44832132ae2b675c2:
DEBUG: ran git fetch --unshallow origin beacd3be93a79558eb196967861406f85da92c4b: 8befefc651bfd9bd92fe8bd44832132ae2b675c2: in 
DEBUG: LC_ALL=C JX_LOG_LEVEL=error git branch
DEBUG: LC_ALL=C JX_LOG_LEVEL=error git checkout master
DEBUG: ran git checkout master in 
DEBUG: LC_ALL=C JX_LOG_LEVEL=error git reset --hard 8befefc651bfd9bd92fe8bd44832132ae2b675c2
DEBUG: ran git reset --hard 8befefc651bfd9bd92fe8bd44832132ae2b675c2 in 
DEBUG: LC_ALL=C JX_LOG_LEVEL=error git clean -fd .
DEBUG: ran clean --force -d . in 
DEBUG: LC_ALL=C JX_LOG_LEVEL=error git merge beacd3be93a79558eb196967861406f85da92c4b
DEBUG: ran git merge beacd3be93a79558eb196967861406f85da92c4b in 
DEBUG: LC_ALL=C JX_LOG_LEVEL=error git log --format=%H%x1f%an%x1f%ae%x1f%cn%x1f%ce%x1f%s%n%b%x1e 8befefc651bfd9bd92fe8bd44832132ae2b675c2..HEAD
Merged SHA beacd3be93a79558eb196967861406f85da92c4b with commit message 'chore: Promote fmtok8s-api-gateway to version 0.0.26' into base branch master

Showing logs for build [32msalaboy-environment-kubecon-pre-hdm8b-1[0m stage [32mfrom-build-pack[0m and container [32mstep-build-helm-build[0m
WARNING: No $CHART_REPOSITORY defined so using the default value of: http://jenkins-x-chartmuseum:8080
Adding missing Helm repo: storage.googleapis.com https://storage.googleapis.com/chartmuseum.jenkins-x.io
Successfully added Helm repository storage.googleapis.com.
Adding missing Helm repo: jenkins-x-chartmuseum http://jenkins-x-chartmuseum:8080
Successfully added Helm repository jenkins-x-chartmuseum.
WARNING: No $CHART_REPOSITORY defined so using the default value of: http://jenkins-x-chartmuseum:8080
Adding missing Helm repo: chartmuseum.jenkins-x.io http://chartmuseum.jenkins-x.io
Successfully added Helm repository chartmuseum.jenkins-x.io.
