
Showing logs for build [32msalaboy-environment-kubecon-pre-fmtfj-1[0m stage [32mfrom-build-pack[0m and container [32mstep-credential-initializer-7tqft[0m
{"level":"warn","ts":1582972044.3443675,"logger":"fallback-logger","caller":"logging/config.go:69","msg":"Fetch GitHub commit ID from kodata failed: \"ref: refs/heads/0.8.0-**-support-backwards-incompats\" is not a valid GitHub commit ID"}
{"level":"info","ts":1582972044.344921,"logger":"fallback-logger","caller":"creds-init/main.go:40","msg":"Credentials initialized."}

Showing logs for build [32msalaboy-environment-kubecon-pre-fmtfj-1[0m stage [32mfrom-build-pack[0m and container [32mstep-working-dir-initializer-h272l[0m
{"level":"warn","ts":1582972045.739365,"logger":"fallback-logger","caller":"logging/config.go:69","msg":"Fetch GitHub commit ID from kodata failed: open /var/run/ko/HEAD: no such file or directory"}
{"level":"info","ts":1582972045.7409306,"logger":"fallback-logger","caller":"bash/main.go:64","msg":"Successfully executed command \"sh -c mkdir -p /workspace/source\"; output "}

Showing logs for build [32msalaboy-environment-kubecon-pre-fmtfj-1[0m stage [32mfrom-build-pack[0m and container [32mstep-place-tools[0m

Showing logs for build [32msalaboy-environment-kubecon-pre-fmtfj-1[0m stage [32mfrom-build-pack[0m and container [32mstep-git-source-salaboy-environment-kubecon-pre-fmtfj-fxtth[0m
{"level":"warn","ts":1582972074.9482954,"logger":"fallback-logger","caller":"logging/config.go:69","msg":"Fetch GitHub commit ID from kodata failed: \"ref: refs/heads/0.8.0-**-support-backwards-incompats\" is not a valid GitHub commit ID"}
{"level":"info","ts":1582972076.1283534,"logger":"fallback-logger","caller":"git/git.go:103","msg":"Successfully cloned https://github.com/*******/environment-kubecon-prep-staging.git @ master in path /workspace/source"}

Showing logs for build [32msalaboy-environment-kubecon-pre-fmtfj-1[0m stage [32mfrom-build-pack[0m and container [32mstep-git-merge[0m
Using SHAs from PULL_REFS=master:99e18912ae2688ca1c83bbe263acb673b21b2ea1,42:96d6d4a6c552181cc5c071816af63faa59c89fb5
DEBUG: LC_ALL=C JX_LOG_LEVEL=error git fetch origin --unshallow 96d6d4a6c552181cc5c071816af63faa59c89fb5: 99e18912ae2688ca1c83bbe263acb673b21b2ea1:
DEBUG: ran git fetch --unshallow origin 96d6d4a6c552181cc5c071816af63faa59c89fb5: 99e18912ae2688ca1c83bbe263acb673b21b2ea1: in 
DEBUG: JX_LOG_LEVEL=error LC_ALL=C git branch
DEBUG: LC_ALL=C JX_LOG_LEVEL=error git checkout master
DEBUG: ran git checkout master in 
DEBUG: LC_ALL=C JX_LOG_LEVEL=error git reset --hard 99e18912ae2688ca1c83bbe263acb673b21b2ea1
DEBUG: ran git reset --hard 99e18912ae2688ca1c83bbe263acb673b21b2ea1 in 
DEBUG: LC_ALL=C JX_LOG_LEVEL=error git clean -fd .
DEBUG: ran clean --force -d . in 
DEBUG: LC_ALL=C JX_LOG_LEVEL=error git merge 96d6d4a6c552181cc5c071816af63faa59c89fb5
DEBUG: ran git merge 96d6d4a6c552181cc5c071816af63faa59c89fb5 in 
DEBUG: LC_ALL=C JX_LOG_LEVEL=error git log --format=%H%x1f%an%x1f%ae%x1f%cn%x1f%ce%x1f%s%n%b%x1e 99e18912ae2688ca1c83bbe263acb673b21b2ea1..HEAD
Merged SHA 96d6d4a6c552181cc5c071816af63faa59c89fb5 with commit message 'chore: Promote fmtok8s-api-gateway to version 0.0.24' into base branch master

Showing logs for build [32msalaboy-environment-kubecon-pre-fmtfj-1[0m stage [32mfrom-build-pack[0m and container [32mstep-build-helm-build[0m
WARNING: No $CHART_REPOSITORY defined so using the default value of: http://jenkins-x-chartmuseum:8080
Adding missing Helm repo: storage.googleapis.com https://storage.googleapis.com/chartmuseum.jenkins-x.io
Successfully added Helm repository storage.googleapis.com.
Adding missing Helm repo: jenkins-x-chartmuseum http://jenkins-x-chartmuseum:8080
Successfully added Helm repository jenkins-x-chartmuseum.
WARNING: No $CHART_REPOSITORY defined so using the default value of: http://jenkins-x-chartmuseum:8080
Adding missing Helm repo: chartmuseum.jenkins-x.io http://chartmuseum.jenkins-x.io
Successfully added Helm repository chartmuseum.jenkins-x.io.
