
Showing logs for build [32msalaboy-environment-kubecon-pre-cprdf-1[0m stage [32mfrom-build-pack[0m and container [32mstep-credential-initializer-nqxx6[0m
{"level":"warn","ts":1582647171.9521804,"logger":"fallback-logger","caller":"logging/config.go:69","msg":"Fetch GitHub commit ID from kodata failed: \"ref: refs/heads/0.8.0-**-support-backwards-incompats\" is not a valid GitHub commit ID"}
{"level":"info","ts":1582647171.9533179,"logger":"fallback-logger","caller":"creds-init/main.go:40","msg":"Credentials initialized."}

Showing logs for build [32msalaboy-environment-kubecon-pre-cprdf-1[0m stage [32mfrom-build-pack[0m and container [32mstep-working-dir-initializer-jnnh7[0m
{"level":"warn","ts":1582647172.4393923,"logger":"fallback-logger","caller":"logging/config.go:69","msg":"Fetch GitHub commit ID from kodata failed: open /var/run/ko/HEAD: no such file or directory"}
{"level":"info","ts":1582647172.4417982,"logger":"fallback-logger","caller":"bash/main.go:64","msg":"Successfully executed command \"sh -c mkdir -p /workspace/source\"; output "}

Showing logs for build [32msalaboy-environment-kubecon-pre-cprdf-1[0m stage [32mfrom-build-pack[0m and container [32mstep-place-tools[0m

Showing logs for build [32msalaboy-environment-kubecon-pre-cprdf-1[0m stage [32mfrom-build-pack[0m and container [32mstep-git-source-salaboy-environment-kubecon-pre-cprdf-f6p46[0m
{"level":"warn","ts":1582647176.674749,"logger":"fallback-logger","caller":"logging/config.go:69","msg":"Fetch GitHub commit ID from kodata failed: \"ref: refs/heads/0.8.0-**-support-backwards-incompats\" is not a valid GitHub commit ID"}
{"level":"info","ts":1582647178.1396403,"logger":"fallback-logger","caller":"git/git.go:103","msg":"Successfully cloned https://github.com/*******/environment-kubecon-prep-staging.git @ master in path /workspace/source"}

Showing logs for build [32msalaboy-environment-kubecon-pre-cprdf-1[0m stage [32mfrom-build-pack[0m and container [32mstep-git-merge[0m
Using SHAs from PULL_REFS=master:668d13070e34f22992ddd04ff6841000f412b7e2,11:980938d08035fea6c467ba2902ae6bee661d9841
DEBUG: JX_LOG_LEVEL=error LC_ALL=C git fetch origin --unshallow 980938d08035fea6c467ba2902ae6bee661d9841: 668d13070e34f22992ddd04ff6841000f412b7e2:
DEBUG: ran git fetch --unshallow origin 980938d08035fea6c467ba2902ae6bee661d9841: 668d13070e34f22992ddd04ff6841000f412b7e2: in 
DEBUG: LC_ALL=C JX_LOG_LEVEL=error git branch
DEBUG: LC_ALL=C JX_LOG_LEVEL=error git checkout master
DEBUG: ran git checkout master in 
DEBUG: LC_ALL=C JX_LOG_LEVEL=error git reset --hard 668d13070e34f22992ddd04ff6841000f412b7e2
DEBUG: ran git reset --hard 668d13070e34f22992ddd04ff6841000f412b7e2 in 
DEBUG: LC_ALL=C JX_LOG_LEVEL=error git clean -fd .
DEBUG: ran clean --force -d . in 
DEBUG: LC_ALL=C JX_LOG_LEVEL=error git merge 980938d08035fea6c467ba2902ae6bee661d9841
DEBUG: ran git merge 980938d08035fea6c467ba2902ae6bee661d9841 in 
DEBUG: LC_ALL=C JX_LOG_LEVEL=error git log --format=%H%x1f%an%x1f%ae%x1f%cn%x1f%ce%x1f%s%n%b%x1e 668d13070e34f22992ddd04ff6841000f412b7e2..HEAD
Merged SHA 980938d08035fea6c467ba2902ae6bee661d9841 with commit message 'chore: Promote fmtok8s-c4p to version 0.0.7' into base branch master

Showing logs for build [32msalaboy-environment-kubecon-pre-cprdf-1[0m stage [32mfrom-build-pack[0m and container [32mstep-build-helm-build[0m
WARNING: No $CHART_REPOSITORY defined so using the default value of: http://jenkins-x-chartmuseum:8080
Adding missing Helm repo: storage.googleapis.com https://storage.googleapis.com/chartmuseum.jenkins-x.io
Successfully added Helm repository storage.googleapis.com.
Adding missing Helm repo: jenkins-x-chartmuseum http://jenkins-x-chartmuseum:8080
Successfully added Helm repository jenkins-x-chartmuseum.
WARNING: No $CHART_REPOSITORY defined so using the default value of: http://jenkins-x-chartmuseum:8080
Adding missing Helm repo: chartmuseum.jenkins-x.io http://chartmuseum.jenkins-x.io
Successfully added Helm repository chartmuseum.jenkins-x.io.
