
Showing logs for build [32msalaboy-environment-kubecon-pre-mpbdj-1[0m stage [32mfrom-build-pack[0m and container [32mstep-credential-initializer-zprtx[0m
{"level":"warn","ts":1583227789.5751133,"logger":"fallback-logger","caller":"logging/config.go:69","msg":"Fetch GitHub commit ID from kodata failed: \"ref: refs/heads/0.8.0-**-support-backwards-incompats\" is not a valid GitHub commit ID"}
{"level":"info","ts":1583227789.5757601,"logger":"fallback-logger","caller":"creds-init/main.go:40","msg":"Credentials initialized."}

Showing logs for build [32msalaboy-environment-kubecon-pre-mpbdj-1[0m stage [32mfrom-build-pack[0m and container [32mstep-working-dir-initializer-wh85r[0m
{"level":"warn","ts":1583227790.6327002,"logger":"fallback-logger","caller":"logging/config.go:69","msg":"Fetch GitHub commit ID from kodata failed: open /var/run/ko/HEAD: no such file or directory"}
{"level":"info","ts":1583227790.6345506,"logger":"fallback-logger","caller":"bash/main.go:64","msg":"Successfully executed command \"sh -c mkdir -p /workspace/source\"; output "}

Showing logs for build [32msalaboy-environment-kubecon-pre-mpbdj-1[0m stage [32mfrom-build-pack[0m and container [32mstep-place-tools[0m

Showing logs for build [32msalaboy-environment-kubecon-pre-mpbdj-1[0m stage [32mfrom-build-pack[0m and container [32mstep-git-source-salaboy-environment-kubecon-pre-mpbdj-jcjzq[0m
{"level":"warn","ts":1583227793.7528102,"logger":"fallback-logger","caller":"logging/config.go:69","msg":"Fetch GitHub commit ID from kodata failed: \"ref: refs/heads/0.8.0-**-support-backwards-incompats\" is not a valid GitHub commit ID"}
{"level":"info","ts":1583227794.9056978,"logger":"fallback-logger","caller":"git/git.go:103","msg":"Successfully cloned https://github.com/*******/environment-kubecon-prep-staging.git @ master in path /workspace/source"}

Showing logs for build [32msalaboy-environment-kubecon-pre-mpbdj-1[0m stage [32mfrom-build-pack[0m and container [32mstep-git-merge[0m
Using SHAs from PULL_REFS=master:e1dff17664ea100c8cdea51f84df0602d2310abf,62:c6511466bf77c855dd30c18b699acac61a077fbf
DEBUG: LC_ALL=C JX_LOG_LEVEL=error git fetch origin --unshallow c6511466bf77c855dd30c18b699acac61a077fbf: e1dff17664ea100c8cdea51f84df0602d2310abf:
DEBUG: ran git fetch --unshallow origin c6511466bf77c855dd30c18b699acac61a077fbf: e1dff17664ea100c8cdea51f84df0602d2310abf: in 
DEBUG: JX_LOG_LEVEL=error LC_ALL=C git branch
DEBUG: JX_LOG_LEVEL=error LC_ALL=C git checkout master
DEBUG: ran git checkout master in 
DEBUG: LC_ALL=C JX_LOG_LEVEL=error git reset --hard e1dff17664ea100c8cdea51f84df0602d2310abf
DEBUG: ran git reset --hard e1dff17664ea100c8cdea51f84df0602d2310abf in 
DEBUG: LC_ALL=C JX_LOG_LEVEL=error git clean -fd .
DEBUG: ran clean --force -d . in 
DEBUG: LC_ALL=C JX_LOG_LEVEL=error git merge c6511466bf77c855dd30c18b699acac61a077fbf
DEBUG: ran git merge c6511466bf77c855dd30c18b699acac61a077fbf in 
DEBUG: LC_ALL=C JX_LOG_LEVEL=error git log --format=%H%x1f%an%x1f%ae%x1f%cn%x1f%ce%x1f%s%n%b%x1e e1dff17664ea100c8cdea51f84df0602d2310abf..HEAD
Merged SHA c6511466bf77c855dd30c18b699acac61a077fbf with commit message 'chore: Promote fmtok8s-api-gateway to version 0.0.32' into base branch master

Showing logs for build [32msalaboy-environment-kubecon-pre-mpbdj-1[0m stage [32mfrom-build-pack[0m and container [32mstep-build-helm-build[0m
WARNING: No $CHART_REPOSITORY defined so using the default value of: http://jenkins-x-chartmuseum:8080
Adding missing Helm repo: storage.googleapis.com https://storage.googleapis.com/chartmuseum.jenkins-x.io
Successfully added Helm repository storage.googleapis.com.
Adding missing Helm repo: jenkins-x-chartmuseum http://jenkins-x-chartmuseum:8080
Successfully added Helm repository jenkins-x-chartmuseum.
WARNING: No $CHART_REPOSITORY defined so using the default value of: http://jenkins-x-chartmuseum:8080
Adding missing Helm repo: chartmuseum.jenkins-x.io http://chartmuseum.jenkins-x.io
Successfully added Helm repository chartmuseum.jenkins-x.io.
