
Showing logs for build [32msalaboy-environment-kubecon-pre-pw5ck-2[0m stage [32mfrom-build-pack[0m and container [32mstep-credential-initializer-rcbth[0m
{"level":"warn","ts":1582805252.1341064,"logger":"fallback-logger","caller":"logging/config.go:69","msg":"Fetch GitHub commit ID from kodata failed: \"ref: refs/heads/0.8.0-**-support-backwards-incompats\" is not a valid GitHub commit ID"}
{"level":"info","ts":1582805252.1347973,"logger":"fallback-logger","caller":"creds-init/main.go:40","msg":"Credentials initialized."}

Showing logs for build [32msalaboy-environment-kubecon-pre-pw5ck-2[0m stage [32mfrom-build-pack[0m and container [32mstep-working-dir-initializer-ftvjq[0m
{"level":"warn","ts":1582805252.7767334,"logger":"fallback-logger","caller":"logging/config.go:69","msg":"Fetch GitHub commit ID from kodata failed: open /var/run/ko/HEAD: no such file or directory"}
{"level":"info","ts":1582805252.7787848,"logger":"fallback-logger","caller":"bash/main.go:64","msg":"Successfully executed command \"sh -c mkdir -p /workspace/source\"; output "}

Showing logs for build [32msalaboy-environment-kubecon-pre-pw5ck-2[0m stage [32mfrom-build-pack[0m and container [32mstep-place-tools[0m

Showing logs for build [32msalaboy-environment-kubecon-pre-pw5ck-2[0m stage [32mfrom-build-pack[0m and container [32mstep-git-source-salaboy-environment-kubecon-pre-pw5ck-r6tf5[0m
{"level":"warn","ts":1582805256.91353,"logger":"fallback-logger","caller":"logging/config.go:69","msg":"Fetch GitHub commit ID from kodata failed: \"ref: refs/heads/0.8.0-**-support-backwards-incompats\" is not a valid GitHub commit ID"}
{"level":"info","ts":1582805258.0323162,"logger":"fallback-logger","caller":"git/git.go:103","msg":"Successfully cloned https://github.com/*******/environment-kubecon-prep-staging.git @ master in path /workspace/source"}

Showing logs for build [32msalaboy-environment-kubecon-pre-pw5ck-2[0m stage [32mfrom-build-pack[0m and container [32mstep-git-merge[0m
Using SHAs from PULL_REFS=master:a8191f2a3869a7c49563390079a493c1259d4b69,24:b323239ad653ddc5f923982a7ab9fa00953ff3d4
DEBUG: LC_ALL=C JX_LOG_LEVEL=error git fetch origin --unshallow b323239ad653ddc5f923982a7ab9fa00953ff3d4: a8191f2a3869a7c49563390079a493c1259d4b69:
DEBUG: ran git fetch --unshallow origin b323239ad653ddc5f923982a7ab9fa00953ff3d4: a8191f2a3869a7c49563390079a493c1259d4b69: in 
DEBUG: LC_ALL=C JX_LOG_LEVEL=error git branch
DEBUG: LC_ALL=C JX_LOG_LEVEL=error git checkout master
DEBUG: ran git checkout master in 
DEBUG: LC_ALL=C JX_LOG_LEVEL=error git reset --hard a8191f2a3869a7c49563390079a493c1259d4b69
DEBUG: ran git reset --hard a8191f2a3869a7c49563390079a493c1259d4b69 in 
DEBUG: LC_ALL=C JX_LOG_LEVEL=error git clean -fd .
DEBUG: ran clean --force -d . in 
DEBUG: LC_ALL=C JX_LOG_LEVEL=error git merge b323239ad653ddc5f923982a7ab9fa00953ff3d4
DEBUG: ran git merge b323239ad653ddc5f923982a7ab9fa00953ff3d4 in 
DEBUG: LC_ALL=C JX_LOG_LEVEL=error git log --format=%H%x1f%an%x1f%ae%x1f%cn%x1f%ce%x1f%s%n%b%x1e a8191f2a3869a7c49563390079a493c1259d4b69..HEAD

Showing logs for build [32msalaboy-environment-kubecon-pre-pw5ck-2[0m stage [32mfrom-build-pack[0m and container [32mstep-build-helm-build[0m
WARNING: No $CHART_REPOSITORY defined so using the default value of: http://jenkins-x-chartmuseum:8080
Adding missing Helm repo: storage.googleapis.com https://storage.googleapis.com/chartmuseum.jenkins-x.io
Successfully added Helm repository storage.googleapis.com.
Adding missing Helm repo: jenkins-x-chartmuseum http://jenkins-x-chartmuseum:8080
Successfully added Helm repository jenkins-x-chartmuseum.
WARNING: No $CHART_REPOSITORY defined so using the default value of: http://jenkins-x-chartmuseum:8080
Adding missing Helm repo: chartmuseum.jenkins-x.io http://chartmuseum.jenkins-x.io
Successfully added Helm repository chartmuseum.jenkins-x.io.
