
Showing logs for build [32msalaboy-environment-kubecon-pre-7c6fj-1[0m stage [32mfrom-build-pack[0m and container [32mstep-credential-initializer-85b82[0m
{"level":"warn","ts":1583404560.2175984,"logger":"fallback-logger","caller":"logging/config.go:69","msg":"Fetch GitHub commit ID from kodata failed: \"ref: refs/heads/0.8.0-**-support-backwards-incompats\" is not a valid GitHub commit ID"}
{"level":"info","ts":1583404560.2193666,"logger":"fallback-logger","caller":"creds-init/main.go:40","msg":"Credentials initialized."}

Showing logs for build [32msalaboy-environment-kubecon-pre-7c6fj-1[0m stage [32mfrom-build-pack[0m and container [32mstep-working-dir-initializer-94nf7[0m
{"level":"warn","ts":1583404561.5799615,"logger":"fallback-logger","caller":"logging/config.go:69","msg":"Fetch GitHub commit ID from kodata failed: open /var/run/ko/HEAD: no such file or directory"}
{"level":"info","ts":1583404561.5818303,"logger":"fallback-logger","caller":"bash/main.go:64","msg":"Successfully executed command \"sh -c mkdir -p /workspace/source\"; output "}

Showing logs for build [32msalaboy-environment-kubecon-pre-7c6fj-1[0m stage [32mfrom-build-pack[0m and container [32mstep-place-tools[0m

Showing logs for build [32msalaboy-environment-kubecon-pre-7c6fj-1[0m stage [32mfrom-build-pack[0m and container [32mstep-git-source-salaboy-environment-kubecon-pre-7c6fj-ljllq[0m
{"level":"warn","ts":1583404565.6563601,"logger":"fallback-logger","caller":"logging/config.go:69","msg":"Fetch GitHub commit ID from kodata failed: \"ref: refs/heads/0.8.0-**-support-backwards-incompats\" is not a valid GitHub commit ID"}
{"level":"info","ts":1583404567.0095465,"logger":"fallback-logger","caller":"git/git.go:103","msg":"Successfully cloned https://github.com/*******/environment-kubecon-prep-staging.git @ master in path /workspace/source"}

Showing logs for build [32msalaboy-environment-kubecon-pre-7c6fj-1[0m stage [32mfrom-build-pack[0m and container [32mstep-git-merge[0m
Using SHAs from PULL_REFS=master:8031a93e11d102e16762f06718f3c512a1f3436c,71:0d7361ec2fee9358a1111047bc2f936a42d82fdd
DEBUG: LC_ALL=C JX_LOG_LEVEL=error git fetch origin --unshallow 0d7361ec2fee9358a1111047bc2f936a42d82fdd: 8031a93e11d102e16762f06718f3c512a1f3436c:
DEBUG: ran git fetch --unshallow origin 0d7361ec2fee9358a1111047bc2f936a42d82fdd: 8031a93e11d102e16762f06718f3c512a1f3436c: in 
DEBUG: LC_ALL=C JX_LOG_LEVEL=error git branch
DEBUG: LC_ALL=C JX_LOG_LEVEL=error git checkout master
DEBUG: ran git checkout master in 
DEBUG: LC_ALL=C JX_LOG_LEVEL=error git reset --hard 8031a93e11d102e16762f06718f3c512a1f3436c
DEBUG: ran git reset --hard 8031a93e11d102e16762f06718f3c512a1f3436c in 
DEBUG: LC_ALL=C JX_LOG_LEVEL=error git clean -fd .
DEBUG: ran clean --force -d . in 
DEBUG: JX_LOG_LEVEL=error LC_ALL=C git merge 0d7361ec2fee9358a1111047bc2f936a42d82fdd
DEBUG: ran git merge 0d7361ec2fee9358a1111047bc2f936a42d82fdd in 
DEBUG: LC_ALL=C JX_LOG_LEVEL=error git log --format=%H%x1f%an%x1f%ae%x1f%cn%x1f%ce%x1f%s%n%b%x1e 8031a93e11d102e16762f06718f3c512a1f3436c..HEAD
Merged SHA 0d7361ec2fee9358a1111047bc2f936a42d82fdd with commit message 'chore: Promote fmtok8s-c4p to version 0.0.23' into base branch master

Showing logs for build [32msalaboy-environment-kubecon-pre-7c6fj-1[0m stage [32mfrom-build-pack[0m and container [32mstep-build-helm-build[0m
WARNING: No $CHART_REPOSITORY defined so using the default value of: http://jenkins-x-chartmuseum:8080
Adding missing Helm repo: storage.googleapis.com https://storage.googleapis.com/chartmuseum.jenkins-x.io
Successfully added Helm repository storage.googleapis.com.
Adding missing Helm repo: jenkins-x-chartmuseum http://jenkins-x-chartmuseum:8080
Successfully added Helm repository jenkins-x-chartmuseum.
WARNING: No $CHART_REPOSITORY defined so using the default value of: http://jenkins-x-chartmuseum:8080
Adding missing Helm repo: chartmuseum.jenkins-x.io http://chartmuseum.jenkins-x.io
Successfully added Helm repository chartmuseum.jenkins-x.io.
Adding missing Helm repo: helm.zeebe.io http://helm.zeebe.io
Successfully added Helm repository helm.zeebe.io.
