
Showing logs for build [32msalaboy-environment-kubecon-pre-b8wxh-1[0m stage [32mfrom-build-pack[0m and container [32mstep-credential-initializer-qz9pb[0m
{"level":"warn","ts":1582997265.2866144,"logger":"fallback-logger","caller":"logging/config.go:69","msg":"Fetch GitHub commit ID from kodata failed: \"ref: refs/heads/0.8.0-**-support-backwards-incompats\" is not a valid GitHub commit ID"}
{"level":"info","ts":1582997265.2870646,"logger":"fallback-logger","caller":"creds-init/main.go:40","msg":"Credentials initialized."}

Showing logs for build [32msalaboy-environment-kubecon-pre-b8wxh-1[0m stage [32mfrom-build-pack[0m and container [32mstep-working-dir-initializer-vd6rt[0m
{"level":"warn","ts":1582997266.1220813,"logger":"fallback-logger","caller":"logging/config.go:69","msg":"Fetch GitHub commit ID from kodata failed: open /var/run/ko/HEAD: no such file or directory"}
{"level":"info","ts":1582997266.1256235,"logger":"fallback-logger","caller":"bash/main.go:64","msg":"Successfully executed command \"sh -c mkdir -p /workspace/source\"; output "}

Showing logs for build [32msalaboy-environment-kubecon-pre-b8wxh-1[0m stage [32mfrom-build-pack[0m and container [32mstep-place-tools[0m

Showing logs for build [32msalaboy-environment-kubecon-pre-b8wxh-1[0m stage [32mfrom-build-pack[0m and container [32mstep-git-source-salaboy-environment-kubecon-pre-b8wxh-h59wj[0m
{"level":"warn","ts":1582997271.2524629,"logger":"fallback-logger","caller":"logging/config.go:69","msg":"Fetch GitHub commit ID from kodata failed: \"ref: refs/heads/0.8.0-**-support-backwards-incompats\" is not a valid GitHub commit ID"}
{"level":"info","ts":1582997272.388589,"logger":"fallback-logger","caller":"git/git.go:103","msg":"Successfully cloned https://github.com/*******/environment-kubecon-prep-staging.git @ master in path /workspace/source"}

Showing logs for build [32msalaboy-environment-kubecon-pre-b8wxh-1[0m stage [32mfrom-build-pack[0m and container [32mstep-git-merge[0m
Using SHAs from PULL_REFS=master:5150d02a6aac59c18bd0404ba7aa9a2b51e19785,44:4df766dca779bdc2955858c7b67e02d9d9ba7077
DEBUG: JX_LOG_LEVEL=error LC_ALL=C git fetch origin --unshallow 4df766dca779bdc2955858c7b67e02d9d9ba7077: 5150d02a6aac59c18bd0404ba7aa9a2b51e19785:
DEBUG: ran git fetch --unshallow origin 4df766dca779bdc2955858c7b67e02d9d9ba7077: 5150d02a6aac59c18bd0404ba7aa9a2b51e19785: in 
DEBUG: LC_ALL=C JX_LOG_LEVEL=error git branch
DEBUG: LC_ALL=C JX_LOG_LEVEL=error git checkout master
DEBUG: ran git checkout master in 
DEBUG: LC_ALL=C JX_LOG_LEVEL=error git reset --hard 5150d02a6aac59c18bd0404ba7aa9a2b51e19785
DEBUG: ran git reset --hard 5150d02a6aac59c18bd0404ba7aa9a2b51e19785 in 
DEBUG: LC_ALL=C JX_LOG_LEVEL=error git clean -fd .
DEBUG: ran clean --force -d . in 
DEBUG: LC_ALL=C JX_LOG_LEVEL=error git merge 4df766dca779bdc2955858c7b67e02d9d9ba7077
DEBUG: ran git merge 4df766dca779bdc2955858c7b67e02d9d9ba7077 in 
DEBUG: JX_LOG_LEVEL=error LC_ALL=C git log --format=%H%x1f%an%x1f%ae%x1f%cn%x1f%ce%x1f%s%n%b%x1e 5150d02a6aac59c18bd0404ba7aa9a2b51e19785..HEAD
Merged SHA 4df766dca779bdc2955858c7b67e02d9d9ba7077 with commit message 'chore: Promote fmtok8s-c4p to version 0.0.14' into base branch master

Showing logs for build [32msalaboy-environment-kubecon-pre-b8wxh-1[0m stage [32mfrom-build-pack[0m and container [32mstep-build-helm-build[0m
WARNING: No $CHART_REPOSITORY defined so using the default value of: http://jenkins-x-chartmuseum:8080
Adding missing Helm repo: storage.googleapis.com https://storage.googleapis.com/chartmuseum.jenkins-x.io
Successfully added Helm repository storage.googleapis.com.
Adding missing Helm repo: jenkins-x-chartmuseum http://jenkins-x-chartmuseum:8080
Successfully added Helm repository jenkins-x-chartmuseum.
WARNING: No $CHART_REPOSITORY defined so using the default value of: http://jenkins-x-chartmuseum:8080
Adding missing Helm repo: chartmuseum.jenkins-x.io http://chartmuseum.jenkins-x.io
Successfully added Helm repository chartmuseum.jenkins-x.io.
