
Showing logs for build [32msalaboy-environment-kubecon-pre-lsgn7-1[0m stage [32mfrom-build-pack[0m and container [32mstep-credential-initializer-msc6z[0m
{"level":"warn","ts":1583151217.6147935,"logger":"fallback-logger","caller":"logging/config.go:69","msg":"Fetch GitHub commit ID from kodata failed: \"ref: refs/heads/0.8.0-**-support-backwards-incompats\" is not a valid GitHub commit ID"}
{"level":"info","ts":1583151217.6153002,"logger":"fallback-logger","caller":"creds-init/main.go:40","msg":"Credentials initialized."}

Showing logs for build [32msalaboy-environment-kubecon-pre-lsgn7-1[0m stage [32mfrom-build-pack[0m and container [32mstep-working-dir-initializer-9pcvh[0m
{"level":"warn","ts":1583151218.542754,"logger":"fallback-logger","caller":"logging/config.go:69","msg":"Fetch GitHub commit ID from kodata failed: open /var/run/ko/HEAD: no such file or directory"}
{"level":"info","ts":1583151218.5601387,"logger":"fallback-logger","caller":"bash/main.go:64","msg":"Successfully executed command \"sh -c mkdir -p /workspace/source\"; output "}

Showing logs for build [32msalaboy-environment-kubecon-pre-lsgn7-1[0m stage [32mfrom-build-pack[0m and container [32mstep-place-tools[0m

Showing logs for build [32msalaboy-environment-kubecon-pre-lsgn7-1[0m stage [32mfrom-build-pack[0m and container [32mstep-git-source-salaboy-environment-kubecon-pre-lsgn7-7tndg[0m
{"level":"warn","ts":1583151222.5886548,"logger":"fallback-logger","caller":"logging/config.go:69","msg":"Fetch GitHub commit ID from kodata failed: \"ref: refs/heads/0.8.0-**-support-backwards-incompats\" is not a valid GitHub commit ID"}
{"level":"info","ts":1583151224.068613,"logger":"fallback-logger","caller":"git/git.go:103","msg":"Successfully cloned https://github.com/*******/environment-kubecon-prep-staging.git @ master in path /workspace/source"}

Showing logs for build [32msalaboy-environment-kubecon-pre-lsgn7-1[0m stage [32mfrom-build-pack[0m and container [32mstep-git-merge[0m
Using SHAs from PULL_REFS=master:d38a3f3ce672d968e452a0222a4db0e1844d5f77,28:cf1ad333c43db5fc46f2b0af5cec668751472a3c
DEBUG: LC_ALL=C JX_LOG_LEVEL=error git fetch origin --unshallow cf1ad333c43db5fc46f2b0af5cec668751472a3c: d38a3f3ce672d968e452a0222a4db0e1844d5f77:
DEBUG: ran git fetch --unshallow origin cf1ad333c43db5fc46f2b0af5cec668751472a3c: d38a3f3ce672d968e452a0222a4db0e1844d5f77: in 
DEBUG: LC_ALL=C JX_LOG_LEVEL=error git branch
DEBUG: LC_ALL=C JX_LOG_LEVEL=error git checkout master
DEBUG: ran git checkout master in 
DEBUG: LC_ALL=C JX_LOG_LEVEL=error git reset --hard d38a3f3ce672d968e452a0222a4db0e1844d5f77
DEBUG: ran git reset --hard d38a3f3ce672d968e452a0222a4db0e1844d5f77 in 
DEBUG: LC_ALL=C JX_LOG_LEVEL=error git clean -fd .
DEBUG: ran clean --force -d . in 
DEBUG: LC_ALL=C JX_LOG_LEVEL=error git merge cf1ad333c43db5fc46f2b0af5cec668751472a3c
DEBUG: ran git merge cf1ad333c43db5fc46f2b0af5cec668751472a3c in 
DEBUG: LC_ALL=C JX_LOG_LEVEL=error git log --format=%H%x1f%an%x1f%ae%x1f%cn%x1f%ce%x1f%s%n%b%x1e d38a3f3ce672d968e452a0222a4db0e1844d5f77..HEAD
Merged SHA cf1ad333c43db5fc46f2b0af5cec668751472a3c with commit message 'Merge branch 'master' into promote-fmtok8s-c4p-0.0.12' into base branch master
Merged SHA e4f2dbfe75686ea19a3bfac688e9c39f5778165c with commit message 'chore: Promote fmtok8s-c4p to version 0.0.12' into base branch master

Showing logs for build [32msalaboy-environment-kubecon-pre-lsgn7-1[0m stage [32mfrom-build-pack[0m and container [32mstep-build-helm-build[0m
WARNING: No $CHART_REPOSITORY defined so using the default value of: http://jenkins-x-chartmuseum:8080
Adding missing Helm repo: storage.googleapis.com https://storage.googleapis.com/chartmuseum.jenkins-x.io
Successfully added Helm repository storage.googleapis.com.
Adding missing Helm repo: jenkins-x-chartmuseum http://jenkins-x-chartmuseum:8080
Successfully added Helm repository jenkins-x-chartmuseum.
WARNING: No $CHART_REPOSITORY defined so using the default value of: http://jenkins-x-chartmuseum:8080
Adding missing Helm repo: chartmuseum.jenkins-x.io http://chartmuseum.jenkins-x.io
Successfully added Helm repository chartmuseum.jenkins-x.io.
