
Showing logs for build [32msalaboy-environment-kubecon-pre-5lfpt-1[0m stage [32mfrom-build-pack[0m and container [32mstep-credential-initializer-kzfb9[0m
{"level":"warn","ts":1582108360.6985729,"logger":"fallback-logger","caller":"logging/config.go:69","msg":"Fetch GitHub commit ID from kodata failed: \"ref: refs/heads/0.8.0-**-support-backwards-incompats\" is not a valid GitHub commit ID"}
{"level":"info","ts":1582108360.6993008,"logger":"fallback-logger","caller":"creds-init/main.go:40","msg":"Credentials initialized."}

Showing logs for build [32msalaboy-environment-kubecon-pre-5lfpt-1[0m stage [32mfrom-build-pack[0m and container [32mstep-working-dir-initializer-p72sn[0m
{"level":"warn","ts":1582108361.7275739,"logger":"fallback-logger","caller":"logging/config.go:69","msg":"Fetch GitHub commit ID from kodata failed: open /var/run/ko/HEAD: no such file or directory"}
{"level":"info","ts":1582108361.7305408,"logger":"fallback-logger","caller":"bash/main.go:64","msg":"Successfully executed command \"sh -c mkdir -p /workspace/source\"; output "}

Showing logs for build [32msalaboy-environment-kubecon-pre-5lfpt-1[0m stage [32mfrom-build-pack[0m and container [32mstep-place-tools[0m

Showing logs for build [32msalaboy-environment-kubecon-pre-5lfpt-1[0m stage [32mfrom-build-pack[0m and container [32mstep-git-source-salaboy-environment-kubecon-pre-5lfpt-8c2h6[0m
{"level":"warn","ts":1582108367.0451412,"logger":"fallback-logger","caller":"logging/config.go:69","msg":"Fetch GitHub commit ID from kodata failed: \"ref: refs/heads/0.8.0-**-support-backwards-incompats\" is not a valid GitHub commit ID"}
{"level":"info","ts":1582108368.6091413,"logger":"fallback-logger","caller":"git/git.go:103","msg":"Successfully cloned https://github.com/*******/environment-kubecon-prep-staging.git @ master in path /workspace/source"}

Showing logs for build [32msalaboy-environment-kubecon-pre-5lfpt-1[0m stage [32mfrom-build-pack[0m and container [32mstep-git-merge[0m
Using SHAs from PULL_REFS=master:5a6599e66f402286c2ab40000bd53f9a8eccfd3e,1:eba00a976015cbf25c5e669ca919018279447592
DEBUG: LC_ALL=C JX_LOG_LEVEL=error git fetch origin --unshallow eba00a976015cbf25c5e669ca919018279447592: 5a6599e66f402286c2ab40000bd53f9a8eccfd3e:
DEBUG: ran git fetch --unshallow origin eba00a976015cbf25c5e669ca919018279447592: 5a6599e66f402286c2ab40000bd53f9a8eccfd3e: in 
DEBUG: LC_ALL=C JX_LOG_LEVEL=error git branch
DEBUG: LC_ALL=C JX_LOG_LEVEL=error git checkout master
DEBUG: ran git checkout master in 
DEBUG: LC_ALL=C JX_LOG_LEVEL=error git reset --hard 5a6599e66f402286c2ab40000bd53f9a8eccfd3e
DEBUG: ran git reset --hard 5a6599e66f402286c2ab40000bd53f9a8eccfd3e in 
DEBUG: JX_LOG_LEVEL=error LC_ALL=C git clean -fd .
DEBUG: ran clean --force -d . in 
DEBUG: LC_ALL=C JX_LOG_LEVEL=error git merge eba00a976015cbf25c5e669ca919018279447592
DEBUG: ran git merge eba00a976015cbf25c5e669ca919018279447592 in 
DEBUG: LC_ALL=C JX_LOG_LEVEL=error git log --format=%H%x1f%an%x1f%ae%x1f%cn%x1f%ce%x1f%s%n%b%x1e 5a6599e66f402286c2ab40000bd53f9a8eccfd3e..HEAD
Merged SHA eba00a976015cbf25c5e669ca919018279447592 with commit message 'chore: Promote remove-demo to version 0.0.1' into base branch master

Showing logs for build [32msalaboy-environment-kubecon-pre-5lfpt-1[0m stage [32mfrom-build-pack[0m and container [32mstep-build-helm-build[0m
WARNING: No $CHART_REPOSITORY defined so using the default value of: http://jenkins-x-chartmuseum:8080
Adding missing Helm repo: storage.googleapis.com https://storage.googleapis.com/chartmuseum.jenkins-x.io
Successfully added Helm repository storage.googleapis.com.
Adding missing Helm repo: jenkins-x-chartmuseum http://jenkins-x-chartmuseum:8080
Successfully added Helm repository jenkins-x-chartmuseum.
WARNING: No $CHART_REPOSITORY defined so using the default value of: http://jenkins-x-chartmuseum:8080
Adding missing Helm repo: chartmuseum.jenkins-x.io http://chartmuseum.jenkins-x.io
Successfully added Helm repository chartmuseum.jenkins-x.io.
