
Showing logs for build [32msalaboy-environment-kubecon-pre-nlzfn-1[0m stage [32mfrom-build-pack[0m and container [32mstep-credential-initializer-f9p2f[0m
{"level":"warn","ts":1583323654.0872362,"logger":"fallback-logger","caller":"logging/config.go:69","msg":"Fetch GitHub commit ID from kodata failed: \"ref: refs/heads/0.8.0-**-support-backwards-incompats\" is not a valid GitHub commit ID"}
{"level":"info","ts":1583323654.0881708,"logger":"fallback-logger","caller":"creds-init/main.go:40","msg":"Credentials initialized."}

Showing logs for build [32msalaboy-environment-kubecon-pre-nlzfn-1[0m stage [32mfrom-build-pack[0m and container [32mstep-working-dir-initializer-cpmvt[0m
{"level":"warn","ts":1583323655.463594,"logger":"fallback-logger","caller":"logging/config.go:69","msg":"Fetch GitHub commit ID from kodata failed: open /var/run/ko/HEAD: no such file or directory"}
{"level":"info","ts":1583323655.4892776,"logger":"fallback-logger","caller":"bash/main.go:64","msg":"Successfully executed command \"sh -c mkdir -p /workspace/source\"; output "}

Showing logs for build [32msalaboy-environment-kubecon-pre-nlzfn-1[0m stage [32mfrom-build-pack[0m and container [32mstep-place-tools[0m

Showing logs for build [32msalaboy-environment-kubecon-pre-nlzfn-1[0m stage [32mfrom-build-pack[0m and container [32mstep-git-source-salaboy-environment-kubecon-pre-nlzfn-l7kpd[0m
{"level":"warn","ts":1583323660.616153,"logger":"fallback-logger","caller":"logging/config.go:69","msg":"Fetch GitHub commit ID from kodata failed: \"ref: refs/heads/0.8.0-**-support-backwards-incompats\" is not a valid GitHub commit ID"}
{"level":"info","ts":1583323662.0725138,"logger":"fallback-logger","caller":"git/git.go:103","msg":"Successfully cloned https://github.com/*******/environment-kubecon-prep-staging.git @ master in path /workspace/source"}

Showing logs for build [32msalaboy-environment-kubecon-pre-nlzfn-1[0m stage [32mfrom-build-pack[0m and container [32mstep-git-merge[0m
Using SHAs from PULL_REFS=master:7b3b2e5c897d24105b760f4c0f5a9d2863179be4,69:484c41509999c8954f7529e5c06e27af96bd499b
DEBUG: LC_ALL=C JX_LOG_LEVEL=error git fetch origin --unshallow 484c41509999c8954f7529e5c06e27af96bd499b: 7b3b2e5c897d24105b760f4c0f5a9d2863179be4:
DEBUG: ran git fetch --unshallow origin 484c41509999c8954f7529e5c06e27af96bd499b: 7b3b2e5c897d24105b760f4c0f5a9d2863179be4: in 
DEBUG: LC_ALL=C JX_LOG_LEVEL=error git branch
DEBUG: LC_ALL=C JX_LOG_LEVEL=error git checkout master
DEBUG: ran git checkout master in 
DEBUG: LC_ALL=C JX_LOG_LEVEL=error git reset --hard 7b3b2e5c897d24105b760f4c0f5a9d2863179be4
DEBUG: ran git reset --hard 7b3b2e5c897d24105b760f4c0f5a9d2863179be4 in 
DEBUG: LC_ALL=C JX_LOG_LEVEL=error git clean -fd .
DEBUG: ran clean --force -d . in 
DEBUG: LC_ALL=C JX_LOG_LEVEL=error git merge 484c41509999c8954f7529e5c06e27af96bd499b
DEBUG: ran git merge 484c41509999c8954f7529e5c06e27af96bd499b in 
DEBUG: LC_ALL=C JX_LOG_LEVEL=error git log --format=%H%x1f%an%x1f%ae%x1f%cn%x1f%ce%x1f%s%n%b%x1e 7b3b2e5c897d24105b760f4c0f5a9d2863179be4..HEAD
Merged SHA 484c41509999c8954f7529e5c06e27af96bd499b with commit message 'chore: Promote fmtok8s-email to version 0.0.8' into base branch master

Showing logs for build [32msalaboy-environment-kubecon-pre-nlzfn-1[0m stage [32mfrom-build-pack[0m and container [32mstep-build-helm-build[0m
WARNING: No $CHART_REPOSITORY defined so using the default value of: http://jenkins-x-chartmuseum:8080
Adding missing Helm repo: storage.googleapis.com https://storage.googleapis.com/chartmuseum.jenkins-x.io
Successfully added Helm repository storage.googleapis.com.
Adding missing Helm repo: jenkins-x-chartmuseum http://jenkins-x-chartmuseum:8080
Successfully added Helm repository jenkins-x-chartmuseum.
WARNING: No $CHART_REPOSITORY defined so using the default value of: http://jenkins-x-chartmuseum:8080
Adding missing Helm repo: chartmuseum.jenkins-x.io http://chartmuseum.jenkins-x.io
Successfully added Helm repository chartmuseum.jenkins-x.io.
Adding missing Helm repo: helm.zeebe.io http://helm.zeebe.io
Successfully added Helm repository helm.zeebe.io.
