
Showing logs for build [32msalaboy-environment-kubecon-pre-svrzs-1[0m stage [32mfrom-build-pack[0m and container [32mstep-credential-initializer-wbww4[0m
{"level":"warn","ts":1582729790.8474655,"logger":"fallback-logger","caller":"logging/config.go:69","msg":"Fetch GitHub commit ID from kodata failed: \"ref: refs/heads/0.8.0-**-support-backwards-incompats\" is not a valid GitHub commit ID"}
{"level":"info","ts":1582729790.8479724,"logger":"fallback-logger","caller":"creds-init/main.go:40","msg":"Credentials initialized."}

Showing logs for build [32msalaboy-environment-kubecon-pre-svrzs-1[0m stage [32mfrom-build-pack[0m and container [32mstep-working-dir-initializer-8fb8v[0m
{"level":"warn","ts":1582729792.3258991,"logger":"fallback-logger","caller":"logging/config.go:69","msg":"Fetch GitHub commit ID from kodata failed: open /var/run/ko/HEAD: no such file or directory"}
{"level":"info","ts":1582729792.3281324,"logger":"fallback-logger","caller":"bash/main.go:64","msg":"Successfully executed command \"sh -c mkdir -p /workspace/source\"; output "}

Showing logs for build [32msalaboy-environment-kubecon-pre-svrzs-1[0m stage [32mfrom-build-pack[0m and container [32mstep-place-tools[0m

Showing logs for build [32msalaboy-environment-kubecon-pre-svrzs-1[0m stage [32mfrom-build-pack[0m and container [32mstep-git-source-salaboy-environment-kubecon-pre-svrzs-nr66b[0m
{"level":"warn","ts":1582729796.4243896,"logger":"fallback-logger","caller":"logging/config.go:69","msg":"Fetch GitHub commit ID from kodata failed: \"ref: refs/heads/0.8.0-**-support-backwards-incompats\" is not a valid GitHub commit ID"}
{"level":"info","ts":1582729797.5393543,"logger":"fallback-logger","caller":"git/git.go:103","msg":"Successfully cloned https://github.com/*******/environment-kubecon-prep-staging.git @ master in path /workspace/source"}

Showing logs for build [32msalaboy-environment-kubecon-pre-svrzs-1[0m stage [32mfrom-build-pack[0m and container [32mstep-git-merge[0m
Using SHAs from PULL_REFS=master:208cf18033e244efcab04b27a405d42c50ba3895,18:e1f655ca7b92ca833d356368b506d7f121a04342
DEBUG: LC_ALL=C JX_LOG_LEVEL=error git fetch origin --unshallow e1f655ca7b92ca833d356368b506d7f121a04342: 208cf18033e244efcab04b27a405d42c50ba3895:
DEBUG: ran git fetch --unshallow origin e1f655ca7b92ca833d356368b506d7f121a04342: 208cf18033e244efcab04b27a405d42c50ba3895: in 
DEBUG: LC_ALL=C JX_LOG_LEVEL=error git branch
DEBUG: LC_ALL=C JX_LOG_LEVEL=error git checkout master
DEBUG: ran git checkout master in 
DEBUG: LC_ALL=C JX_LOG_LEVEL=error git reset --hard 208cf18033e244efcab04b27a405d42c50ba3895
DEBUG: ran git reset --hard 208cf18033e244efcab04b27a405d42c50ba3895 in 
DEBUG: LC_ALL=C JX_LOG_LEVEL=error git clean -fd .
DEBUG: ran clean --force -d . in 
DEBUG: LC_ALL=C JX_LOG_LEVEL=error git merge e1f655ca7b92ca833d356368b506d7f121a04342
DEBUG: ran git merge e1f655ca7b92ca833d356368b506d7f121a04342 in 
DEBUG: LC_ALL=C JX_LOG_LEVEL=error git log --format=%H%x1f%an%x1f%ae%x1f%cn%x1f%ce%x1f%s%n%b%x1e 208cf18033e244efcab04b27a405d42c50ba3895..HEAD
Merged SHA e1f655ca7b92ca833d356368b506d7f121a04342 with commit message 'chore: Promote fmtok8s-tests to version 0.0.4' into base branch master

Showing logs for build [32msalaboy-environment-kubecon-pre-svrzs-1[0m stage [32mfrom-build-pack[0m and container [32mstep-build-helm-build[0m
WARNING: No $CHART_REPOSITORY defined so using the default value of: http://jenkins-x-chartmuseum:8080
Adding missing Helm repo: storage.googleapis.com https://storage.googleapis.com/chartmuseum.jenkins-x.io
Successfully added Helm repository storage.googleapis.com.
Adding missing Helm repo: jenkins-x-chartmuseum http://jenkins-x-chartmuseum:8080
Successfully added Helm repository jenkins-x-chartmuseum.
WARNING: No $CHART_REPOSITORY defined so using the default value of: http://jenkins-x-chartmuseum:8080
Adding missing Helm repo: chartmuseum.jenkins-x.io http://chartmuseum.jenkins-x.io
Successfully added Helm repository chartmuseum.jenkins-x.io.
