
Showing logs for build [32msalaboy-environment-kubecon-pre-h6rqs-1[0m stage [32mfrom-build-pack[0m and container [32mstep-credential-initializer-rkpsd[0m
{"level":"warn","ts":1582806182.9333239,"logger":"fallback-logger","caller":"logging/config.go:69","msg":"Fetch GitHub commit ID from kodata failed: \"ref: refs/heads/0.8.0-**-support-backwards-incompats\" is not a valid GitHub commit ID"}
{"level":"info","ts":1582806182.9341874,"logger":"fallback-logger","caller":"creds-init/main.go:40","msg":"Credentials initialized."}

Showing logs for build [32msalaboy-environment-kubecon-pre-h6rqs-1[0m stage [32mfrom-build-pack[0m and container [32mstep-working-dir-initializer-lh466[0m
{"level":"warn","ts":1582806184.3270257,"logger":"fallback-logger","caller":"logging/config.go:69","msg":"Fetch GitHub commit ID from kodata failed: open /var/run/ko/HEAD: no such file or directory"}
{"level":"info","ts":1582806184.3474622,"logger":"fallback-logger","caller":"bash/main.go:64","msg":"Successfully executed command \"sh -c mkdir -p /workspace/source\"; output "}

Showing logs for build [32msalaboy-environment-kubecon-pre-h6rqs-1[0m stage [32mfrom-build-pack[0m and container [32mstep-place-tools[0m

Showing logs for build [32msalaboy-environment-kubecon-pre-h6rqs-1[0m stage [32mfrom-build-pack[0m and container [32mstep-git-source-salaboy-environment-kubecon-pre-h6rqs-ngl6x[0m
{"level":"warn","ts":1582806189.5086546,"logger":"fallback-logger","caller":"logging/config.go:69","msg":"Fetch GitHub commit ID from kodata failed: \"ref: refs/heads/0.8.0-**-support-backwards-incompats\" is not a valid GitHub commit ID"}
{"level":"info","ts":1582806190.895025,"logger":"fallback-logger","caller":"git/git.go:103","msg":"Successfully cloned https://github.com/*******/environment-kubecon-prep-staging.git @ master in path /workspace/source"}

Showing logs for build [32msalaboy-environment-kubecon-pre-h6rqs-1[0m stage [32mfrom-build-pack[0m and container [32mstep-git-merge[0m
Using SHAs from PULL_REFS=master:a76619f91384932e535649e44a2822033dae6e43,26:fde8f1e6f80c491fafda21933fa78c9954d5d2ba
DEBUG: LC_ALL=C JX_LOG_LEVEL=error git fetch origin --unshallow fde8f1e6f80c491fafda21933fa78c9954d5d2ba: a76619f91384932e535649e44a2822033dae6e43:
DEBUG: ran git fetch --unshallow origin fde8f1e6f80c491fafda21933fa78c9954d5d2ba: a76619f91384932e535649e44a2822033dae6e43: in 
DEBUG: JX_LOG_LEVEL=error LC_ALL=C git branch
DEBUG: LC_ALL=C JX_LOG_LEVEL=error git checkout master
DEBUG: ran git checkout master in 
DEBUG: LC_ALL=C JX_LOG_LEVEL=error git reset --hard a76619f91384932e535649e44a2822033dae6e43
DEBUG: ran git reset --hard a76619f91384932e535649e44a2822033dae6e43 in 
DEBUG: LC_ALL=C JX_LOG_LEVEL=error git clean -fd .
DEBUG: ran clean --force -d . in 
DEBUG: LC_ALL=C JX_LOG_LEVEL=error git merge fde8f1e6f80c491fafda21933fa78c9954d5d2ba
DEBUG: ran git merge fde8f1e6f80c491fafda21933fa78c9954d5d2ba in 
DEBUG: LC_ALL=C JX_LOG_LEVEL=error git log --format=%H%x1f%an%x1f%ae%x1f%cn%x1f%ce%x1f%s%n%b%x1e a76619f91384932e535649e44a2822033dae6e43..HEAD
Merged SHA ea0b2acac6d2f7aac687333f54be3d6a079e0857 with commit message 'Merge commit 'fde8f1e6f80c491fafda21933fa78c9954d5d2ba'' into base branch master
Merged SHA fde8f1e6f80c491fafda21933fa78c9954d5d2ba with commit message 'chore: Promote fmtok8s-c4p to version 0.0.10' into base branch master

Showing logs for build [32msalaboy-environment-kubecon-pre-h6rqs-1[0m stage [32mfrom-build-pack[0m and container [32mstep-build-helm-build[0m
WARNING: No $CHART_REPOSITORY defined so using the default value of: http://jenkins-x-chartmuseum:8080
Adding missing Helm repo: storage.googleapis.com https://storage.googleapis.com/chartmuseum.jenkins-x.io
Successfully added Helm repository storage.googleapis.com.
Adding missing Helm repo: jenkins-x-chartmuseum http://jenkins-x-chartmuseum:8080
Successfully added Helm repository jenkins-x-chartmuseum.
WARNING: No $CHART_REPOSITORY defined so using the default value of: http://jenkins-x-chartmuseum:8080
Adding missing Helm repo: chartmuseum.jenkins-x.io http://chartmuseum.jenkins-x.io
Successfully added Helm repository chartmuseum.jenkins-x.io.
