
Showing logs for build [32msalaboy-environment-kubecon-pre-ddhcc-1[0m stage [32mfrom-build-pack[0m and container [32mstep-credential-initializer-h5wmj[0m
{"level":"warn","ts":1582886688.9591224,"logger":"fallback-logger","caller":"logging/config.go:69","msg":"Fetch GitHub commit ID from kodata failed: \"ref: refs/heads/0.8.0-**-support-backwards-incompats\" is not a valid GitHub commit ID"}
{"level":"info","ts":1582886688.9602187,"logger":"fallback-logger","caller":"creds-init/main.go:40","msg":"Credentials initialized."}

Showing logs for build [32msalaboy-environment-kubecon-pre-ddhcc-1[0m stage [32mfrom-build-pack[0m and container [32mstep-working-dir-initializer-g2bqw[0m
{"level":"warn","ts":1582886689.8643076,"logger":"fallback-logger","caller":"logging/config.go:69","msg":"Fetch GitHub commit ID from kodata failed: open /var/run/ko/HEAD: no such file or directory"}
{"level":"info","ts":1582886689.887293,"logger":"fallback-logger","caller":"bash/main.go:64","msg":"Successfully executed command \"sh -c mkdir -p /workspace/source\"; output "}

Showing logs for build [32msalaboy-environment-kubecon-pre-ddhcc-1[0m stage [32mfrom-build-pack[0m and container [32mstep-place-tools[0m

Showing logs for build [32msalaboy-environment-kubecon-pre-ddhcc-1[0m stage [32mfrom-build-pack[0m and container [32mstep-git-source-salaboy-environment-kubecon-pre-ddhcc-7gttz[0m
{"level":"warn","ts":1582886693.9642923,"logger":"fallback-logger","caller":"logging/config.go:69","msg":"Fetch GitHub commit ID from kodata failed: \"ref: refs/heads/0.8.0-**-support-backwards-incompats\" is not a valid GitHub commit ID"}
{"level":"info","ts":1582886695.334157,"logger":"fallback-logger","caller":"git/git.go:103","msg":"Successfully cloned https://github.com/*******/environment-kubecon-prep-staging.git @ master in path /workspace/source"}

Showing logs for build [32msalaboy-environment-kubecon-pre-ddhcc-1[0m stage [32mfrom-build-pack[0m and container [32mstep-git-merge[0m
Using SHAs from PULL_REFS=master:7735c807f2d9272fa3d1cffafc87e4683c9dc950,31:3c29b9fbd52dfc19da0a2c675f04d5c561ec77bb
DEBUG: LC_ALL=C JX_LOG_LEVEL=error git fetch origin --unshallow 3c29b9fbd52dfc19da0a2c675f04d5c561ec77bb: 7735c807f2d9272fa3d1cffafc87e4683c9dc950:
DEBUG: ran git fetch --unshallow origin 3c29b9fbd52dfc19da0a2c675f04d5c561ec77bb: 7735c807f2d9272fa3d1cffafc87e4683c9dc950: in 
DEBUG: LC_ALL=C JX_LOG_LEVEL=error git branch
DEBUG: LC_ALL=C JX_LOG_LEVEL=error git checkout master
DEBUG: ran git checkout master in 
DEBUG: LC_ALL=C JX_LOG_LEVEL=error git reset --hard 7735c807f2d9272fa3d1cffafc87e4683c9dc950
DEBUG: ran git reset --hard 7735c807f2d9272fa3d1cffafc87e4683c9dc950 in 
DEBUG: LC_ALL=C JX_LOG_LEVEL=error git clean -fd .
DEBUG: ran clean --force -d . in 
DEBUG: LC_ALL=C JX_LOG_LEVEL=error git merge 3c29b9fbd52dfc19da0a2c675f04d5c561ec77bb
DEBUG: ran git merge 3c29b9fbd52dfc19da0a2c675f04d5c561ec77bb in 
DEBUG: LC_ALL=C JX_LOG_LEVEL=error git log --format=%H%x1f%an%x1f%ae%x1f%cn%x1f%ce%x1f%s%n%b%x1e 7735c807f2d9272fa3d1cffafc87e4683c9dc950..HEAD
Merged SHA 3c29b9fbd52dfc19da0a2c675f04d5c561ec77bb with commit message 'chore: Promote fmtok8s-email to version 0.0.2' into base branch master

Showing logs for build [32msalaboy-environment-kubecon-pre-ddhcc-1[0m stage [32mfrom-build-pack[0m and container [32mstep-build-helm-build[0m
WARNING: No $CHART_REPOSITORY defined so using the default value of: http://jenkins-x-chartmuseum:8080
Adding missing Helm repo: storage.googleapis.com https://storage.googleapis.com/chartmuseum.jenkins-x.io
Successfully added Helm repository storage.googleapis.com.
Adding missing Helm repo: jenkins-x-chartmuseum http://jenkins-x-chartmuseum:8080
Successfully added Helm repository jenkins-x-chartmuseum.
WARNING: No $CHART_REPOSITORY defined so using the default value of: http://jenkins-x-chartmuseum:8080
Adding missing Helm repo: chartmuseum.jenkins-x.io http://chartmuseum.jenkins-x.io
Successfully added Helm repository chartmuseum.jenkins-x.io.
