
Showing logs for build [32msalaboy-environment-kubecon-pre-sscqg-1[0m stage [32mfrom-build-pack[0m and container [32mstep-credential-initializer-d8k6w[0m
{"level":"warn","ts":1583178823.8145666,"logger":"fallback-logger","caller":"logging/config.go:69","msg":"Fetch GitHub commit ID from kodata failed: \"ref: refs/heads/0.8.0-**-support-backwards-incompats\" is not a valid GitHub commit ID"}
{"level":"info","ts":1583178823.815149,"logger":"fallback-logger","caller":"creds-init/main.go:40","msg":"Credentials initialized."}

Showing logs for build [32msalaboy-environment-kubecon-pre-sscqg-1[0m stage [32mfrom-build-pack[0m and container [32mstep-working-dir-initializer-jclwh[0m
{"level":"warn","ts":1583178824.8719394,"logger":"fallback-logger","caller":"logging/config.go:69","msg":"Fetch GitHub commit ID from kodata failed: open /var/run/ko/HEAD: no such file or directory"}
{"level":"info","ts":1583178824.8794777,"logger":"fallback-logger","caller":"bash/main.go:64","msg":"Successfully executed command \"sh -c mkdir -p /workspace/source\"; output "}

Showing logs for build [32msalaboy-environment-kubecon-pre-sscqg-1[0m stage [32mfrom-build-pack[0m and container [32mstep-place-tools[0m

Showing logs for build [32msalaboy-environment-kubecon-pre-sscqg-1[0m stage [32mfrom-build-pack[0m and container [32mstep-git-source-salaboy-environment-kubecon-pre-sscqg-vfhnn[0m
{"level":"warn","ts":1583178828.9875565,"logger":"fallback-logger","caller":"logging/config.go:69","msg":"Fetch GitHub commit ID from kodata failed: \"ref: refs/heads/0.8.0-**-support-backwards-incompats\" is not a valid GitHub commit ID"}
{"level":"info","ts":1583178830.1439579,"logger":"fallback-logger","caller":"git/git.go:103","msg":"Successfully cloned https://github.com/*******/environment-kubecon-prep-staging.git @ master in path /workspace/source"}

Showing logs for build [32msalaboy-environment-kubecon-pre-sscqg-1[0m stage [32mfrom-build-pack[0m and container [32mstep-git-merge[0m
Using SHAs from PULL_REFS=master:16c57c7f5eb0a3d181a892f3adc19076cfb39768,60:30d449e4c83d4b9ae7c146f967a5de9a7be57fe7
DEBUG: LC_ALL=C JX_LOG_LEVEL=error git fetch origin --unshallow 30d449e4c83d4b9ae7c146f967a5de9a7be57fe7: 16c57c7f5eb0a3d181a892f3adc19076cfb39768:
DEBUG: ran git fetch --unshallow origin 30d449e4c83d4b9ae7c146f967a5de9a7be57fe7: 16c57c7f5eb0a3d181a892f3adc19076cfb39768: in 
DEBUG: LC_ALL=C JX_LOG_LEVEL=error git branch
DEBUG: LC_ALL=C JX_LOG_LEVEL=error git checkout master
DEBUG: ran git checkout master in 
DEBUG: JX_LOG_LEVEL=error LC_ALL=C git reset --hard 16c57c7f5eb0a3d181a892f3adc19076cfb39768
DEBUG: ran git reset --hard 16c57c7f5eb0a3d181a892f3adc19076cfb39768 in 
DEBUG: LC_ALL=C JX_LOG_LEVEL=error git clean -fd .
DEBUG: ran clean --force -d . in 
DEBUG: LC_ALL=C JX_LOG_LEVEL=error git merge 30d449e4c83d4b9ae7c146f967a5de9a7be57fe7
DEBUG: ran git merge 30d449e4c83d4b9ae7c146f967a5de9a7be57fe7 in 
DEBUG: LC_ALL=C JX_LOG_LEVEL=error git log --format=%H%x1f%an%x1f%ae%x1f%cn%x1f%ce%x1f%s%n%b%x1e 16c57c7f5eb0a3d181a892f3adc19076cfb39768..HEAD
Merged SHA 30d449e4c83d4b9ae7c146f967a5de9a7be57fe7 with commit message 'chore: Promote fmtok8s-api-gateway to version 0.0.31' into base branch master

Showing logs for build [32msalaboy-environment-kubecon-pre-sscqg-1[0m stage [32mfrom-build-pack[0m and container [32mstep-build-helm-build[0m
WARNING: No $CHART_REPOSITORY defined so using the default value of: http://jenkins-x-chartmuseum:8080
Adding missing Helm repo: storage.googleapis.com https://storage.googleapis.com/chartmuseum.jenkins-x.io
Successfully added Helm repository storage.googleapis.com.
Adding missing Helm repo: jenkins-x-chartmuseum http://jenkins-x-chartmuseum:8080
Successfully added Helm repository jenkins-x-chartmuseum.
WARNING: No $CHART_REPOSITORY defined so using the default value of: http://jenkins-x-chartmuseum:8080
Adding missing Helm repo: chartmuseum.jenkins-x.io http://chartmuseum.jenkins-x.io
Successfully added Helm repository chartmuseum.jenkins-x.io.
