
Showing logs for build [32msalaboy-environment-kubecon-pre-kxpff-1[0m stage [32mfrom-build-pack[0m and container [32mstep-credential-initializer-4ph8m[0m
{"level":"warn","ts":1582108706.3745315,"logger":"fallback-logger","caller":"logging/config.go:69","msg":"Fetch GitHub commit ID from kodata failed: \"ref: refs/heads/0.8.0-**-support-backwards-incompats\" is not a valid GitHub commit ID"}
{"level":"info","ts":1582108706.3752325,"logger":"fallback-logger","caller":"creds-init/main.go:40","msg":"Credentials initialized."}

Showing logs for build [32msalaboy-environment-kubecon-pre-kxpff-1[0m stage [32mfrom-build-pack[0m and container [32mstep-working-dir-initializer-rg6ks[0m
{"level":"warn","ts":1582108707.721216,"logger":"fallback-logger","caller":"logging/config.go:69","msg":"Fetch GitHub commit ID from kodata failed: open /var/run/ko/HEAD: no such file or directory"}
{"level":"info","ts":1582108707.7225099,"logger":"fallback-logger","caller":"bash/main.go:64","msg":"Successfully executed command \"sh -c mkdir -p /workspace/source\"; output "}

Showing logs for build [32msalaboy-environment-kubecon-pre-kxpff-1[0m stage [32mfrom-build-pack[0m and container [32mstep-place-tools[0m

Showing logs for build [32msalaboy-environment-kubecon-pre-kxpff-1[0m stage [32mfrom-build-pack[0m and container [32mstep-git-source-salaboy-environment-kubecon-pre-kxpff-dmr4b[0m
{"level":"warn","ts":1582108712.889416,"logger":"fallback-logger","caller":"logging/config.go:69","msg":"Fetch GitHub commit ID from kodata failed: \"ref: refs/heads/0.8.0-**-support-backwards-incompats\" is not a valid GitHub commit ID"}
{"level":"info","ts":1582108714.3909178,"logger":"fallback-logger","caller":"git/git.go:103","msg":"Successfully cloned https://github.com/*******/environment-kubecon-prep-staging.git @ master in path /workspace/source"}

Showing logs for build [32msalaboy-environment-kubecon-pre-kxpff-1[0m stage [32mfrom-build-pack[0m and container [32mstep-git-merge[0m
Using SHAs from PULL_REFS=master:767cd3d54775f5e22b4627295abdcffeb9d31dd9,2:5d4061980a278a65fa90bc85d0f33d5850bab60c
DEBUG: LC_ALL=C JX_LOG_LEVEL=error git fetch origin --unshallow 5d4061980a278a65fa90bc85d0f33d5850bab60c: 767cd3d54775f5e22b4627295abdcffeb9d31dd9:
DEBUG: ran git fetch --unshallow origin 5d4061980a278a65fa90bc85d0f33d5850bab60c: 767cd3d54775f5e22b4627295abdcffeb9d31dd9: in 
DEBUG: LC_ALL=C JX_LOG_LEVEL=error git branch
DEBUG: LC_ALL=C JX_LOG_LEVEL=error git checkout master
DEBUG: ran git checkout master in 
DEBUG: LC_ALL=C JX_LOG_LEVEL=error git reset --hard 767cd3d54775f5e22b4627295abdcffeb9d31dd9
DEBUG: ran git reset --hard 767cd3d54775f5e22b4627295abdcffeb9d31dd9 in 
DEBUG: JX_LOG_LEVEL=error LC_ALL=C git clean -fd .
DEBUG: ran clean --force -d . in 
DEBUG: LC_ALL=C JX_LOG_LEVEL=error git merge 5d4061980a278a65fa90bc85d0f33d5850bab60c
DEBUG: ran git merge 5d4061980a278a65fa90bc85d0f33d5850bab60c in 
DEBUG: LC_ALL=C JX_LOG_LEVEL=error git log --format=%H%x1f%an%x1f%ae%x1f%cn%x1f%ce%x1f%s%n%b%x1e 767cd3d54775f5e22b4627295abdcffeb9d31dd9..HEAD
Merged SHA 5d4061980a278a65fa90bc85d0f33d5850bab60c with commit message 'The command `** delete application` was run by ******* and it generated this Pull Request' into base branch master

Showing logs for build [32msalaboy-environment-kubecon-pre-kxpff-1[0m stage [32mfrom-build-pack[0m and container [32mstep-build-helm-build[0m
WARNING: No $CHART_REPOSITORY defined so using the default value of: http://jenkins-x-chartmuseum:8080
Adding missing Helm repo: storage.googleapis.com https://storage.googleapis.com/chartmuseum.jenkins-x.io
Successfully added Helm repository storage.googleapis.com.
Adding missing Helm repo: jenkins-x-chartmuseum http://jenkins-x-chartmuseum:8080
Successfully added Helm repository jenkins-x-chartmuseum.
WARNING: No $CHART_REPOSITORY defined so using the default value of: http://jenkins-x-chartmuseum:8080
Adding missing Helm repo: chartmuseum.jenkins-x.io http://chartmuseum.jenkins-x.io
Successfully added Helm repository chartmuseum.jenkins-x.io.
