
Showing logs for build [32msalaboy-environment-kubecon-pre-zzk5z-1[0m stage [32mfrom-build-pack[0m and container [32mstep-credential-initializer-skjfk[0m
{"level":"warn","ts":1583176773.6818914,"logger":"fallback-logger","caller":"logging/config.go:69","msg":"Fetch GitHub commit ID from kodata failed: \"ref: refs/heads/0.8.0-**-support-backwards-incompats\" is not a valid GitHub commit ID"}
{"level":"info","ts":1583176773.683423,"logger":"fallback-logger","caller":"creds-init/main.go:40","msg":"Credentials initialized."}

Showing logs for build [32msalaboy-environment-kubecon-pre-zzk5z-1[0m stage [32mfrom-build-pack[0m and container [32mstep-working-dir-initializer-hdvzg[0m
{"level":"warn","ts":1583176774.716949,"logger":"fallback-logger","caller":"logging/config.go:69","msg":"Fetch GitHub commit ID from kodata failed: open /var/run/ko/HEAD: no such file or directory"}
{"level":"info","ts":1583176774.7212791,"logger":"fallback-logger","caller":"bash/main.go:64","msg":"Successfully executed command \"sh -c mkdir -p /workspace/source\"; output "}

Showing logs for build [32msalaboy-environment-kubecon-pre-zzk5z-1[0m stage [32mfrom-build-pack[0m and container [32mstep-place-tools[0m

Showing logs for build [32msalaboy-environment-kubecon-pre-zzk5z-1[0m stage [32mfrom-build-pack[0m and container [32mstep-git-source-salaboy-environment-kubecon-pre-zzk5z-67m8v[0m
{"level":"warn","ts":1583176777.7536623,"logger":"fallback-logger","caller":"logging/config.go:69","msg":"Fetch GitHub commit ID from kodata failed: \"ref: refs/heads/0.8.0-**-support-backwards-incompats\" is not a valid GitHub commit ID"}
{"level":"info","ts":1583176778.9116497,"logger":"fallback-logger","caller":"git/git.go:103","msg":"Successfully cloned https://github.com/*******/environment-kubecon-prep-staging.git @ master in path /workspace/source"}

Showing logs for build [32msalaboy-environment-kubecon-pre-zzk5z-1[0m stage [32mfrom-build-pack[0m and container [32mstep-git-merge[0m
Using SHAs from PULL_REFS=master:b39553a714e730f198bbf5d1eaa951b7cee2955a,59:09c302e5415e3e5b5f6d59ea95ac444d91da6a2b
DEBUG: JX_LOG_LEVEL=error LC_ALL=C git fetch origin --unshallow 09c302e5415e3e5b5f6d59ea95ac444d91da6a2b: b39553a714e730f198bbf5d1eaa951b7cee2955a:
DEBUG: ran git fetch --unshallow origin 09c302e5415e3e5b5f6d59ea95ac444d91da6a2b: b39553a714e730f198bbf5d1eaa951b7cee2955a: in 
DEBUG: LC_ALL=C JX_LOG_LEVEL=error git branch
DEBUG: LC_ALL=C JX_LOG_LEVEL=error git checkout master
DEBUG: ran git checkout master in 
DEBUG: LC_ALL=C JX_LOG_LEVEL=error git reset --hard b39553a714e730f198bbf5d1eaa951b7cee2955a
DEBUG: ran git reset --hard b39553a714e730f198bbf5d1eaa951b7cee2955a in 
DEBUG: LC_ALL=C JX_LOG_LEVEL=error git clean -fd .
DEBUG: ran clean --force -d . in 
DEBUG: LC_ALL=C JX_LOG_LEVEL=error git merge 09c302e5415e3e5b5f6d59ea95ac444d91da6a2b
DEBUG: ran git merge 09c302e5415e3e5b5f6d59ea95ac444d91da6a2b in 
DEBUG: LC_ALL=C JX_LOG_LEVEL=error git log --format=%H%x1f%an%x1f%ae%x1f%cn%x1f%ce%x1f%s%n%b%x1e b39553a714e730f198bbf5d1eaa951b7cee2955a..HEAD
Merged SHA 09c302e5415e3e5b5f6d59ea95ac444d91da6a2b with commit message 'chore: Promote fmtok8s-email to version 0.0.5' into base branch master

Showing logs for build [32msalaboy-environment-kubecon-pre-zzk5z-1[0m stage [32mfrom-build-pack[0m and container [32mstep-build-helm-build[0m
WARNING: No $CHART_REPOSITORY defined so using the default value of: http://jenkins-x-chartmuseum:8080
Adding missing Helm repo: storage.googleapis.com https://storage.googleapis.com/chartmuseum.jenkins-x.io
Successfully added Helm repository storage.googleapis.com.
Adding missing Helm repo: jenkins-x-chartmuseum http://jenkins-x-chartmuseum:8080
Successfully added Helm repository jenkins-x-chartmuseum.
WARNING: No $CHART_REPOSITORY defined so using the default value of: http://jenkins-x-chartmuseum:8080
Adding missing Helm repo: chartmuseum.jenkins-x.io http://chartmuseum.jenkins-x.io
Successfully added Helm repository chartmuseum.jenkins-x.io.
