
Showing logs for build [32msalaboy-environment-kubecon-pre-rl79w-1[0m stage [32mfrom-build-pack[0m and container [32mstep-credential-initializer-wgq2v[0m
{"level":"warn","ts":1583403141.0548077,"logger":"fallback-logger","caller":"logging/config.go:69","msg":"Fetch GitHub commit ID from kodata failed: \"ref: refs/heads/0.8.0-**-support-backwards-incompats\" is not a valid GitHub commit ID"}
{"level":"info","ts":1583403141.0553463,"logger":"fallback-logger","caller":"creds-init/main.go:40","msg":"Credentials initialized."}

Showing logs for build [32msalaboy-environment-kubecon-pre-rl79w-1[0m stage [32mfrom-build-pack[0m and container [32mstep-working-dir-initializer-vc284[0m
{"level":"warn","ts":1583403142.0422935,"logger":"fallback-logger","caller":"logging/config.go:69","msg":"Fetch GitHub commit ID from kodata failed: open /var/run/ko/HEAD: no such file or directory"}
{"level":"info","ts":1583403142.043624,"logger":"fallback-logger","caller":"bash/main.go:64","msg":"Successfully executed command \"sh -c mkdir -p /workspace/source\"; output "}

Showing logs for build [32msalaboy-environment-kubecon-pre-rl79w-1[0m stage [32mfrom-build-pack[0m and container [32mstep-place-tools[0m

Showing logs for build [32msalaboy-environment-kubecon-pre-rl79w-1[0m stage [32mfrom-build-pack[0m and container [32mstep-git-source-salaboy-environment-kubecon-pre-rl79w-qkv7b[0m
{"level":"warn","ts":1583403169.1682045,"logger":"fallback-logger","caller":"logging/config.go:69","msg":"Fetch GitHub commit ID from kodata failed: \"ref: refs/heads/0.8.0-**-support-backwards-incompats\" is not a valid GitHub commit ID"}
{"level":"info","ts":1583403170.406088,"logger":"fallback-logger","caller":"git/git.go:103","msg":"Successfully cloned https://github.com/*******/environment-kubecon-prep-staging.git @ master in path /workspace/source"}

Showing logs for build [32msalaboy-environment-kubecon-pre-rl79w-1[0m stage [32mfrom-build-pack[0m and container [32mstep-git-merge[0m
Using SHAs from PULL_REFS=master:06a6462f980be828f6e0e47c684bc39a207f4a4e,70:10af8c4893c80c2f1ba6052d686a08b3e52598cc
DEBUG: LC_ALL=C JX_LOG_LEVEL=error git fetch origin --unshallow 10af8c4893c80c2f1ba6052d686a08b3e52598cc: 06a6462f980be828f6e0e47c684bc39a207f4a4e:
DEBUG: ran git fetch --unshallow origin 10af8c4893c80c2f1ba6052d686a08b3e52598cc: 06a6462f980be828f6e0e47c684bc39a207f4a4e: in 
DEBUG: LC_ALL=C JX_LOG_LEVEL=error git branch
DEBUG: LC_ALL=C JX_LOG_LEVEL=error git checkout master
DEBUG: ran git checkout master in 
DEBUG: LC_ALL=C JX_LOG_LEVEL=error git reset --hard 06a6462f980be828f6e0e47c684bc39a207f4a4e
DEBUG: ran git reset --hard 06a6462f980be828f6e0e47c684bc39a207f4a4e in 
DEBUG: LC_ALL=C JX_LOG_LEVEL=error git clean -fd .
DEBUG: ran clean --force -d . in 
DEBUG: LC_ALL=C JX_LOG_LEVEL=error git merge 10af8c4893c80c2f1ba6052d686a08b3e52598cc
DEBUG: ran git merge 10af8c4893c80c2f1ba6052d686a08b3e52598cc in 
DEBUG: JX_LOG_LEVEL=error LC_ALL=C git log --format=%H%x1f%an%x1f%ae%x1f%cn%x1f%ce%x1f%s%n%b%x1e 06a6462f980be828f6e0e47c684bc39a207f4a4e..HEAD
Merged SHA 10af8c4893c80c2f1ba6052d686a08b3e52598cc with commit message 'chore: Promote fmtok8s-c4p to version 0.0.22' into base branch master

Showing logs for build [32msalaboy-environment-kubecon-pre-rl79w-1[0m stage [32mfrom-build-pack[0m and container [32mstep-build-helm-build[0m
WARNING: No $CHART_REPOSITORY defined so using the default value of: http://jenkins-x-chartmuseum:8080
Adding missing Helm repo: storage.googleapis.com https://storage.googleapis.com/chartmuseum.jenkins-x.io
Successfully added Helm repository storage.googleapis.com.
Adding missing Helm repo: jenkins-x-chartmuseum http://jenkins-x-chartmuseum:8080
Successfully added Helm repository jenkins-x-chartmuseum.
WARNING: No $CHART_REPOSITORY defined so using the default value of: http://jenkins-x-chartmuseum:8080
Adding missing Helm repo: chartmuseum.jenkins-x.io http://chartmuseum.jenkins-x.io
Successfully added Helm repository chartmuseum.jenkins-x.io.
Adding missing Helm repo: helm.zeebe.io http://helm.zeebe.io
Successfully added Helm repository helm.zeebe.io.
