
Showing logs for build [32msalaboy-environment-kubecon-pre-vjbtt-1[0m stage [32mfrom-build-pack[0m and container [32mstep-credential-initializer-48gmq[0m
{"level":"warn","ts":1582882330.3902225,"logger":"fallback-logger","caller":"logging/config.go:69","msg":"Fetch GitHub commit ID from kodata failed: \"ref: refs/heads/0.8.0-**-support-backwards-incompats\" is not a valid GitHub commit ID"}
{"level":"info","ts":1582882330.393636,"logger":"fallback-logger","caller":"creds-init/main.go:40","msg":"Credentials initialized."}

Showing logs for build [32msalaboy-environment-kubecon-pre-vjbtt-1[0m stage [32mfrom-build-pack[0m and container [32mstep-working-dir-initializer-p6vzv[0m
{"level":"warn","ts":1582882331.3363984,"logger":"fallback-logger","caller":"logging/config.go:69","msg":"Fetch GitHub commit ID from kodata failed: open /var/run/ko/HEAD: no such file or directory"}
{"level":"info","ts":1582882331.3518782,"logger":"fallback-logger","caller":"bash/main.go:64","msg":"Successfully executed command \"sh -c mkdir -p /workspace/source\"; output "}

Showing logs for build [32msalaboy-environment-kubecon-pre-vjbtt-1[0m stage [32mfrom-build-pack[0m and container [32mstep-place-tools[0m

Showing logs for build [32msalaboy-environment-kubecon-pre-vjbtt-1[0m stage [32mfrom-build-pack[0m and container [32mstep-git-source-salaboy-environment-kubecon-pre-vjbtt-82vlw[0m
{"level":"warn","ts":1582882335.4386806,"logger":"fallback-logger","caller":"logging/config.go:69","msg":"Fetch GitHub commit ID from kodata failed: \"ref: refs/heads/0.8.0-**-support-backwards-incompats\" is not a valid GitHub commit ID"}
{"level":"info","ts":1582882336.7054515,"logger":"fallback-logger","caller":"git/git.go:103","msg":"Successfully cloned https://github.com/*******/environment-kubecon-prep-staging.git @ master in path /workspace/source"}

Showing logs for build [32msalaboy-environment-kubecon-pre-vjbtt-1[0m stage [32mfrom-build-pack[0m and container [32mstep-git-merge[0m
Using SHAs from PULL_REFS=master:f8f66ebbf932004491214416d83590637f9fab64,30:159185f3cdb586bc707f0df6804a0613fd039a1f
DEBUG: LC_ALL=C JX_LOG_LEVEL=error git fetch origin --unshallow 159185f3cdb586bc707f0df6804a0613fd039a1f: f8f66ebbf932004491214416d83590637f9fab64:
DEBUG: ran git fetch --unshallow origin 159185f3cdb586bc707f0df6804a0613fd039a1f: f8f66ebbf932004491214416d83590637f9fab64: in 
DEBUG: LC_ALL=C JX_LOG_LEVEL=error git branch
DEBUG: LC_ALL=C JX_LOG_LEVEL=error git checkout master
DEBUG: ran git checkout master in 
DEBUG: LC_ALL=C JX_LOG_LEVEL=error git reset --hard f8f66ebbf932004491214416d83590637f9fab64
DEBUG: ran git reset --hard f8f66ebbf932004491214416d83590637f9fab64 in 
DEBUG: LC_ALL=C JX_LOG_LEVEL=error git clean -fd .
DEBUG: ran clean --force -d . in 
DEBUG: LC_ALL=C JX_LOG_LEVEL=error git merge 159185f3cdb586bc707f0df6804a0613fd039a1f
DEBUG: ran git merge 159185f3cdb586bc707f0df6804a0613fd039a1f in 
DEBUG: LC_ALL=C JX_LOG_LEVEL=error git log --format=%H%x1f%an%x1f%ae%x1f%cn%x1f%ce%x1f%s%n%b%x1e f8f66ebbf932004491214416d83590637f9fab64..HEAD
Merged SHA 159185f3cdb586bc707f0df6804a0613fd039a1f with commit message 'chore: Promote fmtok8s-api-gateway to version 0.0.14' into base branch master

Showing logs for build [32msalaboy-environment-kubecon-pre-vjbtt-1[0m stage [32mfrom-build-pack[0m and container [32mstep-build-helm-build[0m
WARNING: No $CHART_REPOSITORY defined so using the default value of: http://jenkins-x-chartmuseum:8080
Adding missing Helm repo: storage.googleapis.com https://storage.googleapis.com/chartmuseum.jenkins-x.io
Successfully added Helm repository storage.googleapis.com.
Adding missing Helm repo: jenkins-x-chartmuseum http://jenkins-x-chartmuseum:8080
Successfully added Helm repository jenkins-x-chartmuseum.
WARNING: No $CHART_REPOSITORY defined so using the default value of: http://jenkins-x-chartmuseum:8080
Adding missing Helm repo: chartmuseum.jenkins-x.io http://chartmuseum.jenkins-x.io
Successfully added Helm repository chartmuseum.jenkins-x.io.
