
Showing logs for build [32msalaboy-environment-kubecon-pre-rrz8j-1[0m stage [32mfrom-build-pack[0m and container [32mstep-credential-initializer-jvpzx[0m
{"level":"warn","ts":1583159121.544308,"logger":"fallback-logger","caller":"logging/config.go:69","msg":"Fetch GitHub commit ID from kodata failed: \"ref: refs/heads/0.8.0-**-support-backwards-incompats\" is not a valid GitHub commit ID"}
{"level":"info","ts":1583159121.5449069,"logger":"fallback-logger","caller":"creds-init/main.go:40","msg":"Credentials initialized."}

Showing logs for build [32msalaboy-environment-kubecon-pre-rrz8j-1[0m stage [32mfrom-build-pack[0m and container [32mstep-working-dir-initializer-6kdkb[0m
{"level":"warn","ts":1583159122.9355776,"logger":"fallback-logger","caller":"logging/config.go:69","msg":"Fetch GitHub commit ID from kodata failed: open /var/run/ko/HEAD: no such file or directory"}
{"level":"info","ts":1583159122.946535,"logger":"fallback-logger","caller":"bash/main.go:64","msg":"Successfully executed command \"sh -c mkdir -p /workspace/source\"; output "}

Showing logs for build [32msalaboy-environment-kubecon-pre-rrz8j-1[0m stage [32mfrom-build-pack[0m and container [32mstep-place-tools[0m

Showing logs for build [32msalaboy-environment-kubecon-pre-rrz8j-1[0m stage [32mfrom-build-pack[0m and container [32mstep-git-source-salaboy-environment-kubecon-pre-rrz8j-h4kwc[0m
{"level":"warn","ts":1583159128.0800023,"logger":"fallback-logger","caller":"logging/config.go:69","msg":"Fetch GitHub commit ID from kodata failed: \"ref: refs/heads/0.8.0-**-support-backwards-incompats\" is not a valid GitHub commit ID"}
{"level":"info","ts":1583159129.3926375,"logger":"fallback-logger","caller":"git/git.go:103","msg":"Successfully cloned https://github.com/*******/environment-kubecon-prep-staging.git @ master in path /workspace/source"}

Showing logs for build [32msalaboy-environment-kubecon-pre-rrz8j-1[0m stage [32mfrom-build-pack[0m and container [32mstep-git-merge[0m
Using SHAs from PULL_REFS=master:36dcf1303d7e9db2a12346421eb1a4e9f08b615a,57:cc839b0ee350e654893aae5e1d2b8c6cc72c36a8
DEBUG: LC_ALL=C JX_LOG_LEVEL=error git fetch origin --unshallow cc839b0ee350e654893aae5e1d2b8c6cc72c36a8: 36dcf1303d7e9db2a12346421eb1a4e9f08b615a:
DEBUG: ran git fetch --unshallow origin cc839b0ee350e654893aae5e1d2b8c6cc72c36a8: 36dcf1303d7e9db2a12346421eb1a4e9f08b615a: in 
DEBUG: LC_ALL=C JX_LOG_LEVEL=error git branch
DEBUG: LC_ALL=C JX_LOG_LEVEL=error git checkout master
DEBUG: ran git checkout master in 
DEBUG: LC_ALL=C JX_LOG_LEVEL=error git reset --hard 36dcf1303d7e9db2a12346421eb1a4e9f08b615a
DEBUG: ran git reset --hard 36dcf1303d7e9db2a12346421eb1a4e9f08b615a in 
DEBUG: LC_ALL=C JX_LOG_LEVEL=error git clean -fd .
DEBUG: ran clean --force -d . in 
DEBUG: LC_ALL=C JX_LOG_LEVEL=error git merge cc839b0ee350e654893aae5e1d2b8c6cc72c36a8
DEBUG: ran git merge cc839b0ee350e654893aae5e1d2b8c6cc72c36a8 in 
DEBUG: LC_ALL=C JX_LOG_LEVEL=error git log --format=%H%x1f%an%x1f%ae%x1f%cn%x1f%ce%x1f%s%n%b%x1e 36dcf1303d7e9db2a12346421eb1a4e9f08b615a..HEAD
Merged SHA cc839b0ee350e654893aae5e1d2b8c6cc72c36a8 with commit message 'chore: Promote fmtok8s-agenda to version 0.0.8' into base branch master

Showing logs for build [32msalaboy-environment-kubecon-pre-rrz8j-1[0m stage [32mfrom-build-pack[0m and container [32mstep-build-helm-build[0m
WARNING: No $CHART_REPOSITORY defined so using the default value of: http://jenkins-x-chartmuseum:8080
Adding missing Helm repo: storage.googleapis.com https://storage.googleapis.com/chartmuseum.jenkins-x.io
Successfully added Helm repository storage.googleapis.com.
Adding missing Helm repo: jenkins-x-chartmuseum http://jenkins-x-chartmuseum:8080
Successfully added Helm repository jenkins-x-chartmuseum.
WARNING: No $CHART_REPOSITORY defined so using the default value of: http://jenkins-x-chartmuseum:8080
Adding missing Helm repo: chartmuseum.jenkins-x.io http://chartmuseum.jenkins-x.io
Successfully added Helm repository chartmuseum.jenkins-x.io.
