
Showing logs for build [32msalaboy-environment-kubecon-pre-2xgvf-1[0m stage [32mfrom-build-pack[0m and container [32mstep-credential-initializer-srmrv[0m
{"level":"warn","ts":1583233018.9334536,"logger":"fallback-logger","caller":"logging/config.go:69","msg":"Fetch GitHub commit ID from kodata failed: \"ref: refs/heads/0.8.0-**-support-backwards-incompats\" is not a valid GitHub commit ID"}
{"level":"info","ts":1583233018.9338503,"logger":"fallback-logger","caller":"creds-init/main.go:40","msg":"Credentials initialized."}

Showing logs for build [32msalaboy-environment-kubecon-pre-2xgvf-1[0m stage [32mfrom-build-pack[0m and container [32mstep-working-dir-initializer-6wmcm[0m
{"level":"warn","ts":1583233019.7968712,"logger":"fallback-logger","caller":"logging/config.go:69","msg":"Fetch GitHub commit ID from kodata failed: open /var/run/ko/HEAD: no such file or directory"}
{"level":"info","ts":1583233019.8002365,"logger":"fallback-logger","caller":"bash/main.go:64","msg":"Successfully executed command \"sh -c mkdir -p /workspace/source\"; output "}

Showing logs for build [32msalaboy-environment-kubecon-pre-2xgvf-1[0m stage [32mfrom-build-pack[0m and container [32mstep-place-tools[0m

Showing logs for build [32msalaboy-environment-kubecon-pre-2xgvf-1[0m stage [32mfrom-build-pack[0m and container [32mstep-git-source-salaboy-environment-kubecon-pre-2xgvf-lwqxf[0m
{"level":"warn","ts":1583233040.9704623,"logger":"fallback-logger","caller":"logging/config.go:69","msg":"Fetch GitHub commit ID from kodata failed: \"ref: refs/heads/0.8.0-**-support-backwards-incompats\" is not a valid GitHub commit ID"}
{"level":"info","ts":1583233042.1067433,"logger":"fallback-logger","caller":"git/git.go:103","msg":"Successfully cloned https://github.com/*******/environment-kubecon-prep-staging.git @ master in path /workspace/source"}

Showing logs for build [32msalaboy-environment-kubecon-pre-2xgvf-1[0m stage [32mfrom-build-pack[0m and container [32mstep-git-merge[0m
Using SHAs from PULL_REFS=master:384181416cc9cd7e7550d78a4bd65a3a6852a91a,66:05e635fa13e43e16465fd567200d0ca235245903
DEBUG: LC_ALL=C JX_LOG_LEVEL=error git fetch origin --unshallow 05e635fa13e43e16465fd567200d0ca235245903: 384181416cc9cd7e7550d78a4bd65a3a6852a91a:
DEBUG: ran git fetch --unshallow origin 05e635fa13e43e16465fd567200d0ca235245903: 384181416cc9cd7e7550d78a4bd65a3a6852a91a: in 
DEBUG: LC_ALL=C JX_LOG_LEVEL=error git branch
DEBUG: LC_ALL=C JX_LOG_LEVEL=error git checkout master
DEBUG: ran git checkout master in 
DEBUG: LC_ALL=C JX_LOG_LEVEL=error git reset --hard 384181416cc9cd7e7550d78a4bd65a3a6852a91a
DEBUG: ran git reset --hard 384181416cc9cd7e7550d78a4bd65a3a6852a91a in 
DEBUG: LC_ALL=C JX_LOG_LEVEL=error git clean -fd .
DEBUG: ran clean --force -d . in 
DEBUG: LC_ALL=C JX_LOG_LEVEL=error git merge 05e635fa13e43e16465fd567200d0ca235245903
DEBUG: ran git merge 05e635fa13e43e16465fd567200d0ca235245903 in 
DEBUG: LC_ALL=C JX_LOG_LEVEL=error git log --format=%H%x1f%an%x1f%ae%x1f%cn%x1f%ce%x1f%s%n%b%x1e 384181416cc9cd7e7550d78a4bd65a3a6852a91a..HEAD
Merged SHA 05e635fa13e43e16465fd567200d0ca235245903 with commit message 'chore: Promote fmtok8s-agenda to version 0.0.10' into base branch master

Showing logs for build [32msalaboy-environment-kubecon-pre-2xgvf-1[0m stage [32mfrom-build-pack[0m and container [32mstep-build-helm-build[0m
WARNING: No $CHART_REPOSITORY defined so using the default value of: http://jenkins-x-chartmuseum:8080
Adding missing Helm repo: storage.googleapis.com https://storage.googleapis.com/chartmuseum.jenkins-x.io
Successfully added Helm repository storage.googleapis.com.
Adding missing Helm repo: jenkins-x-chartmuseum http://jenkins-x-chartmuseum:8080
Successfully added Helm repository jenkins-x-chartmuseum.
WARNING: No $CHART_REPOSITORY defined so using the default value of: http://jenkins-x-chartmuseum:8080
Adding missing Helm repo: chartmuseum.jenkins-x.io http://chartmuseum.jenkins-x.io
Successfully added Helm repository chartmuseum.jenkins-x.io.
