
Showing logs for build [32msalaboy-environment-kubecon-pre-zt4lw-1[0m stage [32mfrom-build-pack[0m and container [32mstep-credential-initializer-k6792[0m
{"level":"warn","ts":1582798330.8134282,"logger":"fallback-logger","caller":"logging/config.go:69","msg":"Fetch GitHub commit ID from kodata failed: \"ref: refs/heads/0.8.0-**-support-backwards-incompats\" is not a valid GitHub commit ID"}
{"level":"info","ts":1582798330.8140845,"logger":"fallback-logger","caller":"creds-init/main.go:40","msg":"Credentials initialized."}

Showing logs for build [32msalaboy-environment-kubecon-pre-zt4lw-1[0m stage [32mfrom-build-pack[0m and container [32mstep-working-dir-initializer-b4r7v[0m
{"level":"warn","ts":1582798331.5852702,"logger":"fallback-logger","caller":"logging/config.go:69","msg":"Fetch GitHub commit ID from kodata failed: open /var/run/ko/HEAD: no such file or directory"}
{"level":"info","ts":1582798331.5886824,"logger":"fallback-logger","caller":"bash/main.go:64","msg":"Successfully executed command \"sh -c mkdir -p /workspace/source\"; output "}

Showing logs for build [32msalaboy-environment-kubecon-pre-zt4lw-1[0m stage [32mfrom-build-pack[0m and container [32mstep-place-tools[0m

Showing logs for build [32msalaboy-environment-kubecon-pre-zt4lw-1[0m stage [32mfrom-build-pack[0m and container [32mstep-git-source-salaboy-environment-kubecon-pre-zt4lw-9pvrj[0m
{"level":"warn","ts":1582798335.7445965,"logger":"fallback-logger","caller":"logging/config.go:69","msg":"Fetch GitHub commit ID from kodata failed: \"ref: refs/heads/0.8.0-**-support-backwards-incompats\" is not a valid GitHub commit ID"}
{"level":"info","ts":1582798336.8518648,"logger":"fallback-logger","caller":"git/git.go:103","msg":"Successfully cloned https://github.com/*******/environment-kubecon-prep-staging.git @ master in path /workspace/source"}

Showing logs for build [32msalaboy-environment-kubecon-pre-zt4lw-1[0m stage [32mfrom-build-pack[0m and container [32mstep-git-merge[0m
Using SHAs from PULL_REFS=master:6b78077ebaf995414a5628062e4202c832e22837,20:c9b7378c59ca977168b917d3ac2fe3d78530bb09
DEBUG: LC_ALL=C JX_LOG_LEVEL=error git fetch origin --unshallow c9b7378c59ca977168b917d3ac2fe3d78530bb09: 6b78077ebaf995414a5628062e4202c832e22837:
DEBUG: ran git fetch --unshallow origin c9b7378c59ca977168b917d3ac2fe3d78530bb09: 6b78077ebaf995414a5628062e4202c832e22837: in 
DEBUG: LC_ALL=C JX_LOG_LEVEL=error git branch
DEBUG: LC_ALL=C JX_LOG_LEVEL=error git checkout master
DEBUG: ran git checkout master in 
DEBUG: JX_LOG_LEVEL=error LC_ALL=C git reset --hard 6b78077ebaf995414a5628062e4202c832e22837
DEBUG: ran git reset --hard 6b78077ebaf995414a5628062e4202c832e22837 in 
DEBUG: LC_ALL=C JX_LOG_LEVEL=error git clean -fd .
DEBUG: ran clean --force -d . in 
DEBUG: LC_ALL=C JX_LOG_LEVEL=error git merge c9b7378c59ca977168b917d3ac2fe3d78530bb09
DEBUG: ran git merge c9b7378c59ca977168b917d3ac2fe3d78530bb09 in 
DEBUG: LC_ALL=C JX_LOG_LEVEL=error git log --format=%H%x1f%an%x1f%ae%x1f%cn%x1f%ce%x1f%s%n%b%x1e 6b78077ebaf995414a5628062e4202c832e22837..HEAD
Merged SHA c9b7378c59ca977168b917d3ac2fe3d78530bb09 with commit message 'chore: Promote fmtok8s-tests to version 0.0.7' into base branch master

Showing logs for build [32msalaboy-environment-kubecon-pre-zt4lw-1[0m stage [32mfrom-build-pack[0m and container [32mstep-build-helm-build[0m
WARNING: No $CHART_REPOSITORY defined so using the default value of: http://jenkins-x-chartmuseum:8080
Adding missing Helm repo: storage.googleapis.com https://storage.googleapis.com/chartmuseum.jenkins-x.io
Successfully added Helm repository storage.googleapis.com.
Adding missing Helm repo: jenkins-x-chartmuseum http://jenkins-x-chartmuseum:8080
Successfully added Helm repository jenkins-x-chartmuseum.
WARNING: No $CHART_REPOSITORY defined so using the default value of: http://jenkins-x-chartmuseum:8080
Adding missing Helm repo: chartmuseum.jenkins-x.io http://chartmuseum.jenkins-x.io
Successfully added Helm repository chartmuseum.jenkins-x.io.
