
Showing logs for build [32msalaboy-environment-kubecon-pre-cwl8m-1[0m stage [32mfrom-build-pack[0m and container [32mstep-credential-initializer-rdxwb[0m
{"level":"warn","ts":1582649321.7428825,"logger":"fallback-logger","caller":"logging/config.go:69","msg":"Fetch GitHub commit ID from kodata failed: \"ref: refs/heads/0.8.0-**-support-backwards-incompats\" is not a valid GitHub commit ID"}
{"level":"info","ts":1582649321.7448885,"logger":"fallback-logger","caller":"creds-init/main.go:40","msg":"Credentials initialized."}

Showing logs for build [32msalaboy-environment-kubecon-pre-cwl8m-1[0m stage [32mfrom-build-pack[0m and container [32mstep-working-dir-initializer-kqc9t[0m
{"level":"warn","ts":1582649323.1137395,"logger":"fallback-logger","caller":"logging/config.go:69","msg":"Fetch GitHub commit ID from kodata failed: open /var/run/ko/HEAD: no such file or directory"}
{"level":"info","ts":1582649323.1221724,"logger":"fallback-logger","caller":"bash/main.go:64","msg":"Successfully executed command \"sh -c mkdir -p /workspace/source\"; output "}

Showing logs for build [32msalaboy-environment-kubecon-pre-cwl8m-1[0m stage [32mfrom-build-pack[0m and container [32mstep-place-tools[0m

Showing logs for build [32msalaboy-environment-kubecon-pre-cwl8m-1[0m stage [32mfrom-build-pack[0m and container [32mstep-git-source-salaboy-environment-kubecon-pre-cwl8m-959fk[0m
{"level":"warn","ts":1582649327.2546055,"logger":"fallback-logger","caller":"logging/config.go:69","msg":"Fetch GitHub commit ID from kodata failed: \"ref: refs/heads/0.8.0-**-support-backwards-incompats\" is not a valid GitHub commit ID"}
{"level":"info","ts":1582649328.6704266,"logger":"fallback-logger","caller":"git/git.go:103","msg":"Successfully cloned https://github.com/*******/environment-kubecon-prep-staging.git @ master in path /workspace/source"}

Showing logs for build [32msalaboy-environment-kubecon-pre-cwl8m-1[0m stage [32mfrom-build-pack[0m and container [32mstep-git-merge[0m
Using SHAs from PULL_REFS=master:68ef6928492354125931b4f6bbfe034fb91d3f5e,12:78e89c80cdfb35ea20f294d6d8d1a01bf0b567ff
DEBUG: JX_LOG_LEVEL=error LC_ALL=C git fetch origin --unshallow 78e89c80cdfb35ea20f294d6d8d1a01bf0b567ff: 68ef6928492354125931b4f6bbfe034fb91d3f5e:
DEBUG: ran git fetch --unshallow origin 78e89c80cdfb35ea20f294d6d8d1a01bf0b567ff: 68ef6928492354125931b4f6bbfe034fb91d3f5e: in 
DEBUG: LC_ALL=C JX_LOG_LEVEL=error git branch
DEBUG: LC_ALL=C JX_LOG_LEVEL=error git checkout master
DEBUG: ran git checkout master in 
DEBUG: LC_ALL=C JX_LOG_LEVEL=error git reset --hard 68ef6928492354125931b4f6bbfe034fb91d3f5e
DEBUG: ran git reset --hard 68ef6928492354125931b4f6bbfe034fb91d3f5e in 
DEBUG: JX_LOG_LEVEL=error LC_ALL=C git clean -fd .
DEBUG: ran clean --force -d . in 
DEBUG: LC_ALL=C JX_LOG_LEVEL=error git merge 78e89c80cdfb35ea20f294d6d8d1a01bf0b567ff
DEBUG: ran git merge 78e89c80cdfb35ea20f294d6d8d1a01bf0b567ff in 
DEBUG: LC_ALL=C JX_LOG_LEVEL=error git log --format=%H%x1f%an%x1f%ae%x1f%cn%x1f%ce%x1f%s%n%b%x1e 68ef6928492354125931b4f6bbfe034fb91d3f5e..HEAD
Merged SHA 78e89c80cdfb35ea20f294d6d8d1a01bf0b567ff with commit message 'chore: Promote fmtok8s-c4p to version 0.0.8' into base branch master

Showing logs for build [32msalaboy-environment-kubecon-pre-cwl8m-1[0m stage [32mfrom-build-pack[0m and container [32mstep-build-helm-build[0m
WARNING: No $CHART_REPOSITORY defined so using the default value of: http://jenkins-x-chartmuseum:8080
Adding missing Helm repo: storage.googleapis.com https://storage.googleapis.com/chartmuseum.jenkins-x.io
Successfully added Helm repository storage.googleapis.com.
Adding missing Helm repo: jenkins-x-chartmuseum http://jenkins-x-chartmuseum:8080
Successfully added Helm repository jenkins-x-chartmuseum.
WARNING: No $CHART_REPOSITORY defined so using the default value of: http://jenkins-x-chartmuseum:8080
Adding missing Helm repo: chartmuseum.jenkins-x.io http://chartmuseum.jenkins-x.io
Successfully added Helm repository chartmuseum.jenkins-x.io.
