
Showing logs for build [32msalaboy-environment-kubecon-pre-xxj42-1[0m stage [32mfrom-build-pack[0m and container [32mstep-credential-initializer-2jlvx[0m
{"level":"warn","ts":1583492784.4251678,"logger":"fallback-logger","caller":"logging/config.go:69","msg":"Fetch GitHub commit ID from kodata failed: \"ref: refs/heads/0.8.0-**-support-backwards-incompats\" is not a valid GitHub commit ID"}
{"level":"info","ts":1583492784.4639816,"logger":"fallback-logger","caller":"creds-init/main.go:40","msg":"Credentials initialized."}

Showing logs for build [32msalaboy-environment-kubecon-pre-xxj42-1[0m stage [32mfrom-build-pack[0m and container [32mstep-working-dir-initializer-v6w5l[0m
{"level":"warn","ts":1583492785.5013435,"logger":"fallback-logger","caller":"logging/config.go:69","msg":"Fetch GitHub commit ID from kodata failed: open /var/run/ko/HEAD: no such file or directory"}
{"level":"info","ts":1583492785.5033295,"logger":"fallback-logger","caller":"bash/main.go:64","msg":"Successfully executed command \"sh -c mkdir -p /workspace/source\"; output "}

Showing logs for build [32msalaboy-environment-kubecon-pre-xxj42-1[0m stage [32mfrom-build-pack[0m and container [32mstep-place-tools[0m

Showing logs for build [32msalaboy-environment-kubecon-pre-xxj42-1[0m stage [32mfrom-build-pack[0m and container [32mstep-git-source-salaboy-environment-kubecon-pre-xxj42-655wp[0m
{"level":"warn","ts":1583492790.5665064,"logger":"fallback-logger","caller":"logging/config.go:69","msg":"Fetch GitHub commit ID from kodata failed: \"ref: refs/heads/0.8.0-**-support-backwards-incompats\" is not a valid GitHub commit ID"}
{"level":"info","ts":1583492791.9007585,"logger":"fallback-logger","caller":"git/git.go:103","msg":"Successfully cloned https://github.com/*******/environment-kubecon-prep-staging.git @ master in path /workspace/source"}

Showing logs for build [32msalaboy-environment-kubecon-pre-xxj42-1[0m stage [32mfrom-build-pack[0m and container [32mstep-git-merge[0m
Using SHAs from PULL_REFS=master:e07cc7353bdb8d033a3f675baf53f1a714b77c84,77:6d2d0259f7fdf559bdd279c36eb7627339abf57b
DEBUG: LC_ALL=C JX_LOG_LEVEL=error git fetch origin --unshallow 6d2d0259f7fdf559bdd279c36eb7627339abf57b: e07cc7353bdb8d033a3f675baf53f1a714b77c84:
DEBUG: ran git fetch --unshallow origin 6d2d0259f7fdf559bdd279c36eb7627339abf57b: e07cc7353bdb8d033a3f675baf53f1a714b77c84: in 
DEBUG: LC_ALL=C JX_LOG_LEVEL=error git branch
DEBUG: JX_LOG_LEVEL=error LC_ALL=C git checkout master
DEBUG: ran git checkout master in 
DEBUG: LC_ALL=C JX_LOG_LEVEL=error git reset --hard e07cc7353bdb8d033a3f675baf53f1a714b77c84
DEBUG: ran git reset --hard e07cc7353bdb8d033a3f675baf53f1a714b77c84 in 
DEBUG: LC_ALL=C JX_LOG_LEVEL=error git clean -fd .
DEBUG: ran clean --force -d . in 
DEBUG: JX_LOG_LEVEL=error LC_ALL=C git merge 6d2d0259f7fdf559bdd279c36eb7627339abf57b
DEBUG: ran git merge 6d2d0259f7fdf559bdd279c36eb7627339abf57b in 
DEBUG: LC_ALL=C JX_LOG_LEVEL=error git log --format=%H%x1f%an%x1f%ae%x1f%cn%x1f%ce%x1f%s%n%b%x1e e07cc7353bdb8d033a3f675baf53f1a714b77c84..HEAD
Merged SHA 6d2d0259f7fdf559bdd279c36eb7627339abf57b with commit message 'chore: Promote fmtok8s-email to version 0.0.9' into base branch master

Showing logs for build [32msalaboy-environment-kubecon-pre-xxj42-1[0m stage [32mfrom-build-pack[0m and container [32mstep-build-helm-build[0m
WARNING: No $CHART_REPOSITORY defined so using the default value of: http://jenkins-x-chartmuseum:8080
Adding missing Helm repo: storage.googleapis.com https://storage.googleapis.com/chartmuseum.jenkins-x.io
Successfully added Helm repository storage.googleapis.com.
Adding missing Helm repo: jenkins-x-chartmuseum http://jenkins-x-chartmuseum:8080
Successfully added Helm repository jenkins-x-chartmuseum.
WARNING: No $CHART_REPOSITORY defined so using the default value of: http://jenkins-x-chartmuseum:8080
Adding missing Helm repo: chartmuseum.jenkins-x.io http://chartmuseum.jenkins-x.io
Successfully added Helm repository chartmuseum.jenkins-x.io.
Adding missing Helm repo: helm.zeebe.io http://helm.zeebe.io
Successfully added Helm repository helm.zeebe.io.
