
Showing logs for build [32msalaboy-environment-kubecon-pre-67bpt-1[0m stage [32mfrom-build-pack[0m and container [32mstep-credential-initializer-nvqvh[0m
{"level":"warn","ts":1583492563.046798,"logger":"fallback-logger","caller":"logging/config.go:69","msg":"Fetch GitHub commit ID from kodata failed: \"ref: refs/heads/0.8.0-**-support-backwards-incompats\" is not a valid GitHub commit ID"}
{"level":"info","ts":1583492563.0474637,"logger":"fallback-logger","caller":"creds-init/main.go:40","msg":"Credentials initialized."}

Showing logs for build [32msalaboy-environment-kubecon-pre-67bpt-1[0m stage [32mfrom-build-pack[0m and container [32mstep-working-dir-initializer-98766[0m
{"level":"warn","ts":1583492563.9111912,"logger":"fallback-logger","caller":"logging/config.go:69","msg":"Fetch GitHub commit ID from kodata failed: open /var/run/ko/HEAD: no such file or directory"}
{"level":"info","ts":1583492563.9313395,"logger":"fallback-logger","caller":"bash/main.go:64","msg":"Successfully executed command \"sh -c mkdir -p /workspace/source\"; output "}

Showing logs for build [32msalaboy-environment-kubecon-pre-67bpt-1[0m stage [32mfrom-build-pack[0m and container [32mstep-place-tools[0m

Showing logs for build [32msalaboy-environment-kubecon-pre-67bpt-1[0m stage [32mfrom-build-pack[0m and container [32mstep-git-source-salaboy-environment-kubecon-pre-67bpt-n4xfc[0m
{"level":"warn","ts":1583492600.2553475,"logger":"fallback-logger","caller":"logging/config.go:69","msg":"Fetch GitHub commit ID from kodata failed: \"ref: refs/heads/0.8.0-**-support-backwards-incompats\" is not a valid GitHub commit ID"}
{"level":"info","ts":1583492602.210336,"logger":"fallback-logger","caller":"git/git.go:103","msg":"Successfully cloned https://github.com/*******/environment-kubecon-prep-staging.git @ master in path /workspace/source"}

Showing logs for build [32msalaboy-environment-kubecon-pre-67bpt-1[0m stage [32mfrom-build-pack[0m and container [32mstep-git-merge[0m
Using SHAs from PULL_REFS=master:e07cc7353bdb8d033a3f675baf53f1a714b77c84,75:4af6bb1ffe63c6bc73f3e9b95696e6db13dd0767
DEBUG: LC_ALL=C JX_LOG_LEVEL=error git fetch origin --unshallow 4af6bb1ffe63c6bc73f3e9b95696e6db13dd0767: e07cc7353bdb8d033a3f675baf53f1a714b77c84:
DEBUG: ran git fetch --unshallow origin 4af6bb1ffe63c6bc73f3e9b95696e6db13dd0767: e07cc7353bdb8d033a3f675baf53f1a714b77c84: in 
DEBUG: LC_ALL=C JX_LOG_LEVEL=error git branch
DEBUG: LC_ALL=C JX_LOG_LEVEL=error git checkout master
DEBUG: ran git checkout master in 
DEBUG: LC_ALL=C JX_LOG_LEVEL=error git reset --hard e07cc7353bdb8d033a3f675baf53f1a714b77c84
DEBUG: ran git reset --hard e07cc7353bdb8d033a3f675baf53f1a714b77c84 in 
DEBUG: LC_ALL=C JX_LOG_LEVEL=error git clean -fd .
DEBUG: ran clean --force -d . in 
DEBUG: LC_ALL=C JX_LOG_LEVEL=error git merge 4af6bb1ffe63c6bc73f3e9b95696e6db13dd0767
DEBUG: ran git merge 4af6bb1ffe63c6bc73f3e9b95696e6db13dd0767 in 
DEBUG: JX_LOG_LEVEL=error LC_ALL=C git log --format=%H%x1f%an%x1f%ae%x1f%cn%x1f%ce%x1f%s%n%b%x1e e07cc7353bdb8d033a3f675baf53f1a714b77c84..HEAD
Merged SHA 4af6bb1ffe63c6bc73f3e9b95696e6db13dd0767 with commit message 'chore: Promote fmtok8s-c4p to version 0.0.26' into base branch master

Showing logs for build [32msalaboy-environment-kubecon-pre-67bpt-1[0m stage [32mfrom-build-pack[0m and container [32mstep-build-helm-build[0m
WARNING: No $CHART_REPOSITORY defined so using the default value of: http://jenkins-x-chartmuseum:8080
Adding missing Helm repo: storage.googleapis.com https://storage.googleapis.com/chartmuseum.jenkins-x.io
Successfully added Helm repository storage.googleapis.com.
Adding missing Helm repo: jenkins-x-chartmuseum http://jenkins-x-chartmuseum:8080
Successfully added Helm repository jenkins-x-chartmuseum.
WARNING: No $CHART_REPOSITORY defined so using the default value of: http://jenkins-x-chartmuseum:8080
Adding missing Helm repo: chartmuseum.jenkins-x.io http://chartmuseum.jenkins-x.io
Successfully added Helm repository chartmuseum.jenkins-x.io.
Adding missing Helm repo: helm.zeebe.io http://helm.zeebe.io
Successfully added Helm repository helm.zeebe.io.
