
Showing logs for build [32msalaboy-environment-kubecon-pre-59vr4-1[0m stage [32mfrom-build-pack[0m and container [32mstep-credential-initializer-55th7[0m
{"level":"warn","ts":1583229262.1495478,"logger":"fallback-logger","caller":"logging/config.go:69","msg":"Fetch GitHub commit ID from kodata failed: \"ref: refs/heads/0.8.0-**-support-backwards-incompats\" is not a valid GitHub commit ID"}
{"level":"info","ts":1583229262.1501443,"logger":"fallback-logger","caller":"creds-init/main.go:40","msg":"Credentials initialized."}

Showing logs for build [32msalaboy-environment-kubecon-pre-59vr4-1[0m stage [32mfrom-build-pack[0m and container [32mstep-working-dir-initializer-chwkr[0m
{"level":"warn","ts":1583229263.5268736,"logger":"fallback-logger","caller":"logging/config.go:69","msg":"Fetch GitHub commit ID from kodata failed: open /var/run/ko/HEAD: no such file or directory"}
{"level":"info","ts":1583229263.5331743,"logger":"fallback-logger","caller":"bash/main.go:64","msg":"Successfully executed command \"sh -c mkdir -p /workspace/source\"; output "}

Showing logs for build [32msalaboy-environment-kubecon-pre-59vr4-1[0m stage [32mfrom-build-pack[0m and container [32mstep-place-tools[0m

Showing logs for build [32msalaboy-environment-kubecon-pre-59vr4-1[0m stage [32mfrom-build-pack[0m and container [32mstep-git-source-salaboy-environment-kubecon-pre-59vr4-h2cr7[0m
{"level":"warn","ts":1583229267.6374557,"logger":"fallback-logger","caller":"logging/config.go:69","msg":"Fetch GitHub commit ID from kodata failed: \"ref: refs/heads/0.8.0-**-support-backwards-incompats\" is not a valid GitHub commit ID"}
{"level":"info","ts":1583229268.8137755,"logger":"fallback-logger","caller":"git/git.go:103","msg":"Successfully cloned https://github.com/*******/environment-kubecon-prep-staging.git @ master in path /workspace/source"}

Showing logs for build [32msalaboy-environment-kubecon-pre-59vr4-1[0m stage [32mfrom-build-pack[0m and container [32mstep-git-merge[0m
Using SHAs from PULL_REFS=master:4fcf3d5eb4d2a97e51c6c333d9efcb981358b4cc,63:4ce6e55b82f18962215439d9a3183104138f1c70
DEBUG: LC_ALL=C JX_LOG_LEVEL=error git fetch origin --unshallow 4ce6e55b82f18962215439d9a3183104138f1c70: 4fcf3d5eb4d2a97e51c6c333d9efcb981358b4cc:
DEBUG: ran git fetch --unshallow origin 4ce6e55b82f18962215439d9a3183104138f1c70: 4fcf3d5eb4d2a97e51c6c333d9efcb981358b4cc: in 
DEBUG: LC_ALL=C JX_LOG_LEVEL=error git branch
DEBUG: LC_ALL=C JX_LOG_LEVEL=error git checkout master
DEBUG: ran git checkout master in 
DEBUG: LC_ALL=C JX_LOG_LEVEL=error git reset --hard 4fcf3d5eb4d2a97e51c6c333d9efcb981358b4cc
DEBUG: ran git reset --hard 4fcf3d5eb4d2a97e51c6c333d9efcb981358b4cc in 
DEBUG: LC_ALL=C JX_LOG_LEVEL=error git clean -fd .
DEBUG: ran clean --force -d . in 
DEBUG: JX_LOG_LEVEL=error LC_ALL=C git merge 4ce6e55b82f18962215439d9a3183104138f1c70
DEBUG: ran git merge 4ce6e55b82f18962215439d9a3183104138f1c70 in 
DEBUG: LC_ALL=C JX_LOG_LEVEL=error git log --format=%H%x1f%an%x1f%ae%x1f%cn%x1f%ce%x1f%s%n%b%x1e 4fcf3d5eb4d2a97e51c6c333d9efcb981358b4cc..HEAD
Merged SHA 4ce6e55b82f18962215439d9a3183104138f1c70 with commit message 'chore: Promote fmtok8s-api-gateway to version 0.0.34' into base branch master

Showing logs for build [32msalaboy-environment-kubecon-pre-59vr4-1[0m stage [32mfrom-build-pack[0m and container [32mstep-build-helm-build[0m
WARNING: No $CHART_REPOSITORY defined so using the default value of: http://jenkins-x-chartmuseum:8080
Adding missing Helm repo: storage.googleapis.com https://storage.googleapis.com/chartmuseum.jenkins-x.io
Successfully added Helm repository storage.googleapis.com.
Adding missing Helm repo: jenkins-x-chartmuseum http://jenkins-x-chartmuseum:8080
Successfully added Helm repository jenkins-x-chartmuseum.
WARNING: No $CHART_REPOSITORY defined so using the default value of: http://jenkins-x-chartmuseum:8080
Adding missing Helm repo: chartmuseum.jenkins-x.io http://chartmuseum.jenkins-x.io
Successfully added Helm repository chartmuseum.jenkins-x.io.
