
Showing logs for build [32msalaboy-environment-kubecon-pre-t7q5k-1[0m stage [32mfrom-build-pack[0m and container [32mstep-credential-initializer-7mxmn[0m
{"level":"warn","ts":1582969908.8678348,"logger":"fallback-logger","caller":"logging/config.go:69","msg":"Fetch GitHub commit ID from kodata failed: \"ref: refs/heads/0.8.0-**-support-backwards-incompats\" is not a valid GitHub commit ID"}
{"level":"info","ts":1582969908.8689618,"logger":"fallback-logger","caller":"creds-init/main.go:40","msg":"Credentials initialized."}

Showing logs for build [32msalaboy-environment-kubecon-pre-t7q5k-1[0m stage [32mfrom-build-pack[0m and container [32mstep-working-dir-initializer-25lqc[0m
{"level":"warn","ts":1582969909.7988636,"logger":"fallback-logger","caller":"logging/config.go:69","msg":"Fetch GitHub commit ID from kodata failed: open /var/run/ko/HEAD: no such file or directory"}
{"level":"info","ts":1582969909.8024683,"logger":"fallback-logger","caller":"bash/main.go:64","msg":"Successfully executed command \"sh -c mkdir -p /workspace/source\"; output "}

Showing logs for build [32msalaboy-environment-kubecon-pre-t7q5k-1[0m stage [32mfrom-build-pack[0m and container [32mstep-place-tools[0m

Showing logs for build [32msalaboy-environment-kubecon-pre-t7q5k-1[0m stage [32mfrom-build-pack[0m and container [32mstep-git-source-salaboy-environment-kubecon-pre-t7q5k-684bx[0m
{"level":"warn","ts":1582969912.8515742,"logger":"fallback-logger","caller":"logging/config.go:69","msg":"Fetch GitHub commit ID from kodata failed: \"ref: refs/heads/0.8.0-**-support-backwards-incompats\" is not a valid GitHub commit ID"}
{"level":"info","ts":1582969913.998072,"logger":"fallback-logger","caller":"git/git.go:103","msg":"Successfully cloned https://github.com/*******/environment-kubecon-prep-staging.git @ master in path /workspace/source"}

Showing logs for build [32msalaboy-environment-kubecon-pre-t7q5k-1[0m stage [32mfrom-build-pack[0m and container [32mstep-git-merge[0m
Using SHAs from PULL_REFS=master:d0ca93c83093b4a1daff57a2e6ff8cacfa0c92ed,40:0d24d48823ad124b90daea8bb34d6ca6991d4d8d
DEBUG: LC_ALL=C JX_LOG_LEVEL=error git fetch origin --unshallow 0d24d48823ad124b90daea8bb34d6ca6991d4d8d: d0ca93c83093b4a1daff57a2e6ff8cacfa0c92ed:
DEBUG: ran git fetch --unshallow origin 0d24d48823ad124b90daea8bb34d6ca6991d4d8d: d0ca93c83093b4a1daff57a2e6ff8cacfa0c92ed: in 
DEBUG: LC_ALL=C JX_LOG_LEVEL=error git branch
DEBUG: LC_ALL=C JX_LOG_LEVEL=error git checkout master
DEBUG: ran git checkout master in 
DEBUG: LC_ALL=C JX_LOG_LEVEL=error git reset --hard d0ca93c83093b4a1daff57a2e6ff8cacfa0c92ed
DEBUG: ran git reset --hard d0ca93c83093b4a1daff57a2e6ff8cacfa0c92ed in 
DEBUG: LC_ALL=C JX_LOG_LEVEL=error git clean -fd .
DEBUG: ran clean --force -d . in 
DEBUG: LC_ALL=C JX_LOG_LEVEL=error git merge 0d24d48823ad124b90daea8bb34d6ca6991d4d8d
DEBUG: ran git merge 0d24d48823ad124b90daea8bb34d6ca6991d4d8d in 
DEBUG: LC_ALL=C JX_LOG_LEVEL=error git log --format=%H%x1f%an%x1f%ae%x1f%cn%x1f%ce%x1f%s%n%b%x1e d0ca93c83093b4a1daff57a2e6ff8cacfa0c92ed..HEAD
Merged SHA 0d24d48823ad124b90daea8bb34d6ca6991d4d8d with commit message 'chore: Promote fmtok8s-api-gateway to version 0.0.22' into base branch master

Showing logs for build [32msalaboy-environment-kubecon-pre-t7q5k-1[0m stage [32mfrom-build-pack[0m and container [32mstep-build-helm-build[0m
WARNING: No $CHART_REPOSITORY defined so using the default value of: http://jenkins-x-chartmuseum:8080
Adding missing Helm repo: storage.googleapis.com https://storage.googleapis.com/chartmuseum.jenkins-x.io
Successfully added Helm repository storage.googleapis.com.
Adding missing Helm repo: jenkins-x-chartmuseum http://jenkins-x-chartmuseum:8080
Successfully added Helm repository jenkins-x-chartmuseum.
WARNING: No $CHART_REPOSITORY defined so using the default value of: http://jenkins-x-chartmuseum:8080
Adding missing Helm repo: chartmuseum.jenkins-x.io http://chartmuseum.jenkins-x.io
Successfully added Helm repository chartmuseum.jenkins-x.io.
