
Showing logs for build [32msalaboy-environment-kubecon-pre-p75hp-1[0m stage [32mfrom-build-pack[0m and container [32mstep-credential-initializer-rx6ld[0m
{"level":"warn","ts":1582651153.2671604,"logger":"fallback-logger","caller":"logging/config.go:69","msg":"Fetch GitHub commit ID from kodata failed: \"ref: refs/heads/0.8.0-**-support-backwards-incompats\" is not a valid GitHub commit ID"}
{"level":"info","ts":1582651153.2678244,"logger":"fallback-logger","caller":"creds-init/main.go:40","msg":"Credentials initialized."}

Showing logs for build [32msalaboy-environment-kubecon-pre-p75hp-1[0m stage [32mfrom-build-pack[0m and container [32mstep-working-dir-initializer-g2hmr[0m
{"level":"warn","ts":1582651153.7010064,"logger":"fallback-logger","caller":"logging/config.go:69","msg":"Fetch GitHub commit ID from kodata failed: open /var/run/ko/HEAD: no such file or directory"}
{"level":"info","ts":1582651153.7146308,"logger":"fallback-logger","caller":"bash/main.go:64","msg":"Successfully executed command \"sh -c mkdir -p /workspace/source\"; output "}

Showing logs for build [32msalaboy-environment-kubecon-pre-p75hp-1[0m stage [32mfrom-build-pack[0m and container [32mstep-place-tools[0m

Showing logs for build [32msalaboy-environment-kubecon-pre-p75hp-1[0m stage [32mfrom-build-pack[0m and container [32mstep-git-source-salaboy-environment-kubecon-pre-p75hp-8z7sb[0m
{"level":"warn","ts":1582651157.9366903,"logger":"fallback-logger","caller":"logging/config.go:69","msg":"Fetch GitHub commit ID from kodata failed: \"ref: refs/heads/0.8.0-**-support-backwards-incompats\" is not a valid GitHub commit ID"}
{"level":"info","ts":1582651159.54544,"logger":"fallback-logger","caller":"git/git.go:103","msg":"Successfully cloned https://github.com/*******/environment-kubecon-prep-staging.git @ master in path /workspace/source"}

Showing logs for build [32msalaboy-environment-kubecon-pre-p75hp-1[0m stage [32mfrom-build-pack[0m and container [32mstep-git-merge[0m
Using SHAs from PULL_REFS=master:68ef6928492354125931b4f6bbfe034fb91d3f5e,13:3521332c6e876b5597f23401a8e45cd78deb0946
DEBUG: LC_ALL=C JX_LOG_LEVEL=error git fetch origin --unshallow 3521332c6e876b5597f23401a8e45cd78deb0946: 68ef6928492354125931b4f6bbfe034fb91d3f5e:
DEBUG: LC_ALL=C JX_LOG_LEVEL=error git fetch origin 3521332c6e876b5597f23401a8e45cd78deb0946: 68ef6928492354125931b4f6bbfe034fb91d3f5e:
DEBUG: ran git fetch origin 3521332c6e876b5597f23401a8e45cd78deb0946: 68ef6928492354125931b4f6bbfe034fb91d3f5e: in 
DEBUG: LC_ALL=C JX_LOG_LEVEL=error git rev-parse --is-shallow-repository
DEBUG: Unshallowed git repo in 
DEBUG: LC_ALL=C JX_LOG_LEVEL=error git branch
DEBUG: LC_ALL=C JX_LOG_LEVEL=error git checkout master
DEBUG: ran git checkout master in 
DEBUG: LC_ALL=C JX_LOG_LEVEL=error git reset --hard 68ef6928492354125931b4f6bbfe034fb91d3f5e
DEBUG: ran git reset --hard 68ef6928492354125931b4f6bbfe034fb91d3f5e in 
DEBUG: LC_ALL=C JX_LOG_LEVEL=error git clean -fd .
DEBUG: ran clean --force -d . in 
DEBUG: JX_LOG_LEVEL=error LC_ALL=C git merge 3521332c6e876b5597f23401a8e45cd78deb0946
DEBUG: ran git merge 3521332c6e876b5597f23401a8e45cd78deb0946 in 
DEBUG: LC_ALL=C JX_LOG_LEVEL=error git log --format=%H%x1f%an%x1f%ae%x1f%cn%x1f%ce%x1f%s%n%b%x1e 68ef6928492354125931b4f6bbfe034fb91d3f5e..HEAD
Merged SHA 3521332c6e876b5597f23401a8e45cd78deb0946 with commit message 'chore: Promote fmtok8s-c4p to version 0.0.9' into base branch master

Showing logs for build [32msalaboy-environment-kubecon-pre-p75hp-1[0m stage [32mfrom-build-pack[0m and container [32mstep-build-helm-build[0m
WARNING: No $CHART_REPOSITORY defined so using the default value of: http://jenkins-x-chartmuseum:8080
Adding missing Helm repo: storage.googleapis.com https://storage.googleapis.com/chartmuseum.jenkins-x.io
Successfully added Helm repository storage.googleapis.com.
Adding missing Helm repo: jenkins-x-chartmuseum http://jenkins-x-chartmuseum:8080
Successfully added Helm repository jenkins-x-chartmuseum.
WARNING: No $CHART_REPOSITORY defined so using the default value of: http://jenkins-x-chartmuseum:8080
Adding missing Helm repo: chartmuseum.jenkins-x.io http://chartmuseum.jenkins-x.io
Successfully added Helm repository chartmuseum.jenkins-x.io.
