
Showing logs for build [32msalaboy-environment-kubecon-pre-ws9dt-1[0m stage [32mfrom-build-pack[0m and container [32mstep-credential-initializer-s8fs8[0m
{"level":"warn","ts":1582629467.1387298,"logger":"fallback-logger","caller":"logging/config.go:69","msg":"Fetch GitHub commit ID from kodata failed: \"ref: refs/heads/0.8.0-**-support-backwards-incompats\" is not a valid GitHub commit ID"}
{"level":"info","ts":1582629467.139397,"logger":"fallback-logger","caller":"creds-init/main.go:40","msg":"Credentials initialized."}

Showing logs for build [32msalaboy-environment-kubecon-pre-ws9dt-1[0m stage [32mfrom-build-pack[0m and container [32mstep-working-dir-initializer-d44d6[0m
{"level":"warn","ts":1582629468.469514,"logger":"fallback-logger","caller":"logging/config.go:69","msg":"Fetch GitHub commit ID from kodata failed: open /var/run/ko/HEAD: no such file or directory"}
{"level":"info","ts":1582629468.4716856,"logger":"fallback-logger","caller":"bash/main.go:64","msg":"Successfully executed command \"sh -c mkdir -p /workspace/source\"; output "}

Showing logs for build [32msalaboy-environment-kubecon-pre-ws9dt-1[0m stage [32mfrom-build-pack[0m and container [32mstep-place-tools[0m

Showing logs for build [32msalaboy-environment-kubecon-pre-ws9dt-1[0m stage [32mfrom-build-pack[0m and container [32mstep-git-source-salaboy-environment-kubecon-pre-ws9dt-pjpz8[0m
{"level":"warn","ts":1582629473.6038764,"logger":"fallback-logger","caller":"logging/config.go:69","msg":"Fetch GitHub commit ID from kodata failed: \"ref: refs/heads/0.8.0-**-support-backwards-incompats\" is not a valid GitHub commit ID"}
{"level":"info","ts":1582629475.0917087,"logger":"fallback-logger","caller":"git/git.go:103","msg":"Successfully cloned https://github.com/*******/environment-kubecon-prep-staging.git @ master in path /workspace/source"}

Showing logs for build [32msalaboy-environment-kubecon-pre-ws9dt-1[0m stage [32mfrom-build-pack[0m and container [32mstep-git-merge[0m
Using SHAs from PULL_REFS=master:a1d708e4970d652507337965fee202386316bba3,9:edc22ffe299c9052d2d1efcaa9956e79560b562a
DEBUG: LC_ALL=C JX_LOG_LEVEL=error git fetch origin --unshallow edc22ffe299c9052d2d1efcaa9956e79560b562a: a1d708e4970d652507337965fee202386316bba3:
DEBUG: ran git fetch --unshallow origin edc22ffe299c9052d2d1efcaa9956e79560b562a: a1d708e4970d652507337965fee202386316bba3: in 
DEBUG: LC_ALL=C JX_LOG_LEVEL=error git branch
DEBUG: LC_ALL=C JX_LOG_LEVEL=error git checkout master
DEBUG: ran git checkout master in 
DEBUG: LC_ALL=C JX_LOG_LEVEL=error git reset --hard a1d708e4970d652507337965fee202386316bba3
DEBUG: ran git reset --hard a1d708e4970d652507337965fee202386316bba3 in 
DEBUG: JX_LOG_LEVEL=error LC_ALL=C git clean -fd .
DEBUG: ran clean --force -d . in 
DEBUG: LC_ALL=C JX_LOG_LEVEL=error git merge edc22ffe299c9052d2d1efcaa9956e79560b562a
DEBUG: ran git merge edc22ffe299c9052d2d1efcaa9956e79560b562a in 
DEBUG: JX_LOG_LEVEL=error LC_ALL=C git log --format=%H%x1f%an%x1f%ae%x1f%cn%x1f%ce%x1f%s%n%b%x1e a1d708e4970d652507337965fee202386316bba3..HEAD
Merged SHA edc22ffe299c9052d2d1efcaa9956e79560b562a with commit message 'chore: Promote fmtok8s-api-gateway to version 0.0.6' into base branch master

Showing logs for build [32msalaboy-environment-kubecon-pre-ws9dt-1[0m stage [32mfrom-build-pack[0m and container [32mstep-build-helm-build[0m
WARNING: No $CHART_REPOSITORY defined so using the default value of: http://jenkins-x-chartmuseum:8080
Adding missing Helm repo: storage.googleapis.com https://storage.googleapis.com/chartmuseum.jenkins-x.io
Successfully added Helm repository storage.googleapis.com.
Adding missing Helm repo: jenkins-x-chartmuseum http://jenkins-x-chartmuseum:8080
Successfully added Helm repository jenkins-x-chartmuseum.
WARNING: No $CHART_REPOSITORY defined so using the default value of: http://jenkins-x-chartmuseum:8080
Adding missing Helm repo: chartmuseum.jenkins-x.io http://chartmuseum.jenkins-x.io
Successfully added Helm repository chartmuseum.jenkins-x.io.
