
Showing logs for build [32msalaboy-environment-kubecon-pre-r88m8-1[0m stage [32mfrom-build-pack[0m and container [32mstep-credential-initializer-j5nkw[0m
{"level":"warn","ts":1583322916.565773,"logger":"fallback-logger","caller":"logging/config.go:69","msg":"Fetch GitHub commit ID from kodata failed: \"ref: refs/heads/0.8.0-**-support-backwards-incompats\" is not a valid GitHub commit ID"}
{"level":"info","ts":1583322916.5662763,"logger":"fallback-logger","caller":"creds-init/main.go:40","msg":"Credentials initialized."}

Showing logs for build [32msalaboy-environment-kubecon-pre-r88m8-1[0m stage [32mfrom-build-pack[0m and container [32mstep-working-dir-initializer-8bgrg[0m
{"level":"warn","ts":1583322918.2280755,"logger":"fallback-logger","caller":"logging/config.go:69","msg":"Fetch GitHub commit ID from kodata failed: open /var/run/ko/HEAD: no such file or directory"}
{"level":"info","ts":1583322918.2301612,"logger":"fallback-logger","caller":"bash/main.go:64","msg":"Successfully executed command \"sh -c mkdir -p /workspace/source\"; output "}

Showing logs for build [32msalaboy-environment-kubecon-pre-r88m8-1[0m stage [32mfrom-build-pack[0m and container [32mstep-place-tools[0m

Showing logs for build [32msalaboy-environment-kubecon-pre-r88m8-1[0m stage [32mfrom-build-pack[0m and container [32mstep-git-source-salaboy-environment-kubecon-pre-r88m8-sbcm5[0m
{"level":"warn","ts":1583322922.2712247,"logger":"fallback-logger","caller":"logging/config.go:69","msg":"Fetch GitHub commit ID from kodata failed: \"ref: refs/heads/0.8.0-**-support-backwards-incompats\" is not a valid GitHub commit ID"}
{"level":"info","ts":1583322923.5391302,"logger":"fallback-logger","caller":"git/git.go:103","msg":"Successfully cloned https://github.com/*******/environment-kubecon-prep-staging.git @ master in path /workspace/source"}

Showing logs for build [32msalaboy-environment-kubecon-pre-r88m8-1[0m stage [32mfrom-build-pack[0m and container [32mstep-git-merge[0m
Using SHAs from PULL_REFS=master:8e8accd252a843a0dd3dccc3b89b85ee8b1c8a88,68:69d0e9d038ccbdca31d09335da3f9616afb50245
DEBUG: LC_ALL=C JX_LOG_LEVEL=error git fetch origin --unshallow 69d0e9d038ccbdca31d09335da3f9616afb50245: 8e8accd252a843a0dd3dccc3b89b85ee8b1c8a88:
DEBUG: ran git fetch --unshallow origin 69d0e9d038ccbdca31d09335da3f9616afb50245: 8e8accd252a843a0dd3dccc3b89b85ee8b1c8a88: in 
DEBUG: JX_LOG_LEVEL=error LC_ALL=C git branch
DEBUG: LC_ALL=C JX_LOG_LEVEL=error git checkout master
DEBUG: ran git checkout master in 
DEBUG: LC_ALL=C JX_LOG_LEVEL=error git reset --hard 8e8accd252a843a0dd3dccc3b89b85ee8b1c8a88
DEBUG: ran git reset --hard 8e8accd252a843a0dd3dccc3b89b85ee8b1c8a88 in 
DEBUG: LC_ALL=C JX_LOG_LEVEL=error git clean -fd .
DEBUG: ran clean --force -d . in 
DEBUG: LC_ALL=C JX_LOG_LEVEL=error git merge 69d0e9d038ccbdca31d09335da3f9616afb50245
DEBUG: ran git merge 69d0e9d038ccbdca31d09335da3f9616afb50245 in 
DEBUG: LC_ALL=C JX_LOG_LEVEL=error git log --format=%H%x1f%an%x1f%ae%x1f%cn%x1f%ce%x1f%s%n%b%x1e 8e8accd252a843a0dd3dccc3b89b85ee8b1c8a88..HEAD
Merged SHA 69d0e9d038ccbdca31d09335da3f9616afb50245 with commit message 'chore: Promote fmtok8s-agenda to version 0.0.11' into base branch master

Showing logs for build [32msalaboy-environment-kubecon-pre-r88m8-1[0m stage [32mfrom-build-pack[0m and container [32mstep-build-helm-build[0m
WARNING: No $CHART_REPOSITORY defined so using the default value of: http://jenkins-x-chartmuseum:8080
Adding missing Helm repo: storage.googleapis.com https://storage.googleapis.com/chartmuseum.jenkins-x.io
Successfully added Helm repository storage.googleapis.com.
Adding missing Helm repo: jenkins-x-chartmuseum http://jenkins-x-chartmuseum:8080
Successfully added Helm repository jenkins-x-chartmuseum.
WARNING: No $CHART_REPOSITORY defined so using the default value of: http://jenkins-x-chartmuseum:8080
Adding missing Helm repo: chartmuseum.jenkins-x.io http://chartmuseum.jenkins-x.io
Successfully added Helm repository chartmuseum.jenkins-x.io.
Adding missing Helm repo: helm.zeebe.io http://helm.zeebe.io
Successfully added Helm repository helm.zeebe.io.
