
Showing logs for build [32msalaboy-environment-kubecon-pre-gnj59-1[0m stage [32mfrom-build-pack[0m and container [32mstep-credential-initializer-b9jpg[0m
{"level":"warn","ts":1582622202.0208933,"logger":"fallback-logger","caller":"logging/config.go:69","msg":"Fetch GitHub commit ID from kodata failed: \"ref: refs/heads/0.8.0-**-support-backwards-incompats\" is not a valid GitHub commit ID"}
{"level":"info","ts":1582622202.021689,"logger":"fallback-logger","caller":"creds-init/main.go:40","msg":"Credentials initialized."}

Showing logs for build [32msalaboy-environment-kubecon-pre-gnj59-1[0m stage [32mfrom-build-pack[0m and container [32mstep-working-dir-initializer-xft89[0m
{"level":"warn","ts":1582622202.4923208,"logger":"fallback-logger","caller":"logging/config.go:69","msg":"Fetch GitHub commit ID from kodata failed: open /var/run/ko/HEAD: no such file or directory"}
{"level":"info","ts":1582622202.5131302,"logger":"fallback-logger","caller":"bash/main.go:64","msg":"Successfully executed command \"sh -c mkdir -p /workspace/source\"; output "}

Showing logs for build [32msalaboy-environment-kubecon-pre-gnj59-1[0m stage [32mfrom-build-pack[0m and container [32mstep-place-tools[0m

Showing logs for build [32msalaboy-environment-kubecon-pre-gnj59-1[0m stage [32mfrom-build-pack[0m and container [32mstep-git-source-salaboy-environment-kubecon-pre-gnj59-ssb9x[0m
{"level":"warn","ts":1582622206.6188612,"logger":"fallback-logger","caller":"logging/config.go:69","msg":"Fetch GitHub commit ID from kodata failed: \"ref: refs/heads/0.8.0-**-support-backwards-incompats\" is not a valid GitHub commit ID"}
{"level":"info","ts":1582622208.154859,"logger":"fallback-logger","caller":"git/git.go:103","msg":"Successfully cloned https://github.com/*******/environment-kubecon-prep-staging.git @ master in path /workspace/source"}

Showing logs for build [32msalaboy-environment-kubecon-pre-gnj59-1[0m stage [32mfrom-build-pack[0m and container [32mstep-git-merge[0m
Using SHAs from PULL_REFS=master:d3e9cbd2ab26f5933a81b2b68d2b9b20b5f5ef8a,4:fe041969e5df82c74bcbc9cf1a0436d963274996
DEBUG: LC_ALL=C JX_LOG_LEVEL=error git fetch origin --unshallow fe041969e5df82c74bcbc9cf1a0436d963274996: d3e9cbd2ab26f5933a81b2b68d2b9b20b5f5ef8a:
DEBUG: ran git fetch --unshallow origin fe041969e5df82c74bcbc9cf1a0436d963274996: d3e9cbd2ab26f5933a81b2b68d2b9b20b5f5ef8a: in 
DEBUG: JX_LOG_LEVEL=error LC_ALL=C git branch
DEBUG: LC_ALL=C JX_LOG_LEVEL=error git checkout master
DEBUG: ran git checkout master in 
DEBUG: LC_ALL=C JX_LOG_LEVEL=error git reset --hard d3e9cbd2ab26f5933a81b2b68d2b9b20b5f5ef8a
DEBUG: ran git reset --hard d3e9cbd2ab26f5933a81b2b68d2b9b20b5f5ef8a in 
DEBUG: JX_LOG_LEVEL=error LC_ALL=C git clean -fd .
DEBUG: ran clean --force -d . in 
DEBUG: LC_ALL=C JX_LOG_LEVEL=error git merge fe041969e5df82c74bcbc9cf1a0436d963274996
DEBUG: ran git merge fe041969e5df82c74bcbc9cf1a0436d963274996 in 
DEBUG: LC_ALL=C JX_LOG_LEVEL=error git log --format=%H%x1f%an%x1f%ae%x1f%cn%x1f%ce%x1f%s%n%b%x1e d3e9cbd2ab26f5933a81b2b68d2b9b20b5f5ef8a..HEAD
Merged SHA fe041969e5df82c74bcbc9cf1a0436d963274996 with commit message 'chore: Promote fmtok8s-api-gateway to version 0.0.2' into base branch master

Showing logs for build [32msalaboy-environment-kubecon-pre-gnj59-1[0m stage [32mfrom-build-pack[0m and container [32mstep-build-helm-build[0m
WARNING: No $CHART_REPOSITORY defined so using the default value of: http://jenkins-x-chartmuseum:8080
Adding missing Helm repo: storage.googleapis.com https://storage.googleapis.com/chartmuseum.jenkins-x.io
Successfully added Helm repository storage.googleapis.com.
Adding missing Helm repo: jenkins-x-chartmuseum http://jenkins-x-chartmuseum:8080
Successfully added Helm repository jenkins-x-chartmuseum.
WARNING: No $CHART_REPOSITORY defined so using the default value of: http://jenkins-x-chartmuseum:8080
Adding missing Helm repo: chartmuseum.jenkins-x.io http://chartmuseum.jenkins-x.io
Successfully added Helm repository chartmuseum.jenkins-x.io.
