
Showing logs for build [32msalaboy-environment-kubecon-pre-55q77-1[0m stage [32mfrom-build-pack[0m and container [32mstep-credential-initializer-pbzvx[0m
{"level":"warn","ts":1583409489.8169231,"logger":"fallback-logger","caller":"logging/config.go:69","msg":"Fetch GitHub commit ID from kodata failed: \"ref: refs/heads/0.8.0-**-support-backwards-incompats\" is not a valid GitHub commit ID"}
{"level":"info","ts":1583409489.8175783,"logger":"fallback-logger","caller":"creds-init/main.go:40","msg":"Credentials initialized."}

Showing logs for build [32msalaboy-environment-kubecon-pre-55q77-1[0m stage [32mfrom-build-pack[0m and container [32mstep-working-dir-initializer-q282x[0m
{"level":"warn","ts":1583409490.1589818,"logger":"fallback-logger","caller":"logging/config.go:69","msg":"Fetch GitHub commit ID from kodata failed: open /var/run/ko/HEAD: no such file or directory"}
{"level":"info","ts":1583409490.1609719,"logger":"fallback-logger","caller":"bash/main.go:64","msg":"Successfully executed command \"sh -c mkdir -p /workspace/source\"; output "}

Showing logs for build [32msalaboy-environment-kubecon-pre-55q77-1[0m stage [32mfrom-build-pack[0m and container [32mstep-place-tools[0m

Showing logs for build [32msalaboy-environment-kubecon-pre-55q77-1[0m stage [32mfrom-build-pack[0m and container [32mstep-git-source-salaboy-environment-kubecon-pre-55q77-mbvt2[0m
{"level":"warn","ts":1583409518.2537234,"logger":"fallback-logger","caller":"logging/config.go:69","msg":"Fetch GitHub commit ID from kodata failed: \"ref: refs/heads/0.8.0-**-support-backwards-incompats\" is not a valid GitHub commit ID"}
{"level":"info","ts":1583409519.5171432,"logger":"fallback-logger","caller":"git/git.go:103","msg":"Successfully cloned https://github.com/*******/environment-kubecon-prep-staging.git @ master in path /workspace/source"}

Showing logs for build [32msalaboy-environment-kubecon-pre-55q77-1[0m stage [32mfrom-build-pack[0m and container [32mstep-git-merge[0m
Using SHAs from PULL_REFS=master:230498c6e3ad1f8097e202da8c6ab34acba52eb4,74:9faae4b8ed24c8ac7acd2ae4bc57424c9bc2f320
DEBUG: LC_ALL=C JX_LOG_LEVEL=error git fetch origin --unshallow 9faae4b8ed24c8ac7acd2ae4bc57424c9bc2f320: 230498c6e3ad1f8097e202da8c6ab34acba52eb4:
DEBUG: ran git fetch --unshallow origin 9faae4b8ed24c8ac7acd2ae4bc57424c9bc2f320: 230498c6e3ad1f8097e202da8c6ab34acba52eb4: in 
DEBUG: LC_ALL=C JX_LOG_LEVEL=error git branch
DEBUG: LC_ALL=C JX_LOG_LEVEL=error git checkout master
DEBUG: ran git checkout master in 
DEBUG: LC_ALL=C JX_LOG_LEVEL=error git reset --hard 230498c6e3ad1f8097e202da8c6ab34acba52eb4
DEBUG: ran git reset --hard 230498c6e3ad1f8097e202da8c6ab34acba52eb4 in 
DEBUG: LC_ALL=C JX_LOG_LEVEL=error git clean -fd .
DEBUG: ran clean --force -d . in 
DEBUG: LC_ALL=C JX_LOG_LEVEL=error git merge 9faae4b8ed24c8ac7acd2ae4bc57424c9bc2f320
DEBUG: ran git merge 9faae4b8ed24c8ac7acd2ae4bc57424c9bc2f320 in 
DEBUG: LC_ALL=C JX_LOG_LEVEL=error git log --format=%H%x1f%an%x1f%ae%x1f%cn%x1f%ce%x1f%s%n%b%x1e 230498c6e3ad1f8097e202da8c6ab34acba52eb4..HEAD
Merged SHA 9faae4b8ed24c8ac7acd2ae4bc57424c9bc2f320 with commit message 'chore: Promote fmtok8s-agenda to version 0.0.12' into base branch master

Showing logs for build [32msalaboy-environment-kubecon-pre-55q77-1[0m stage [32mfrom-build-pack[0m and container [32mstep-build-helm-build[0m
WARNING: No $CHART_REPOSITORY defined so using the default value of: http://jenkins-x-chartmuseum:8080
Adding missing Helm repo: storage.googleapis.com https://storage.googleapis.com/chartmuseum.jenkins-x.io
Successfully added Helm repository storage.googleapis.com.
Adding missing Helm repo: jenkins-x-chartmuseum http://jenkins-x-chartmuseum:8080
Successfully added Helm repository jenkins-x-chartmuseum.
WARNING: No $CHART_REPOSITORY defined so using the default value of: http://jenkins-x-chartmuseum:8080
Adding missing Helm repo: chartmuseum.jenkins-x.io http://chartmuseum.jenkins-x.io
Successfully added Helm repository chartmuseum.jenkins-x.io.
Adding missing Helm repo: helm.zeebe.io http://helm.zeebe.io
Successfully added Helm repository helm.zeebe.io.
