
Showing logs for build [32msalaboy-environment-kubecon-pre-s9mqg-1[0m stage [32mfrom-build-pack[0m and container [32mstep-credential-initializer-j6dtx[0m
{"level":"warn","ts":1583406852.4696417,"logger":"fallback-logger","caller":"logging/config.go:69","msg":"Fetch GitHub commit ID from kodata failed: \"ref: refs/heads/0.8.0-**-support-backwards-incompats\" is not a valid GitHub commit ID"}
{"level":"info","ts":1583406852.4705515,"logger":"fallback-logger","caller":"creds-init/main.go:40","msg":"Credentials initialized."}

Showing logs for build [32msalaboy-environment-kubecon-pre-s9mqg-1[0m stage [32mfrom-build-pack[0m and container [32mstep-working-dir-initializer-zpzbj[0m
{"level":"warn","ts":1583406853.7825582,"logger":"fallback-logger","caller":"logging/config.go:69","msg":"Fetch GitHub commit ID from kodata failed: open /var/run/ko/HEAD: no such file or directory"}
{"level":"info","ts":1583406853.784349,"logger":"fallback-logger","caller":"bash/main.go:64","msg":"Successfully executed command \"sh -c mkdir -p /workspace/source\"; output "}

Showing logs for build [32msalaboy-environment-kubecon-pre-s9mqg-1[0m stage [32mfrom-build-pack[0m and container [32mstep-place-tools[0m

Showing logs for build [32msalaboy-environment-kubecon-pre-s9mqg-1[0m stage [32mfrom-build-pack[0m and container [32mstep-git-source-salaboy-environment-kubecon-pre-s9mqg-758qh[0m
{"level":"warn","ts":1583406881.9367886,"logger":"fallback-logger","caller":"logging/config.go:69","msg":"Fetch GitHub commit ID from kodata failed: \"ref: refs/heads/0.8.0-**-support-backwards-incompats\" is not a valid GitHub commit ID"}
{"level":"info","ts":1583406883.2662919,"logger":"fallback-logger","caller":"git/git.go:103","msg":"Successfully cloned https://github.com/*******/environment-kubecon-prep-staging.git @ master in path /workspace/source"}

Showing logs for build [32msalaboy-environment-kubecon-pre-s9mqg-1[0m stage [32mfrom-build-pack[0m and container [32mstep-git-merge[0m
Using SHAs from PULL_REFS=master:20522084ab1928688e9ccaec6d46514e0cff5e73,73:7544953304e94f2152e0018d7eafb60ef7a871f3
DEBUG: LC_ALL=C JX_LOG_LEVEL=error git fetch origin --unshallow 7544953304e94f2152e0018d7eafb60ef7a871f3: 20522084ab1928688e9ccaec6d46514e0cff5e73:
DEBUG: ran git fetch --unshallow origin 7544953304e94f2152e0018d7eafb60ef7a871f3: 20522084ab1928688e9ccaec6d46514e0cff5e73: in 
DEBUG: LC_ALL=C JX_LOG_LEVEL=error git branch
DEBUG: LC_ALL=C JX_LOG_LEVEL=error git checkout master
DEBUG: ran git checkout master in 
DEBUG: LC_ALL=C JX_LOG_LEVEL=error git reset --hard 20522084ab1928688e9ccaec6d46514e0cff5e73
DEBUG: ran git reset --hard 20522084ab1928688e9ccaec6d46514e0cff5e73 in 
DEBUG: LC_ALL=C JX_LOG_LEVEL=error git clean -fd .
DEBUG: ran clean --force -d . in 
DEBUG: LC_ALL=C JX_LOG_LEVEL=error git merge 7544953304e94f2152e0018d7eafb60ef7a871f3
DEBUG: ran git merge 7544953304e94f2152e0018d7eafb60ef7a871f3 in 
DEBUG: LC_ALL=C JX_LOG_LEVEL=error git log --format=%H%x1f%an%x1f%ae%x1f%cn%x1f%ce%x1f%s%n%b%x1e 20522084ab1928688e9ccaec6d46514e0cff5e73..HEAD
Merged SHA 7544953304e94f2152e0018d7eafb60ef7a871f3 with commit message 'chore: Promote fmtok8s-c4p to version 0.0.25' into base branch master

Showing logs for build [32msalaboy-environment-kubecon-pre-s9mqg-1[0m stage [32mfrom-build-pack[0m and container [32mstep-build-helm-build[0m
WARNING: No $CHART_REPOSITORY defined so using the default value of: http://jenkins-x-chartmuseum:8080
Adding missing Helm repo: storage.googleapis.com https://storage.googleapis.com/chartmuseum.jenkins-x.io
Successfully added Helm repository storage.googleapis.com.
Adding missing Helm repo: jenkins-x-chartmuseum http://jenkins-x-chartmuseum:8080
Successfully added Helm repository jenkins-x-chartmuseum.
WARNING: No $CHART_REPOSITORY defined so using the default value of: http://jenkins-x-chartmuseum:8080
Adding missing Helm repo: chartmuseum.jenkins-x.io http://chartmuseum.jenkins-x.io
Successfully added Helm repository chartmuseum.jenkins-x.io.
Adding missing Helm repo: helm.zeebe.io http://helm.zeebe.io
Successfully added Helm repository helm.zeebe.io.
