
Showing logs for build [32msalaboy-environment-kubecon-pre-ftdfn-1[0m stage [32mfrom-build-pack[0m and container [32mstep-credential-initializer-sfv4w[0m
{"level":"warn","ts":1582890253.317695,"logger":"fallback-logger","caller":"logging/config.go:69","msg":"Fetch GitHub commit ID from kodata failed: \"ref: refs/heads/0.8.0-**-support-backwards-incompats\" is not a valid GitHub commit ID"}
{"level":"info","ts":1582890253.3190384,"logger":"fallback-logger","caller":"creds-init/main.go:40","msg":"Credentials initialized."}

Showing logs for build [32msalaboy-environment-kubecon-pre-ftdfn-1[0m stage [32mfrom-build-pack[0m and container [32mstep-working-dir-initializer-zwlxf[0m
{"level":"warn","ts":1582890254.2393682,"logger":"fallback-logger","caller":"logging/config.go:69","msg":"Fetch GitHub commit ID from kodata failed: open /var/run/ko/HEAD: no such file or directory"}
{"level":"info","ts":1582890254.257656,"logger":"fallback-logger","caller":"bash/main.go:64","msg":"Successfully executed command \"sh -c mkdir -p /workspace/source\"; output "}

Showing logs for build [32msalaboy-environment-kubecon-pre-ftdfn-1[0m stage [32mfrom-build-pack[0m and container [32mstep-place-tools[0m

Showing logs for build [32msalaboy-environment-kubecon-pre-ftdfn-1[0m stage [32mfrom-build-pack[0m and container [32mstep-git-source-salaboy-environment-kubecon-pre-ftdfn-vq77c[0m
{"level":"warn","ts":1582890258.3173506,"logger":"fallback-logger","caller":"logging/config.go:69","msg":"Fetch GitHub commit ID from kodata failed: \"ref: refs/heads/0.8.0-**-support-backwards-incompats\" is not a valid GitHub commit ID"}
{"level":"info","ts":1582890259.7347567,"logger":"fallback-logger","caller":"git/git.go:103","msg":"Successfully cloned https://github.com/*******/environment-kubecon-prep-staging.git @ master in path /workspace/source"}

Showing logs for build [32msalaboy-environment-kubecon-pre-ftdfn-1[0m stage [32mfrom-build-pack[0m and container [32mstep-git-merge[0m
Using SHAs from PULL_REFS=master:c8616465d99c2ec2c5ad6869abb54d357bddd112,34:e90a9ee6c5475b49af699e4e751ff2b653e12719
DEBUG: LC_ALL=C JX_LOG_LEVEL=error git fetch origin --unshallow e90a9ee6c5475b49af699e4e751ff2b653e12719: c8616465d99c2ec2c5ad6869abb54d357bddd112:
DEBUG: ran git fetch --unshallow origin e90a9ee6c5475b49af699e4e751ff2b653e12719: c8616465d99c2ec2c5ad6869abb54d357bddd112: in 
DEBUG: LC_ALL=C JX_LOG_LEVEL=error git branch
DEBUG: LC_ALL=C JX_LOG_LEVEL=error git checkout master
DEBUG: ran git checkout master in 
DEBUG: LC_ALL=C JX_LOG_LEVEL=error git reset --hard c8616465d99c2ec2c5ad6869abb54d357bddd112
DEBUG: ran git reset --hard c8616465d99c2ec2c5ad6869abb54d357bddd112 in 
DEBUG: JX_LOG_LEVEL=error LC_ALL=C git clean -fd .
DEBUG: ran clean --force -d . in 
DEBUG: LC_ALL=C JX_LOG_LEVEL=error git merge e90a9ee6c5475b49af699e4e751ff2b653e12719
DEBUG: ran git merge e90a9ee6c5475b49af699e4e751ff2b653e12719 in 
DEBUG: JX_LOG_LEVEL=error LC_ALL=C git log --format=%H%x1f%an%x1f%ae%x1f%cn%x1f%ce%x1f%s%n%b%x1e c8616465d99c2ec2c5ad6869abb54d357bddd112..HEAD
Merged SHA e90a9ee6c5475b49af699e4e751ff2b653e12719 with commit message 'chore: Promote fmtok8s-c4p to version 0.0.13' into base branch master

Showing logs for build [32msalaboy-environment-kubecon-pre-ftdfn-1[0m stage [32mfrom-build-pack[0m and container [32mstep-build-helm-build[0m
WARNING: No $CHART_REPOSITORY defined so using the default value of: http://jenkins-x-chartmuseum:8080
Adding missing Helm repo: storage.googleapis.com https://storage.googleapis.com/chartmuseum.jenkins-x.io
Successfully added Helm repository storage.googleapis.com.
Adding missing Helm repo: jenkins-x-chartmuseum http://jenkins-x-chartmuseum:8080
Successfully added Helm repository jenkins-x-chartmuseum.
WARNING: No $CHART_REPOSITORY defined so using the default value of: http://jenkins-x-chartmuseum:8080
Adding missing Helm repo: chartmuseum.jenkins-x.io http://chartmuseum.jenkins-x.io
Successfully added Helm repository chartmuseum.jenkins-x.io.
