
Showing logs for build [32msalaboy-environment-kubecon-pre-ftd2q-1[0m stage [32mfrom-build-pack[0m and container [32mstep-credential-initializer-8l5fv[0m
{"level":"warn","ts":1582625014.89709,"logger":"fallback-logger","caller":"logging/config.go:69","msg":"Fetch GitHub commit ID from kodata failed: \"ref: refs/heads/0.8.0-**-support-backwards-incompats\" is not a valid GitHub commit ID"}
{"level":"info","ts":1582625014.897675,"logger":"fallback-logger","caller":"creds-init/main.go:40","msg":"Credentials initialized."}

Showing logs for build [32msalaboy-environment-kubecon-pre-ftd2q-1[0m stage [32mfrom-build-pack[0m and container [32mstep-working-dir-initializer-c5dpt[0m
{"level":"warn","ts":1582625015.9310575,"logger":"fallback-logger","caller":"logging/config.go:69","msg":"Fetch GitHub commit ID from kodata failed: open /var/run/ko/HEAD: no such file or directory"}
{"level":"info","ts":1582625015.9329004,"logger":"fallback-logger","caller":"bash/main.go:64","msg":"Successfully executed command \"sh -c mkdir -p /workspace/source\"; output "}

Showing logs for build [32msalaboy-environment-kubecon-pre-ftd2q-1[0m stage [32mfrom-build-pack[0m and container [32mstep-place-tools[0m

Showing logs for build [32msalaboy-environment-kubecon-pre-ftd2q-1[0m stage [32mfrom-build-pack[0m and container [32mstep-git-source-salaboy-environment-kubecon-pre-ftd2q-rvwps[0m
{"level":"warn","ts":1582625020.1723738,"logger":"fallback-logger","caller":"logging/config.go:69","msg":"Fetch GitHub commit ID from kodata failed: \"ref: refs/heads/0.8.0-**-support-backwards-incompats\" is not a valid GitHub commit ID"}
{"level":"info","ts":1582625021.6010253,"logger":"fallback-logger","caller":"git/git.go:103","msg":"Successfully cloned https://github.com/*******/environment-kubecon-prep-staging.git @ master in path /workspace/source"}

Showing logs for build [32msalaboy-environment-kubecon-pre-ftd2q-1[0m stage [32mfrom-build-pack[0m and container [32mstep-git-merge[0m
Using SHAs from PULL_REFS=master:ee6703baff00645fd1788c6aca55f6a769d38b53,7:281d7abfefd396f4f12362a7bf40cbc5ba6d014f
DEBUG: JX_LOG_LEVEL=error LC_ALL=C git fetch origin --unshallow 281d7abfefd396f4f12362a7bf40cbc5ba6d014f: ee6703baff00645fd1788c6aca55f6a769d38b53:
DEBUG: ran git fetch --unshallow origin 281d7abfefd396f4f12362a7bf40cbc5ba6d014f: ee6703baff00645fd1788c6aca55f6a769d38b53: in 
DEBUG: LC_ALL=C JX_LOG_LEVEL=error git branch
DEBUG: LC_ALL=C JX_LOG_LEVEL=error git checkout master
DEBUG: ran git checkout master in 
DEBUG: LC_ALL=C JX_LOG_LEVEL=error git reset --hard ee6703baff00645fd1788c6aca55f6a769d38b53
DEBUG: ran git reset --hard ee6703baff00645fd1788c6aca55f6a769d38b53 in 
DEBUG: JX_LOG_LEVEL=error LC_ALL=C git clean -fd .
DEBUG: ran clean --force -d . in 
DEBUG: LC_ALL=C JX_LOG_LEVEL=error git merge 281d7abfefd396f4f12362a7bf40cbc5ba6d014f
DEBUG: ran git merge 281d7abfefd396f4f12362a7bf40cbc5ba6d014f in 
DEBUG: LC_ALL=C JX_LOG_LEVEL=error git log --format=%H%x1f%an%x1f%ae%x1f%cn%x1f%ce%x1f%s%n%b%x1e ee6703baff00645fd1788c6aca55f6a769d38b53..HEAD
Merged SHA 281d7abfefd396f4f12362a7bf40cbc5ba6d014f with commit message 'chore: Promote fmtok8s-api-gateway to version 0.0.5' into base branch master

Showing logs for build [32msalaboy-environment-kubecon-pre-ftd2q-1[0m stage [32mfrom-build-pack[0m and container [32mstep-build-helm-build[0m
WARNING: No $CHART_REPOSITORY defined so using the default value of: http://jenkins-x-chartmuseum:8080
Adding missing Helm repo: storage.googleapis.com https://storage.googleapis.com/chartmuseum.jenkins-x.io
Successfully added Helm repository storage.googleapis.com.
Adding missing Helm repo: jenkins-x-chartmuseum http://jenkins-x-chartmuseum:8080
Successfully added Helm repository jenkins-x-chartmuseum.
WARNING: No $CHART_REPOSITORY defined so using the default value of: http://jenkins-x-chartmuseum:8080
Adding missing Helm repo: chartmuseum.jenkins-x.io http://chartmuseum.jenkins-x.io
Successfully added Helm repository chartmuseum.jenkins-x.io.
