
Showing logs for build [32msalaboy-environment-kubecon-pre-p9bqh-1[0m stage [32mfrom-build-pack[0m and container [32mstep-credential-initializer-4zfcn[0m
{"level":"warn","ts":1582800544.0227697,"logger":"fallback-logger","caller":"logging/config.go:69","msg":"Fetch GitHub commit ID from kodata failed: \"ref: refs/heads/0.8.0-**-support-backwards-incompats\" is not a valid GitHub commit ID"}
{"level":"info","ts":1582800544.0236735,"logger":"fallback-logger","caller":"creds-init/main.go:40","msg":"Credentials initialized."}

Showing logs for build [32msalaboy-environment-kubecon-pre-p9bqh-1[0m stage [32mfrom-build-pack[0m and container [32mstep-working-dir-initializer-n7hw6[0m
{"level":"warn","ts":1582800544.9539936,"logger":"fallback-logger","caller":"logging/config.go:69","msg":"Fetch GitHub commit ID from kodata failed: open /var/run/ko/HEAD: no such file or directory"}
{"level":"info","ts":1582800544.9554744,"logger":"fallback-logger","caller":"bash/main.go:64","msg":"Successfully executed command \"sh -c mkdir -p /workspace/source\"; output "}

Showing logs for build [32msalaboy-environment-kubecon-pre-p9bqh-1[0m stage [32mfrom-build-pack[0m and container [32mstep-place-tools[0m

Showing logs for build [32msalaboy-environment-kubecon-pre-p9bqh-1[0m stage [32mfrom-build-pack[0m and container [32mstep-git-source-salaboy-environment-kubecon-pre-p9bqh-tjhpj[0m
{"level":"warn","ts":1582800548.0870483,"logger":"fallback-logger","caller":"logging/config.go:69","msg":"Fetch GitHub commit ID from kodata failed: \"ref: refs/heads/0.8.0-**-support-backwards-incompats\" is not a valid GitHub commit ID"}
{"level":"info","ts":1582800549.2215457,"logger":"fallback-logger","caller":"git/git.go:103","msg":"Successfully cloned https://github.com/*******/environment-kubecon-prep-staging.git @ master in path /workspace/source"}

Showing logs for build [32msalaboy-environment-kubecon-pre-p9bqh-1[0m stage [32mfrom-build-pack[0m and container [32mstep-git-merge[0m
Using SHAs from PULL_REFS=master:d891e35f576ceac4da111b7cd501af024c843611,21:7f23cff3449a5067b7efea044ec9c2e47e8fd42b
DEBUG: LC_ALL=C JX_LOG_LEVEL=error git fetch origin --unshallow 7f23cff3449a5067b7efea044ec9c2e47e8fd42b: d891e35f576ceac4da111b7cd501af024c843611:
DEBUG: ran git fetch --unshallow origin 7f23cff3449a5067b7efea044ec9c2e47e8fd42b: d891e35f576ceac4da111b7cd501af024c843611: in 
DEBUG: LC_ALL=C JX_LOG_LEVEL=error git branch
DEBUG: LC_ALL=C JX_LOG_LEVEL=error git checkout master
DEBUG: ran git checkout master in 
DEBUG: LC_ALL=C JX_LOG_LEVEL=error git reset --hard d891e35f576ceac4da111b7cd501af024c843611
DEBUG: ran git reset --hard d891e35f576ceac4da111b7cd501af024c843611 in 
DEBUG: LC_ALL=C JX_LOG_LEVEL=error git clean -fd .
DEBUG: ran clean --force -d . in 
DEBUG: LC_ALL=C JX_LOG_LEVEL=error git merge 7f23cff3449a5067b7efea044ec9c2e47e8fd42b
DEBUG: ran git merge 7f23cff3449a5067b7efea044ec9c2e47e8fd42b in 
DEBUG: LC_ALL=C JX_LOG_LEVEL=error git log --format=%H%x1f%an%x1f%ae%x1f%cn%x1f%ce%x1f%s%n%b%x1e d891e35f576ceac4da111b7cd501af024c843611..HEAD
Merged SHA 7f23cff3449a5067b7efea044ec9c2e47e8fd42b with commit message 'chore: Promote fmtok8s-agenda to version 0.0.2' into base branch master

Showing logs for build [32msalaboy-environment-kubecon-pre-p9bqh-1[0m stage [32mfrom-build-pack[0m and container [32mstep-build-helm-build[0m
WARNING: No $CHART_REPOSITORY defined so using the default value of: http://jenkins-x-chartmuseum:8080
Adding missing Helm repo: storage.googleapis.com https://storage.googleapis.com/chartmuseum.jenkins-x.io
Successfully added Helm repository storage.googleapis.com.
Adding missing Helm repo: jenkins-x-chartmuseum http://jenkins-x-chartmuseum:8080
Successfully added Helm repository jenkins-x-chartmuseum.
WARNING: No $CHART_REPOSITORY defined so using the default value of: http://jenkins-x-chartmuseum:8080
Adding missing Helm repo: chartmuseum.jenkins-x.io http://chartmuseum.jenkins-x.io
Successfully added Helm repository chartmuseum.jenkins-x.io.
