
Showing logs for build [32msalaboy-environment-kubecon-pre-dkcbx-1[0m stage [32mfrom-build-pack[0m and container [32mstep-credential-initializer-fhh6j[0m
{"level":"warn","ts":1583021487.095307,"logger":"fallback-logger","caller":"logging/config.go:69","msg":"Fetch GitHub commit ID from kodata failed: \"ref: refs/heads/0.8.0-**-support-backwards-incompats\" is not a valid GitHub commit ID"}
{"level":"info","ts":1583021487.0957308,"logger":"fallback-logger","caller":"creds-init/main.go:40","msg":"Credentials initialized."}

Showing logs for build [32msalaboy-environment-kubecon-pre-dkcbx-1[0m stage [32mfrom-build-pack[0m and container [32mstep-working-dir-initializer-zzwk8[0m
{"level":"warn","ts":1583021488.0356436,"logger":"fallback-logger","caller":"logging/config.go:69","msg":"Fetch GitHub commit ID from kodata failed: open /var/run/ko/HEAD: no such file or directory"}
{"level":"info","ts":1583021488.0601165,"logger":"fallback-logger","caller":"bash/main.go:64","msg":"Successfully executed command \"sh -c mkdir -p /workspace/source\"; output "}

Showing logs for build [32msalaboy-environment-kubecon-pre-dkcbx-1[0m stage [32mfrom-build-pack[0m and container [32mstep-place-tools[0m

Showing logs for build [32msalaboy-environment-kubecon-pre-dkcbx-1[0m stage [32mfrom-build-pack[0m and container [32mstep-git-source-salaboy-environment-kubecon-pre-dkcbx-mnknm[0m
{"level":"warn","ts":1583021492.1773944,"logger":"fallback-logger","caller":"logging/config.go:69","msg":"Fetch GitHub commit ID from kodata failed: \"ref: refs/heads/0.8.0-**-support-backwards-incompats\" is not a valid GitHub commit ID"}
{"level":"info","ts":1583021493.6132784,"logger":"fallback-logger","caller":"git/git.go:103","msg":"Successfully cloned https://github.com/*******/environment-kubecon-prep-staging.git @ master in path /workspace/source"}

Showing logs for build [32msalaboy-environment-kubecon-pre-dkcbx-1[0m stage [32mfrom-build-pack[0m and container [32mstep-git-merge[0m
Using SHAs from PULL_REFS=master:544a64a15670065b3ba211d3f23515d1f87a7bd8,47:1403846ed64eafdad97ebe878eb3ad88543cea48
DEBUG: LC_ALL=C JX_LOG_LEVEL=error git fetch origin --unshallow 1403846ed64eafdad97ebe878eb3ad88543cea48: 544a64a15670065b3ba211d3f23515d1f87a7bd8:
DEBUG: LC_ALL=C JX_LOG_LEVEL=error git fetch origin 1403846ed64eafdad97ebe878eb3ad88543cea48: 544a64a15670065b3ba211d3f23515d1f87a7bd8:
DEBUG: ran git fetch origin 1403846ed64eafdad97ebe878eb3ad88543cea48: 544a64a15670065b3ba211d3f23515d1f87a7bd8: in 
DEBUG: JX_LOG_LEVEL=error LC_ALL=C git rev-parse --is-shallow-repository
DEBUG: Unshallowed git repo in 
DEBUG: LC_ALL=C JX_LOG_LEVEL=error git branch
DEBUG: JX_LOG_LEVEL=error LC_ALL=C git checkout master
DEBUG: ran git checkout master in 
DEBUG: LC_ALL=C JX_LOG_LEVEL=error git reset --hard 544a64a15670065b3ba211d3f23515d1f87a7bd8
DEBUG: ran git reset --hard 544a64a15670065b3ba211d3f23515d1f87a7bd8 in 
DEBUG: LC_ALL=C JX_LOG_LEVEL=error git clean -fd .
DEBUG: ran clean --force -d . in 
DEBUG: LC_ALL=C JX_LOG_LEVEL=error git merge 1403846ed64eafdad97ebe878eb3ad88543cea48
DEBUG: ran git merge 1403846ed64eafdad97ebe878eb3ad88543cea48 in 
DEBUG: LC_ALL=C JX_LOG_LEVEL=error git log --format=%H%x1f%an%x1f%ae%x1f%cn%x1f%ce%x1f%s%n%b%x1e 544a64a15670065b3ba211d3f23515d1f87a7bd8..HEAD
Merged SHA 1403846ed64eafdad97ebe878eb3ad88543cea48 with commit message 'chore: Promote fmtok8s-agenda to version 0.0.3' into base branch master

Showing logs for build [32msalaboy-environment-kubecon-pre-dkcbx-1[0m stage [32mfrom-build-pack[0m and container [32mstep-build-helm-build[0m
WARNING: No $CHART_REPOSITORY defined so using the default value of: http://jenkins-x-chartmuseum:8080
Adding missing Helm repo: storage.googleapis.com https://storage.googleapis.com/chartmuseum.jenkins-x.io
Successfully added Helm repository storage.googleapis.com.
Adding missing Helm repo: jenkins-x-chartmuseum http://jenkins-x-chartmuseum:8080
Successfully added Helm repository jenkins-x-chartmuseum.
WARNING: No $CHART_REPOSITORY defined so using the default value of: http://jenkins-x-chartmuseum:8080
Adding missing Helm repo: chartmuseum.jenkins-x.io http://chartmuseum.jenkins-x.io
Successfully added Helm repository chartmuseum.jenkins-x.io.
