
Showing logs for build [32msalaboy-environment-kubecon-pre-m8sf7-1[0m stage [32mfrom-build-pack[0m and container [32mstep-credential-initializer-shzv6[0m
{"level":"warn","ts":1583405617.9576287,"logger":"fallback-logger","caller":"logging/config.go:69","msg":"Fetch GitHub commit ID from kodata failed: \"ref: refs/heads/0.8.0-**-support-backwards-incompats\" is not a valid GitHub commit ID"}
{"level":"info","ts":1583405617.9583607,"logger":"fallback-logger","caller":"creds-init/main.go:40","msg":"Credentials initialized."}

Showing logs for build [32msalaboy-environment-kubecon-pre-m8sf7-1[0m stage [32mfrom-build-pack[0m and container [32mstep-working-dir-initializer-q784k[0m
{"level":"warn","ts":1583405618.963132,"logger":"fallback-logger","caller":"logging/config.go:69","msg":"Fetch GitHub commit ID from kodata failed: open /var/run/ko/HEAD: no such file or directory"}
{"level":"info","ts":1583405618.9645054,"logger":"fallback-logger","caller":"bash/main.go:64","msg":"Successfully executed command \"sh -c mkdir -p /workspace/source\"; output "}

Showing logs for build [32msalaboy-environment-kubecon-pre-m8sf7-1[0m stage [32mfrom-build-pack[0m and container [32mstep-place-tools[0m

Showing logs for build [32msalaboy-environment-kubecon-pre-m8sf7-1[0m stage [32mfrom-build-pack[0m and container [32mstep-git-source-salaboy-environment-kubecon-pre-m8sf7-psl7v[0m
{"level":"warn","ts":1583405623.02961,"logger":"fallback-logger","caller":"logging/config.go:69","msg":"Fetch GitHub commit ID from kodata failed: \"ref: refs/heads/0.8.0-**-support-backwards-incompats\" is not a valid GitHub commit ID"}
{"level":"info","ts":1583405624.3102863,"logger":"fallback-logger","caller":"git/git.go:103","msg":"Successfully cloned https://github.com/*******/environment-kubecon-prep-staging.git @ master in path /workspace/source"}

Showing logs for build [32msalaboy-environment-kubecon-pre-m8sf7-1[0m stage [32mfrom-build-pack[0m and container [32mstep-git-merge[0m
Using SHAs from PULL_REFS=master:bf5baf01ce27bac6d3562fc9fd8f54859bfb49e9,72:36616fa9b78894043420683ef1f153eeb18fcb14
DEBUG: LC_ALL=C JX_LOG_LEVEL=error git fetch origin --unshallow 36616fa9b78894043420683ef1f153eeb18fcb14: bf5baf01ce27bac6d3562fc9fd8f54859bfb49e9:
DEBUG: ran git fetch --unshallow origin 36616fa9b78894043420683ef1f153eeb18fcb14: bf5baf01ce27bac6d3562fc9fd8f54859bfb49e9: in 
DEBUG: LC_ALL=C JX_LOG_LEVEL=error git branch
DEBUG: LC_ALL=C JX_LOG_LEVEL=error git checkout master
DEBUG: ran git checkout master in 
DEBUG: LC_ALL=C JX_LOG_LEVEL=error git reset --hard bf5baf01ce27bac6d3562fc9fd8f54859bfb49e9
DEBUG: ran git reset --hard bf5baf01ce27bac6d3562fc9fd8f54859bfb49e9 in 
DEBUG: LC_ALL=C JX_LOG_LEVEL=error git clean -fd .
DEBUG: ran clean --force -d . in 
DEBUG: LC_ALL=C JX_LOG_LEVEL=error git merge 36616fa9b78894043420683ef1f153eeb18fcb14
DEBUG: ran git merge 36616fa9b78894043420683ef1f153eeb18fcb14 in 
DEBUG: LC_ALL=C JX_LOG_LEVEL=error git log --format=%H%x1f%an%x1f%ae%x1f%cn%x1f%ce%x1f%s%n%b%x1e bf5baf01ce27bac6d3562fc9fd8f54859bfb49e9..HEAD
Merged SHA 36616fa9b78894043420683ef1f153eeb18fcb14 with commit message 'chore: Promote fmtok8s-c4p to version 0.0.24' into base branch master

Showing logs for build [32msalaboy-environment-kubecon-pre-m8sf7-1[0m stage [32mfrom-build-pack[0m and container [32mstep-build-helm-build[0m
WARNING: No $CHART_REPOSITORY defined so using the default value of: http://jenkins-x-chartmuseum:8080
Adding missing Helm repo: storage.googleapis.com https://storage.googleapis.com/chartmuseum.jenkins-x.io
Successfully added Helm repository storage.googleapis.com.
Adding missing Helm repo: jenkins-x-chartmuseum http://jenkins-x-chartmuseum:8080
Successfully added Helm repository jenkins-x-chartmuseum.
WARNING: No $CHART_REPOSITORY defined so using the default value of: http://jenkins-x-chartmuseum:8080
Adding missing Helm repo: chartmuseum.jenkins-x.io http://chartmuseum.jenkins-x.io
Successfully added Helm repository chartmuseum.jenkins-x.io.
Adding missing Helm repo: helm.zeebe.io http://helm.zeebe.io
Successfully added Helm repository helm.zeebe.io.
