
Showing logs for build [32msalaboy-environment-kubecon-pre-kdsxv-1[0m stage [32mfrom-build-pack[0m and container [32mstep-credential-initializer-p48n6[0m
{"level":"warn","ts":1582887785.7940574,"logger":"fallback-logger","caller":"logging/config.go:69","msg":"Fetch GitHub commit ID from kodata failed: \"ref: refs/heads/0.8.0-**-support-backwards-incompats\" is not a valid GitHub commit ID"}
{"level":"info","ts":1582887785.794971,"logger":"fallback-logger","caller":"creds-init/main.go:40","msg":"Credentials initialized."}

Showing logs for build [32msalaboy-environment-kubecon-pre-kdsxv-1[0m stage [32mfrom-build-pack[0m and container [32mstep-working-dir-initializer-bz7jv[0m
{"level":"warn","ts":1582887786.3358111,"logger":"fallback-logger","caller":"logging/config.go:69","msg":"Fetch GitHub commit ID from kodata failed: open /var/run/ko/HEAD: no such file or directory"}
{"level":"info","ts":1582887786.3374853,"logger":"fallback-logger","caller":"bash/main.go:64","msg":"Successfully executed command \"sh -c mkdir -p /workspace/source\"; output "}

Showing logs for build [32msalaboy-environment-kubecon-pre-kdsxv-1[0m stage [32mfrom-build-pack[0m and container [32mstep-place-tools[0m

Showing logs for build [32msalaboy-environment-kubecon-pre-kdsxv-1[0m stage [32mfrom-build-pack[0m and container [32mstep-git-source-salaboy-environment-kubecon-pre-kdsxv-9glcm[0m
{"level":"warn","ts":1582887789.4018426,"logger":"fallback-logger","caller":"logging/config.go:69","msg":"Fetch GitHub commit ID from kodata failed: \"ref: refs/heads/0.8.0-**-support-backwards-incompats\" is not a valid GitHub commit ID"}
{"level":"info","ts":1582887790.5546353,"logger":"fallback-logger","caller":"git/git.go:103","msg":"Successfully cloned https://github.com/*******/environment-kubecon-prep-staging.git @ master in path /workspace/source"}

Showing logs for build [32msalaboy-environment-kubecon-pre-kdsxv-1[0m stage [32mfrom-build-pack[0m and container [32mstep-git-merge[0m
Using SHAs from PULL_REFS=master:585248c88688655d43afedeb731f6188bb8c5ed3,33:f41c7b8699e5222a39771254725c3a3dafe8534d
DEBUG: LC_ALL=C JX_LOG_LEVEL=error git fetch origin --unshallow f41c7b8699e5222a39771254725c3a3dafe8534d: 585248c88688655d43afedeb731f6188bb8c5ed3:
DEBUG: ran git fetch --unshallow origin f41c7b8699e5222a39771254725c3a3dafe8534d: 585248c88688655d43afedeb731f6188bb8c5ed3: in 
DEBUG: LC_ALL=C JX_LOG_LEVEL=error git branch
DEBUG: LC_ALL=C JX_LOG_LEVEL=error git checkout master
DEBUG: ran git checkout master in 
DEBUG: LC_ALL=C JX_LOG_LEVEL=error git reset --hard 585248c88688655d43afedeb731f6188bb8c5ed3
DEBUG: ran git reset --hard 585248c88688655d43afedeb731f6188bb8c5ed3 in 
DEBUG: LC_ALL=C JX_LOG_LEVEL=error git clean -fd .
DEBUG: ran clean --force -d . in 
DEBUG: LC_ALL=C JX_LOG_LEVEL=error git merge f41c7b8699e5222a39771254725c3a3dafe8534d
DEBUG: ran git merge f41c7b8699e5222a39771254725c3a3dafe8534d in 
DEBUG: JX_LOG_LEVEL=error LC_ALL=C git log --format=%H%x1f%an%x1f%ae%x1f%cn%x1f%ce%x1f%s%n%b%x1e 585248c88688655d43afedeb731f6188bb8c5ed3..HEAD
Merged SHA f41c7b8699e5222a39771254725c3a3dafe8534d with commit message 'chore: Promote fmtok8s-api-gateway to version 0.0.16' into base branch master

Showing logs for build [32msalaboy-environment-kubecon-pre-kdsxv-1[0m stage [32mfrom-build-pack[0m and container [32mstep-build-helm-build[0m
WARNING: No $CHART_REPOSITORY defined so using the default value of: http://jenkins-x-chartmuseum:8080
Adding missing Helm repo: storage.googleapis.com https://storage.googleapis.com/chartmuseum.jenkins-x.io
Successfully added Helm repository storage.googleapis.com.
Adding missing Helm repo: jenkins-x-chartmuseum http://jenkins-x-chartmuseum:8080
Successfully added Helm repository jenkins-x-chartmuseum.
WARNING: No $CHART_REPOSITORY defined so using the default value of: http://jenkins-x-chartmuseum:8080
Adding missing Helm repo: chartmuseum.jenkins-x.io http://chartmuseum.jenkins-x.io
Successfully added Helm repository chartmuseum.jenkins-x.io.
